SYS: ----------------------------
SYS: Crazyflie 2.1 is up and running!
SYS: Build 36:439ad71e9db6 (2025.02 +36) CLEAN
SYS: I am 0x373732373433510D003B0047 and I have 1024KB of flash!
CFGBLK: v1, verification [OK]
DECK_CORE: 1 deck(s) found
DECK_CORE: Calling INIT on driver bcFlow2 for deck 0
ZR2: Z-down sensor [OK]
PMW: Motion chip id: 0x49:0xB6
IMU: BMI088: Using I2C interface.
IMU: BMI088 Gyro connection [OK].
IMU: BMI088 Accel connection [OK]
IMU: BMP388 I2C connection [OK]
ESTIMATOR: Using Kalman (2) estimator
CONTROLLER: Controller type forced
BackpropTools controller init! Checkpoint: rsl_rl_policy
CONTROLLER: Using OutOfTree (6) controller
MTR-DRV: Using brushed motor driver
SYS: About to run tests in system.c.
SYS: NRF51 version: 2025.02 (CF21)
EEPROM: I2C connection [OK].
STORAGE: Storage check [OK].
IMU: BMI088 gyro self-test [OK]
BackpropTools controller test, abs diff: 0.0
BackpropTools controller: Test action 0: 0.0
BackpropTools controller: Test action 1: 0.0
BackpropTools controller: Test action 2: 0.0
BackpropTools controller: Test action 3: 0.0
DECK_CORE: Deck 0 test [OK].
SYS: Self test passed!
STAB: Wait for sensor calibration...
SYS: Free heap: 15056 bytes
STAB: Starting stabilizer loop
ESTKALMAN: State out of bounds, resetting
PX4RL: state: 0.0,0.0,-0.500000,1.0,0.0,0.0,0.0,1.0,0.0,0.0,0.0,1.0,0.0,0.0,-2.0,0.005511,0.001219,0.000531
PX4RL: STAI network run took 873 us
Learned Controller is behind schedule: 12660856us/2000us
actions: 0.947251,0.888644,0.723724,-0.164428
actions: 0.951194,-0.948188,0.912709,0.794895
PX4RL: state: 0.000891,-0.001765,0.010643,1.0,0.000179,0.000122,-0.000179,1.0,-0.000021,-0.000122,0.000020,1.0,0.009096,-0.017404,-0.022160,-0.001169,-0.001366,-0.004075
actions: 0.883718,-0.470985,0.169018,0.006003
actions: 0.710050,-0.872929,0.476039,0.174458
PX4RL: state: 0.003657,-0.007064,0.011760,0.999999,0.000334,0.000268,-0.000334,0.999999,-0.000060,-0.000268,0.000060,0.999999,0.018849,-0.035523,-0.001667,0.002992,-0.000188,-0.000811
actions: 0.775265,-0.461212,0.703142,0.412464
actions: 0.665723,-0.937047,0.694670,0.417111
PX4RL: state: 0.008422,-0.016000,0.012392,0.999999,0.000418,0.000381,-0.000418,0.999999,-0.000085,-0.000381,0.000085,0.999999,0.028762,-0.053499,-0.004772,-0.004629,0.005094,-0.000809
actions: 0.951394,-0.654664,0.840298,0.528182
actions: 0.770655,-0.859120,0.412073,-0.019687
PX4RL: state: 0.015262,-0.028643,0.011430,0.999999,0.000517,0.000580,-0.000517,0.999999,0.000061,-0.000580,-0.000061,0.999999,0.038819,-0.072170,-0.005594,0.001060,0.001271,0.000006
actions: 0.604779,-0.852249,0.602072,-0.205850
actions: 0.905296,-0.308160,0.825166,0.128281
PX4RL: state: 0.024068,-0.044946,0.012307,0.999999,0.000566,0.000602,-0.000566,0.999999,0.000112,-0.000602,-0.000112,0.999999,0.049409,-0.090550,-0.002177,-0.003101,0.006342,-0.004083
actions: 0.662089,-0.920683,0.384566,0.282653
actions: 0.813709,-0.380549,0.795785,0.330004
PX4RL: state: 0.034810,-0.064763,0.012715,0.999999,0.000714,0.000630,-0.000714,0.999999,-0.000055,-0.000630,0.000055,0.999999,0.059302,-0.108583,-0.000199,-0.001656,0.008588,0.002363
actions: 0.757040,-0.571867,0.640360,0.043420
actions: 0.698029,-0.800771,0.794936,-0.114021
PX4RL: state: 0.047759,-0.088557,0.011955,0.999999,0.000795,0.000716,-0.000795,0.999999,0.000106,-0.000716,-0.000107,0.999999,0.069238,-0.127824,-0.001011,-0.000359,0.000111,0.001449
actions: 0.766334,-0.874317,0.609969,0.227662
actions: 0.594680,-0.797902,0.614826,0.620826
PX4RL: state: 0.062683,-0.115734,0.013433,0.999999,0.000878,0.000795,-0.000879,0.999999,0.000111,-0.000795,-0.000111,0.999999,0.081421,-0.146343,0.002959,-0.002173,-0.001703,-0.001718
actions: 0.873988,-0.611692,0.274360,-0.163144
actions: 0.828817,-0.780589,0.798171,0.120469
PX4RL: state: 0.080573,-0.147621,0.012955,0.999999,0.000983,0.000816,-0.000983,0.999999,0.000259,-0.000816,-0.000259,0.999999,0.092911,-0.164923,-0.003365,0.000482,-0.003882,-0.001434
actions: 0.861496,-0.910936,0.182171,0.349031
STAB: WARNING: stabilizer loop rate is off (994)
actions: 0.765620,-0.936814,0.013017,0.484770
PX4RL: state: 0.100197,-0.182575,0.012330,0.999999,0.001099,0.000896,-0.001099,0.999999,0.000211,-0.000896,-0.000212,0.999999,0.102301,-0.183376,-0.003477,0.001052,0.001377,-0.001996
PX4RL: STAI network run took 828 us
actions: 0.706132,-0.925792,0.647024,0.411562
actions: 0.847359,-0.647318,0.592910,0.151034
PX4RL: state: 0.121039,-0.219722,0.013579,0.999998,0.001231,0.000907,-0.001231,0.999999,0.000281,-0.000907,-0.000283,0.999999,0.112151,-0.200419,0.002827,-0.001138,0.001627,-0.003437
[host] Connected, use ctrl-c to quit.
actions: 0.803713,-0.839067,0.424650,0.021186
actions: 0.762993,-0.935002,0.260796,0.398147
PX4RL: state: 0.144615,-0.261943,0.012618,0.999998,0.001286,0.000960,-0.001286,0.999999,0.000213,-0.000960,-0.000214,0.999999,0.122164,-0.219418,-0.000254,0.003912,-0.003996,0.000488
actions: 0.437631,-0.952991,0.547826,0.340096
actions: 0.834008,-0.228361,0.864869,0.190522
PX4RL: state: 0.170514,-0.308245,0.011725,0.999998,0.001337,0.000908,-0.001337,0.999999,0.000384,-0.000907,-0.000385,0.999999,0.133391,-0.238031,-0.003010,-0.001115,0.000405,-0.002057
actions: 0.810955,-0.588318,0.717107,0.475430
actions: 0.841132,0.005471,0.915165,-0.192884
PX4RL: state: 0.197486,-0.356150,0.013722,0.999998,0.001457,0.000720,-0.001458,0.999998,0.000347,-0.000720,-0.000348,0.999999,0.144635,-0.255114,0.005041,0.005472,0.001833,-0.005068
actions: 0.933513,-0.609249,0.647615,0.184673
actions: 0.864397,-0.313937,0.886716,0.090614
PX4RL: state: 0.227118,-0.408489,0.013518,0.999998,0.001527,0.000595,-0.001527,0.999998,0.000145,-0.000595,-0.000146,0.999999,0.153864,-0.273625,0.005280,-0.001834,-0.001383,-0.001850
actions: 0.767004,-0.889277,0.681939,0.124190
actions: 0.844472,-0.835080,0.732169,-0.121347
PX4RL: state: 0.260801,-0.468542,0.010767,0.999998,0.001515,0.000700,-0.001515,0.999998,0.000195,-0.000700,-0.000196,0.999999,0.165619,-0.294243,-0.006809,-0.001307,0.001375,-0.001344
actions: 0.735833,-0.840441,0.665123,-0.054906
actions: 0.893813,-0.618822,0.819861,0.200217
PX4RL: state: 0.292547,-0.500000,0.012398,0.999998,0.001684,0.000559,-0.001684,0.999998,0.000280,-0.000558,-0.000281,0.999999,0.175334,-0.309437,0.001287,-0.000539,0.000148,0.001065
actions: 0.874753,-0.798840,0.693909,-0.144382
actions: 0.789652,-0.150560,0.522372,0.252781
PX4RL: state: 0.329772,-0.500000,0.011200,0.999998,0.001691,0.000565,-0.001691,0.999998,0.000236,-0.000565,-0.000237,0.999999,0.186520,-0.328646,-0.004868,0.002372,0.002343,-0.000479
actions: 0.662895,-0.838585,0.780889,0.082936
actions: 0.772175,-0.452348,0.619765,0.635437
PX4RL: state: 0.366483,-0.500000,0.012313,0.999998,0.001743,0.000542,-0.001743,0.999998,0.000498,-0.000541,-0.000499,0.999999,0.196341,-0.344660,0.000176,0.001944,-0.000301,0.002422
actions: 0.917520,-0.821063,0.906936,-0.251467
actions: 0.787879,-0.206472,0.843204,0.409579
PX4RL: state: 0.409205,-0.500000,0.010851,0.999998,0.001709,0.000645,-0.001710,0.999998,0.000503,-0.000644,-0.000504,0.999999,0.207959,-0.365008,-0.006453,0.001772,-0.002704,0.001085
PX4RL: STAI network run took 815 us
actions: 0.772474,-0.832470,0.558637,0.184594
actions: 0.935937,-0.946008,0.729570,0.762281
PX4RL: state: 0.449064,-0.500000,0.012389,0.999998,0.001826,0.000712,-0.001826,0.999998,0.000488,-0.000711,-0.000489,0.999999,0.217535,-0.379434,0.002818,-0.000598,0.003264,0.000464
actions: 0.754964,-0.865922,0.658472,0.036576
actions: 0.732773,-0.907747,0.492208,0.085248
PX4RL: state: 0.492926,-0.500000,0.013952,0.999998,0.001815,0.000568,-0.001815,0.999998,0.000573,-0.000567,-0.000574,0.999999,0.228410,-0.395926,0.005286,-0.000144,-0.002040,-0.002049
actions: 0.844978,-0.188952,0.826554,0.526099
actions: 0.723799,-0.831141,0.424794,0.271666
PX4RL: state: 0.500000,-0.500000,0.013695,0.999998,0.001946,0.000428,-0.001946,0.999997,0.000648,-0.000427,-0.000649,0.999999,0.237538,-0.412542,0.005730,-0.000973,0.001918,-0.005475
actions: 0.884394,-0.880126,0.853921,0.710128
actions: 0.950535,-0.751241,0.410013,0.642942
PX4RL: state: 0.500000,-0.500000,0.012696,0.999997,0.002041,0.000530,-0.002041,0.999997,0.000739,-0.000528,-0.000740,0.999999,0.247592,-0.430854,-0.002000,-0.001973,-0.001426,0.000754
actions: 0.719780,-0.807102,0.342708,0.024853
actions: 0.828123,0.127445,0.645316,0.667072
PX4RL: state: 0.500000,-0.500000,0.013707,0.999997,0.002154,0.000461,-0.002155,0.999997,0.000627,-0.000460,-0.000628,0.999999,0.256714,-0.443390,0.005162,-0.003442,0.001091,-0.001936
actions: 0.811527,-0.615981,0.821639,0.164567
actions: 0.701973,-0.877305,0.266391,0.202367
PX4RL: state: 0.500000,-0.500000,0.010598,0.999997,0.002260,0.000648,-0.002260,0.999997,0.000266,-0.000647,-0.000267,0.999999,0.270696,-0.467138,-0.009923,0.000002,-0.005278,-0.006563
actions: 0.661211,-0.939204,0.643325,0.268420
actions: 0.797561,0.085095,0.714469,0.155564
PX4RL: state: 0.500000,-0.500000,0.012052,0.999997,0.002322,0.000517,-0.002323,0.999997,0.000520,-0.000516,-0.000521,0.999999,0.276042,-0.477934,-0.000793,0.002591,0.006671,-0.000113
actions: 0.875240,-0.916090,0.490756,0.258981
actions: 0.831441,0.420566,0.852628,0.456457
PX4RL: state: 0.500000,-0.500000,0.012594,0.999996,0.002439,0.000547,-0.002439,0.999996,0.000560,-0.000546,-0.000561,0.999999,0.284136,-0.493896,0.004415,-0.000835,0.000088,-0.002996
actions: 0.771702,-0.936846,0.718766,-0.266972
actions: 0.724413,-0.888522,0.333905,0.433134
PX4RL: state: 0.500000,-0.500000,0.010882,0.999996,0.002529,0.000609,-0.002529,0.999996,0.000308,-0.000608,-0.000310,0.999999,0.295807,-0.515943,-0.007089,0.000372,-0.002324,0.003256
actions: 0.921527,-0.892234,0.802064,0.290618
actions: 0.890270,-0.285546,0.919955,0.201911
PX4RL: state: 0.500000,-0.500000,0.010563,0.999996,0.002518,0.000602,-0.002518,0.999996,0.000540,-0.000601,-0.000541,0.999999,0.305102,-0.532475,-0.005427,-0.002266,0.000167,-0.001672
PX4RL: STAI network run took 815 us
actions: 0.663587,-0.319790,0.719527,0.034840
actions: 0.779968,-0.752412,0.824430,0.016148
PX4RL: state: 0.500000,-0.500000,0.011939,0.999996,0.002619,0.000557,-0.002620,0.999996,0.000752,-0.000555,-0.000753,0.999999,0.313035,-0.542484,0.000483,-0.004586,-0.001016,-0.001276
actions: 0.704945,-0.040237,0.881747,-0.128751
actions: 0.770694,-0.859184,0.412178,-0.019547
PX4RL: state: 0.500000,-0.500000,0.011781,0.999995,0.002802,0.000686,-0.002802,0.999995,0.000749,-0.000683,-0.000751,0.999999,0.323517,-0.559994,-0.001899,-0.000432,-0.004971,-0.001210
actions: 0.258077,-0.658886,0.203921,0.169129
actions: 0.747183,-0.892253,0.558546,0.078611
PX4RL: state: 0.500000,-0.500000,0.012554,0.999995,0.002830,0.000820,-0.002831,0.999995,0.000747,-0.000818,-0.000749,0.999999,0.333908,-0.576973,-0.001607,-0.003241,0.002981,-0.006838
actions: 0.645256,-0.918374,0.329273,0.311299
actions: 0.874526,-0.931591,0.697916,0.360775
PX4RL: state: 0.500000,-0.500000,0.011556,0.999995,0.002882,0.000814,-0.002883,0.999995,0.000829,-0.000812,-0.000831,0.999999,0.345307,-0.595966,-0.007834,0.004655,0.003217,0.001175
actions: 0.795039,-0.847931,0.652984,0.180676
actions: 0.877652,-0.063774,0.831347,0.123396
PX4RL: state: 0.500000,-0.500000,0.012278,0.999995,0.002983,0.000636,-0.002984,0.999995,0.001007,-0.000633,-0.001009,0.999999,0.354522,-0.606928,0.001128,0.001350,0.004816,0.001734
actions: 0.773949,-0.684255,0.570177,-0.027836
actions: 0.952122,0.295367,0.768051,0.046688
PX4RL: state: 0.500000,-0.500000,0.013425,0.999995,0.002994,0.000407,-0.002995,0.999994,0.001281,-0.000403,-0.001282,0.999999,0.361549,-0.618153,0.009067,0.003089,0.004859,0.000417
actions: 0.576835,-0.758394,0.655846,0.743657
actions: 0.795631,-0.936890,0.505101,0.104742
PX4RL: state: 0.500000,-0.500000,0.012735,0.999995,0.002996,0.000540,-0.002996,0.999994,0.001473,-0.000535,-0.001475,0.999998,0.372529,-0.635457,0.001369,-0.000884,-0.000946,0.003162
actions: 0.855668,-0.662543,0.819485,0.397037
actions: 0.798674,-0.984566,0.586167,-0.108574
PX4RL: state: 0.500000,-0.500000,0.012394,0.999995,0.003052,0.000682,-0.003053,0.999994,0.001549,-0.000677,-0.001551,0.999998,0.380787,-0.648613,0.001372,-0.003056,-0.000749,0.001191
actions: 0.849638,-0.720177,0.857086,0.418311
actions: 0.911235,-0.856969,0.735797,0.239885
PX4RL: state: 0.500000,-0.500000,0.010932,0.999995,0.003061,0.000807,-0.003062,0.999994,0.001564,-0.000803,-0.001566,0.999998,0.390613,-0.662264,-0.002944,0.002785,-0.006448,-0.001451
actions: 0.810178,-0.591014,0.602444,0.089737
actions: 0.558078,-0.961245,0.747401,0.266419
PX4RL: state: 0.500000,-0.500000,0.010391,0.999994,0.003078,0.000777,-0.003079,0.999994,0.001492,-0.000772,-0.001495,0.999998,0.397683,-0.671062,-0.004995,-0.000187,-0.004191,0.000547
PX4RL: STAI network run took 808 us
actions: 0.751160,-0.173564,0.782191,0.426841
actions: 0.800221,-0.805210,0.846095,0.092054
PX4RL: state: 0.500000,-0.500000,0.012447,0.999994,0.003170,0.000754,-0.003171,0.999994,0.001404,-0.000750,-0.001407,0.999998,0.405302,-0.680545,0.005801,0.002257,-0.000099,-0.002564
actions: 0.885419,-0.660602,0.829621,0.333598
actions: 0.812422,-0.893745,0.386723,0.025162
PX4RL: state: 0.500000,-0.500000,0.011629,0.999994,0.003223,0.000855,-0.003223,0.999994,0.001150,-0.000851,-0.001153,0.999999,0.420140,-0.703717,-0.006558,0.002989,-0.001298,0.003981
actions: 0.818679,-0.849270,0.580945,-0.163939
actions: 0.894744,-0.878347,0.584433,0.272186
PX4RL: state: 0.500000,-0.500000,0.010444,0.999994,0.003322,0.000827,-0.003323,0.999993,0.001041,-0.000824,-0.001043,0.999999,0.432204,-0.722065,-0.008481,0.003006,-0.001187,0.001997
actions: 0.681021,-0.817132,0.575059,0.299160
actions: 0.707976,-0.760269,0.660804,0.244321
PX4RL: state: 0.500000,-0.500000,0.011720,0.999994,0.003363,0.000544,-0.003363,0.999993,0.001461,-0.000539,-0.001463,0.999998,0.432132,-0.718489,0.000148,0.004015,0.003705,0.002564
actions: 0.846538,-0.713178,0.753609,-0.175980
actions: 0.910845,-0.261843,0.868032,0.118650
PX4RL: state: 0.500000,-0.500000,0.011079,0.999993,0.003454,0.000586,-0.003455,0.999992,0.001580,-0.000580,-0.001582,0.999998,0.442166,-0.734585,-0.003424,-0.001599,-0.001657,0.000525
actions: 0.683579,-0.474545,0.252891,0.224942
actions: 0.866107,-0.934013,0.672037,0.554168
PX4RL: state: 0.500000,-0.500000,0.012579,0.999994,0.003436,0.000432,-0.003436,0.999992,0.001578,-0.000427,-0.001579,0.999998,0.452197,-0.752343,-0.000150,-0.000004,-0.000727,0.002982
actions: 0.715148,-0.504688,0.786565,0.625479
actions: 0.756690,-0.782881,0.395105,0.158269
PX4RL: state: 0.500000,-0.500000,0.012795,0.999993,0.003465,0.000532,-0.003465,0.999992,0.001543,-0.000527,-0.001545,0.999998,0.461957,-0.765814,0.000705,0.003818,-0.001158,-0.004037
actions: 0.809884,-0.753339,0.629203,0.131652
actions: 0.868006,-0.756786,0.253581,0.507896
PX4RL: state: 0.500000,-0.500000,0.012461,0.999993,0.003503,0.000476,-0.003503,0.999992,0.001419,-0.000471,-0.001421,0.999998,0.471649,-0.780528,0.000303,-0.000989,0.001677,-0.002950
actions: 0.808127,-0.507283,0.565220,0.053895
actions: 0.858908,-0.659860,0.749852,0.592983
PX4RL: state: 0.500000,-0.500000,0.012867,0.999993,0.003597,0.000485,-0.003598,0.999992,0.001468,-0.000479,-0.001469,0.999998,0.475734,-0.785774,0.002546,0.000773,0.000848,-0.001943
actions: 0.687865,-0.865649,0.618259,0.534563
actions: 0.821598,-0.979136,0.090489,0.185170
PX4RL: state: 0.500000,-0.500000,0.013150,0.999993,0.003669,0.000380,-0.003669,0.999992,0.001502,-0.000375,-0.001504,0.999998,0.486545,-0.802297,0.004916,0.001690,0.000814,0.000698
PX4RL: STAI network run took 813 us
actions: 0.903707,0.368983,0.922645,0.156782
actions: 0.838544,-0.529998,0.532548,-0.115322
PX4RL: state: 0.500000,-0.500000,0.013859,0.999993,0.003724,0.000349,-0.003724,0.999991,0.001535,-0.000343,-0.001536,0.999998,0.495744,-0.817545,0.004029,-0.002489,-0.002830,0.000064
actions: 0.857714,-0.349939,0.623811,0.388284
actions: 0.811311,-0.039023,0.909287,-0.004831
PX4RL: state: 0.500000,-0.500000,0.012950,0.999992,0.003761,0.000249,-0.003761,0.999991,0.001677,-0.000243,-0.001678,0.999998,0.503614,-0.832319,0.000776,0.000378,0.002242,-0.000664
actions: 0.878403,-0.894916,0.880323,-0.399997
actions: 0.857222,-0.814536,0.457904,0.303813
PX4RL: state: 0.500000,-0.500000,0.011376,0.999992,0.003804,0.000339,-0.003805,0.999991,0.001580,-0.000333,-0.001581,0.999998,0.511047,-0.845838,-0.004456,-0.001083,0.000594,0.001367
actions: 0.768933,-0.867519,0.495023,0.198004
actions: 0.661120,-0.824189,0.473675,0.333658
PX4RL: state: 0.500000,-0.500000,0.013509,0.999992,0.003868,0.000262,-0.003868,0.999990,0.001762,-0.000255,-0.001763,0.999998,0.510764,-0.840276,0.004574,-0.000266,-0.000187,-0.002721
actions: 0.795039,-0.847931,0.652984,0.180676
actions: 0.805150,-0.291825,0.835206,0.173124
PX4RL: state: 0.500000,-0.500000,0.014582,0.999992,0.003924,0.000312,-0.003924,0.999990,0.001727,-0.000305,-0.001728,0.999998,0.520343,-0.855089,0.005855,-0.003293,0.003626,-0.000895
actions: 0.803712,-0.839067,0.424649,0.021187
actions: 0.756241,-0.880242,0.539175,0.157856
PX4RL: state: 0.500000,-0.500000,0.010525,0.999992,0.003923,0.000594,-0.003924,0.999991,0.001579,-0.000588,-0.001581,0.999998,0.533333,-0.874482,-0.011039,0.003473,0.000641,0.002486
actions: 0.798454,-0.806278,0.875028,-0.025654
actions: 0.781758,-0.900714,0.726044,0.197945
PX4RL: state: 0.500000,-0.500000,0.011432,0.999992,0.003870,0.000557,-0.003871,0.999990,0.001824,-0.000550,-0.001826,0.999998,0.531536,-0.868156,-0.002408,0.003710,0.000344,0.004113
actions: 0.927423,-0.186675,0.864284,0.051848
actions: 0.912309,-0.510308,0.917234,-0.269945
PX4RL: state: 0.500000,-0.500000,0.012449,0.999992,0.003912,0.000672,-0.003913,0.999990,0.001775,-0.000665,-0.001777,0.999998,0.542961,-0.885877,0.003367,-0.005337,-0.002746,0.003715
actions: 0.883534,-0.767680,0.627895,0.182301
actions: 0.906707,-0.925988,0.875195,0.396127
PX4RL: state: 0.500000,-0.500000,0.012042,0.999992,0.003939,0.000711,-0.003940,0.999990,0.002020,-0.000703,-0.002022,0.999997,0.553217,-0.901204,-0.001635,-0.001303,0.001936,-0.002470
actions: 0.807487,-0.559104,0.026393,0.654472
actions: 0.830560,-0.781517,0.796252,0.130895
PX4RL: state: 0.500000,-0.500000,0.012280,0.999992,0.003925,0.000686,-0.003927,0.999989,0.002327,-0.000676,-0.002329,0.999997,0.561525,-0.909921,-0.001138,-0.000483,0.000068,0.000479
PX4RL: STAI network run took 845 us
actions: 0.724920,-0.465443,0.588405,0.615139
actions: 0.779326,-0.692235,0.680704,0.016382
PX4RL: state: 0.500000,-0.500000,0.014357,0.999991,0.004037,0.000711,-0.004039,0.999988,0.002430,-0.000701,-0.002432,0.999996,0.567433,-0.915443,0.005724,0.000010,0.004080,-0.001289
actions: 0.768909,0.633653,0.814624,0.033646
actions: 0.862918,-0.725112,0.768464,-0.060066
PX4RL: state: 0.500000,-0.500000,0.012362,0.999991,0.004099,0.000616,-0.004100,0.999988,0.002481,-0.000606,-0.002483,0.999996,0.573479,-0.926595,-0.005127,-0.005167,-0.004789,-0.000200
actions: 0.512491,-0.531607,0.154213,0.380607
actions: 0.846601,-0.940303,0.838834,0.250886
PX4RL: state: 0.500000,-0.500000,0.011849,0.999991,0.004142,0.000611,-0.004144,0.999988,0.002539,-0.000601,-0.002541,0.999996,0.579086,-0.927196,-0.002416,0.008010,-0.001292,-0.002806
actions: 0.919734,-0.139391,0.888724,0.029927
actions: 0.731773,-0.490102,0.750764,-0.097243
PX4RL: state: 0.500000,-0.500000,0.014040,0.999991,0.004218,0.000455,-0.004219,0.999987,0.002687,-0.000444,-0.002688,0.999996,0.589849,-0.940472,0.007648,0.002502,0.002910,-0.002507
actions: 0.817177,-0.714688,0.458821,-0.020669
actions: 0.586226,-0.805617,0.623701,0.175220
PX4RL: state: 0.500000,-0.500000,0.013213,0.999991,0.004212,0.000495,-0.004213,0.999988,0.002500,-0.000484,-0.002502,0.999996,0.601086,-0.954298,-0.000713,0.001345,-0.000478,-0.001293
actions: 0.845706,-0.189452,0.578147,0.080432
actions: 0.821886,-0.485937,0.755935,0.460362
PX4RL: state: 0.500000,-0.500000,0.012680,0.999990,0.004313,0.000596,-0.004314,0.999988,0.002114,-0.000587,-0.002116,0.999997,0.614244,-0.973803,-0.002638,-0.005190,-0.004451,-0.000914
actions: 0.891856,-0.966578,0.474224,0.044056
actions: 0.732772,-0.907747,0.492208,0.085248
PX4RL: state: 0.500000,-0.500000,0.012023,0.999990,0.004251,0.000483,-0.004252,0.999988,0.002389,-0.000473,-0.002391,0.999997,0.619915,-0.979364,-0.003038,0.002354,-0.004355,-0.003327
actions: 0.205335,-0.769213,0.279345,0.156240
actions: 0.720531,-0.808688,0.673183,0.316319
PX4RL: state: 0.500000,-0.500000,0.012205,0.999990,0.004355,0.000343,-0.004356,0.999987,0.002434,-0.000333,-0.002435,0.999996,0.628640,-0.991028,-0.003140,-0.001978,-0.002953,-0.001370
actions: 0.690018,-0.922288,0.634413,-0.039831
actions: 0.827756,-0.288263,0.557292,0.330874
PX4RL: state: 0.500000,-0.500000,0.012222,0.999989,0.004483,0.000211,-0.004484,0.999986,0.002626,-0.000199,-0.002627,0.999996,0.634031,-0.994163,-0.000420,0.003364,0.006002,0.001845
actions: 0.813362,-0.873177,0.548733,0.259899
actions: 0.914733,-0.487564,0.608963,-0.134475
PX4RL: state: 0.500000,-0.500000,0.013108,0.999989,0.004507,0.000226,-0.004508,0.999986,0.002460,-0.000215,-0.002461,0.999996,0.641326,-1.004065,0.002090,0.002828,0.001914,0.001616
PX4RL: STAI network run took 803 us
actions: 0.520317,-0.889991,0.170045,0.532705
actions: 0.586013,-0.779891,0.868753,0.112431
PX4RL: state: 0.500000,-0.500000,0.012471,0.999989,0.004501,0.000214,-0.004502,0.999987,0.002346,-0.000204,-0.002347,0.999997,0.647355,-1.013048,-0.001528,0.001855,0.003544,0.001409
actions: 0.665620,-0.036323,0.402711,0.686772
actions: 0.590017,-0.874583,0.731483,0.387695
PX4RL: state: 0.500000,-0.500000,0.010327,0.999989,0.004555,0.000150,-0.004556,0.999986,0.002462,-0.000139,-0.002462,0.999996,0.640792,-0.998712,-0.005924,0.000030,-0.002241,0.000118
actions: 0.863052,-0.797055,0.925406,0.177922
actions: 0.924974,-0.777863,0.938298,-0.202585
PX4RL: state: 0.500000,-0.500000,0.012469,0.999989,0.004630,0.000172,-0.004630,0.999986,0.002331,-0.000161,-0.002331,0.999997,0.660179,-1.033385,0.001650,-0.000699,-0.000708,-0.001860
actions: 0.587774,-0.825886,0.085409,0.433182
actions: 0.801406,-0.561325,0.559499,-0.002138
PX4RL: state: 0.500000,-0.500000,0.011723,0.999989,0.004677,0.000155,-0.004678,0.999986,0.002178,-0.000145,-0.002179,0.999997,0.674567,-1.061749,-0.006680,-0.002582,-0.002358,-0.002011
actions: 0.761835,-0.615293,0.898377,0.623578
actions: 0.948298,-0.215706,0.889520,0.430469
PX4RL: state: 0.500000,-0.500000,0.013751,0.999988,0.004723,0.000111,-0.004723,0.999986,0.002360,-0.000100,-0.002361,0.999997,0.672150,-1.046954,0.008289,-0.000894,-0.002885,-0.001821
actions: 0.881037,-0.591248,0.755621,-0.125129
actions: 0.884469,0.045926,0.728639,-0.269566
PX4RL: state: 0.500000,-0.500000,0.012673,0.999988,0.004786,0.000179,-0.004786,0.999986,0.002206,-0.000168,-0.002207,0.999997,0.678708,-1.057983,0.000691,0.001490,0.001087,-0.001032
actions: 0.794327,-0.573876,0.480945,-0.332301
actions: 0.710061,-0.872930,0.476028,0.174480
PX4RL: state: 0.500000,-0.500000,0.011688,0.999988,0.004828,0.000051,-0.004828,0.999986,0.002054,-0.000041,-0.002054,0.999997,0.689061,-1.078911,-0.010221,0.003336,0.000484,0.001693
actions: 0.529724,-0.902420,0.333876,0.117735
actions: 0.638397,-0.936883,0.368258,0.357297
PX4RL: state: 0.500000,-0.500000,0.012929,0.999988,0.004868,0.000061,-0.004868,0.999985,0.002324,-0.000050,-0.002325,0.999997,0.689587,-1.071334,0.002884,0.000067,0.001099,-0.001874
actions: 0.947321,-0.226695,0.902541,-0.131460
actions: 0.947126,-0.907522,0.697269,0.619944
PX4RL: state: 0.500000,-0.500000,0.012654,0.999987,0.004920,0.000188,-0.004921,0.999985,0.002173,-0.000177,-0.002173,0.999997,0.705985,-1.100970,-0.002962,-0.000459,-0.005714,-0.001740
actions: 0.881677,-0.757955,0.836127,-0.145810
actions: 0.756686,-0.772400,0.866813,-0.418765
PX4RL: state: 0.500000,-0.500000,0.013221,0.999987,0.004970,-0.000216,-0.004970,0.999984,0.002652,0.000229,-0.002651,0.999996,0.678954,-1.046077,0.002321,0.001110,0.000883,-0.001766
PX4RL: STAI network run took 808 us
actions: 0.868412,-0.630723,0.718172,0.108736
actions: 0.569762,-0.948613,0.625301,0.143142
PX4RL: state: 0.500000,-0.500000,0.014061,0.999987,0.005066,0.0,-0.005066,0.999984,0.002216,0.000011,-0.002216,0.999997,0.713645,-1.107160,0.003157,-0.000574,-0.000014,-0.001753
actions: 0.959861,-0.773693,0.894576,-0.082611
actions: 0.758973,-0.756766,0.679123,0.007118
PX4RL: state: 0.500000,-0.500000,0.012268,0.999987,0.004979,-0.000216,-0.004978,0.999983,0.002773,0.000230,-0.002772,0.999996,0.684507,-1.045845,-0.002363,-0.003460,-0.002631,0.001419
actions: 0.514570,-0.294261,0.487648,0.412405
actions: 0.665749,-0.950095,0.285994,0.099599
PX4RL: state: 0.500000,-0.500000,0.013842,0.999987,0.004963,0.000346,-0.004964,0.999986,0.001630,-0.000338,-0.001632,0.999998,0.768462,-1.207239,0.006133,-0.002450,0.001546,-0.001295
actions: 0.947006,-0.515467,0.759902,0.659419
actions: 0.196721,-0.744632,0.274328,0.470618
PX4RL: state: 0.500000,-0.500000,0.012597,0.999987,0.004932,0.000099,-0.004933,0.999985,0.002195,-0.000088,-0.002196,0.999997,0.737882,-1.145372,-0.002428,0.001419,-0.001372,0.002002
actions: 0.742777,-0.865687,0.543701,0.169000
actions: 0.908530,-0.549075,0.861346,-0.325883
PX4RL: state: 0.500000,-0.500000,0.013442,0.999987,0.004905,0.000191,-0.004905,0.999985,0.002005,-0.000181,-0.002006,0.999998,0.764631,-1.192281,0.003047,0.003094,0.000837,-0.002013
actions: 0.793877,-0.949635,0.565768,0.155816
actions: 0.828074,-0.269957,0.656718,-0.008150
PX4RL: state: 0.500000,-0.500000,0.014606,0.999988,0.004886,0.000128,-0.004886,0.999985,0.002356,-0.000117,-0.002357,0.999997,0.764164,-1.182226,0.009679,0.003800,0.004885,0.000513
actions: 0.716320,-0.296441,0.789483,0.141060
actions: 0.900498,-0.769823,0.753279,-0.173330
PX4RL: state: 0.500000,-0.500000,0.013017,0.999987,0.004945,0.000364,-0.004945,0.999985,0.002040,-0.000354,-0.002042,0.999997,0.777958,-1.207077,0.000293,0.000593,-0.000257,0.000942
actions: 0.817468,-0.736175,0.645533,-0.119275
actions: 0.693010,-0.817700,0.470516,0.103763
PX4RL: state: 0.500000,-0.500000,0.014604,0.999987,0.004983,0.000070,-0.004983,0.999984,0.002358,-0.000058,-0.002358,0.999997,0.780448,-1.200837,0.006732,-0.002547,0.001158,-0.005108
actions: 0.876885,-0.466095,0.766627,-0.205692
actions: 0.880670,-0.331134,0.785103,0.197819
PX4RL: state: 0.500000,-0.500000,0.013835,0.999987,0.005033,0.000087,-0.005034,0.999984,0.002323,-0.000076,-0.002323,0.999997,0.782589,-1.204356,0.001418,-0.001218,0.002027,-0.002135
actions: 0.687772,-0.894151,0.300185,0.245397
actions: 0.672264,-0.879588,0.694355,0.223791
PX4RL: state: 0.500000,-0.500000,0.012955,0.999987,0.005030,0.000248,-0.005031,0.999984,0.002392,-0.000236,-0.002393,0.999997,0.797703,-1.219264,-0.000469,-0.004185,-0.002865,-0.000150
PX4RL: STAI network run took 812 us
actions: 0.836541,-0.887361,0.827067,0.029416
actions: 0.758726,-0.652643,0.752020,-0.292540
PX4RL: state: 0.500000,-0.500000,0.015322,0.999986,0.005116,-0.000045,-0.005116,0.999983,0.002749,0.000059,-0.002749,0.999996,0.793750,-1.210511,0.010503,-0.000053,0.001817,-0.000607
actions: 0.762987,-0.455346,0.815844,0.309941
actions: 0.890858,-0.967658,0.642006,0.137172
PX4RL: state: 0.500000,-0.500000,0.015609,0.999986,0.005136,0.000074,-0.005136,0.999983,0.002666,-0.000060,-0.002667,0.999996,0.805724,-1.224569,0.003569,0.004716,0.000674,0.002698
actions: 0.691373,-0.791101,0.308932,0.466904
actions: 0.890093,-0.687475,0.776619,0.555788
PX4RL: state: 0.500000,-0.500000,0.011656,0.999986,0.005107,0.000492,-0.005108,0.999984,0.002122,-0.000481,-0.002124,0.999997,0.841092,-1.298639,-0.012690,-0.001042,0.000664,-0.001919
actions: 0.814093,-0.910383,0.351693,0.465495
actions: 0.895823,-0.391510,0.377132,0.396663
PX4RL: state: 0.500000,-0.500000,0.011349,0.999986,0.005158,0.000278,-0.005159,0.999982,0.002824,-0.000263,-0.002826,0.999995,0.807275,-1.220057,-0.005769,0.001693,-0.005871,-0.001272
actions: 0.853136,-0.703299,0.624915,0.831735
actions: 0.865762,0.062037,0.847454,0.539372
PX4RL: state: 0.500000,-0.500000,0.013754,0.999986,0.005183,0.000218,-0.005183,0.999982,0.003036,-0.000202,-0.003037,0.999995,0.820449,-1.232231,0.004697,0.005386,-0.001398,0.001467
actions: 0.685161,-0.922686,0.645055,-0.201101
actions: 0.616951,-0.694686,0.233253,0.281108
PX4RL: state: 0.500000,-0.500000,0.012326,0.999986,0.005222,0.000869,-0.005223,0.999985,0.001408,-0.000862,-0.001413,0.999998,0.911455,-1.437688,0.000266,0.001667,-0.003381,0.003331
actions: 0.767757,-0.803590,0.603610,0.224433
actions: 0.819917,-0.763686,0.822801,-0.368662
PX4RL: state: 0.500000,-0.500000,0.014135,0.999986,0.005189,-0.000340,-0.005187,0.999977,0.004246,0.000362,-0.004244,0.999990,0.763314,-1.088603,0.007958,-0.001118,0.000560,-0.000286
actions: 0.881421,-0.914268,0.718883,-0.080787
actions: 0.653823,-0.726605,0.679851,0.178321
PX4RL: state: 0.500000,-0.500000,0.012314,0.999986,0.005230,0.000416,-0.005231,0.999983,0.002197,-0.000404,-0.002200,0.999997,0.868015,-1.344281,-0.004269,0.001613,-0.000542,0.000385
actions: 0.744579,-0.888008,0.385557,0.397493
actions: 0.891072,0.068854,0.715782,-0.651559
PX4RL: state: 0.500000,-0.500000,0.011751,0.999986,0.005262,0.000215,-0.005263,0.999982,0.002768,-0.000201,-0.002769,0.999996,0.849788,-1.270636,-0.004721,-0.000513,-0.000518,0.001656
actions: 0.846800,-0.665933,0.761603,0.011766
actions: 0.895375,-0.787403,0.906889,0.019820
PX4RL: state: 0.500000,-0.500000,0.010530,0.999986,0.005229,0.000152,-0.005229,0.999981,0.003041,-0.000136,-0.003041,0.999995,0.842125,-1.246710,-0.007826,-0.000813,0.000430,-0.000891
PX4RL: STAI network run took 820 us
actions: 0.718289,-0.343430,0.708433,0.037152
actions: 0.878330,-0.679481,0.825421,0.183155
PX4RL: state: 0.500000,-0.500000,0.014397,0.999985,0.005341,0.000145,-0.005341,0.999980,0.003209,-0.000128,-0.003210,0.999994,0.859734,-1.280076,0.011854,-0.002491,0.000461,-0.003479
actions: 0.854951,-0.512411,0.665788,0.369050
actions: 0.801164,-0.966161,0.431503,-0.033005
PX4RL: state: 0.500000,-0.500000,0.012920,0.999985,0.005365,0.000125,-0.005366,0.999981,0.002900,-0.000110,-0.002900,0.999995,0.866269,-1.295817,-0.004420,0.001630,-0.002504,-0.002054
actions: 0.813078,0.056970,0.680394,0.460605
actions: 0.804778,-0.953552,0.663770,0.137292
PX4RL: state: 0.500000,-0.500000,0.013081,0.999985,0.005366,-0.000001,-0.005366,0.999981,0.002976,0.000017,-0.002976,0.999995,0.870149,-1.294303,-0.000730,0.002430,-0.002683,0.003266
actions: 0.664851,-0.913146,0.373825,0.437422
actions: 0.705219,-0.842065,0.534353,0.176409
PX4RL: state: 0.500000,-0.500000,0.013241,0.999978,0.006539,-0.000115,-0.006538,0.999973,0.003171,0.000135,-0.003170,0.999995,0.867500,-1.285304,0.003273,-0.000895,-0.000645,-0.094219
actions: 0.798482,-0.806292,0.875043,-0.025692
actions: 0.664835,-0.298527,-0.127604,0.683104
PX4RL: state: 0.500000,-0.500000,0.012780,0.999811,0.019428,-0.000302,-0.019427,0.999806,0.003042,0.000361,-0.003035,0.999995,0.885556,-1.263404,-0.002307,-0.007166,0.011647,-0.215301
actions: 0.765506,-0.177577,0.743021,0.072904
actions: 0.767164,0.113668,0.657182,0.355059
PX4RL: state: 0.500000,-0.500000,0.012518,0.999883,0.015240,-0.000747,-0.015238,0.999880,0.002545,0.000786,-0.002534,0.999996,0.821996,-1.309182,-0.000327,0.006464,-0.009661,-0.010969
actions: 0.906915,-0.873066,0.889448,0.093549
actions: 0.920535,-0.490654,0.807775,-0.109609
PX4RL: state: 0.500000,-0.500000,0.019537,0.998455,0.037181,-0.041278,-0.035153,0.998188,0.048832,0.043019,-0.047305,0.997953,1.459259,-1.082213,0.116696,-1.213034,-2.325832,-0.495509
actions: 0.678746,-0.942234,0.581353,0.001402
actions: 0.661101,-0.824061,0.473473,0.333513
PX4RL: state: 0.500000,-0.500000,0.116944,0.995524,-0.027402,-0.090441,0.031697,0.998420,0.046397,0.089026,-0.049056,0.994820,0.164766,-0.021952,0.978973,0.597558,0.548117,1.147346
actions: 0.812791,0.801740,0.484023,0.209388
actions: 0.645244,-0.918382,0.329237,0.311303
PX4RL: state: 0.500000,-0.500000,0.280814,0.976919,-0.070493,0.201638,0.078726,0.996346,-0.033093,-0.198569,0.048204,0.978900,0.253046,0.026785,0.235067,0.227522,0.093137,-0.555142
actions: 0.586838,-0.875598,0.470308,0.409824
actions: 0.932275,-0.725426,0.481458,-0.124830
PX4RL: state: 0.500000,-0.500000,0.277928,0.999165,-0.002995,0.040744,0.001793,0.999562,0.029514,-0.040815,-0.029417,0.998733,0.003939,0.059597,-0.088131,-0.041203,0.114907,-0.489584
PX4RL: STAI network run took 808 us
actions: 0.934065,0.022390,0.963836,0.300898
actions: 0.732358,-0.151657,0.912883,-0.346409
PX4RL: state: 0.500000,-0.500000,0.261291,0.998924,0.019836,0.041899,-0.019300,0.999727,-0.013161,-0.042148,0.012338,0.999035,-0.059880,-0.018928,-0.047564,-0.213221,-0.127306,-0.316124
actions: 0.844727,-0.835208,0.731804,-0.120687
actions: 0.665745,-0.950086,0.285996,0.099556
PX4RL: state: 0.500000,-0.500000,0.251707,0.997963,0.058502,0.025417,-0.059452,0.997494,0.038356,-0.023109,-0.039789,0.998940,-0.100835,-0.009395,-0.066731,-0.117038,-0.145351,-0.093318
actions: 0.810745,-0.886874,0.432873,0.097652
actions: 0.786147,-0.765027,0.758527,-0.093201
PX4RL: state: 0.500000,-0.500000,0.239024,0.999017,0.040371,0.018286,-0.040069,0.999059,-0.016560,-0.018937,0.015811,0.999695,-0.060027,-0.021438,-0.082141,-0.047458,0.036994,0.173204
actions: 0.843096,-0.723209,0.555589,0.039065
actions: 0.672095,-0.301259,0.904897,0.155230
PX4RL: state: 0.500000,-0.500000,0.231103,0.999081,0.021082,0.037299,-0.020576,0.999691,-0.013905,-0.037581,0.013125,0.999207,-0.034194,-0.034015,-0.021068,-0.058252,0.092101,-0.272029
actions: 0.757916,-0.854002,0.286762,0.239024
actions: 0.923405,-0.753189,0.901663,0.527636
PX4RL: state: 0.500000,-0.500000,0.227774,0.995566,0.052501,0.078049,-0.051353,0.998541,-0.016640,-0.078808,0.012558,0.996810,-0.054036,-0.057228,-0.127229,0.011300,0.285915,0.163177
actions: 0.724570,-0.515930,0.819158,-0.161889
actions: 0.883909,0.195673,0.913963,0.405418
PX4RL: state: 0.500000,-0.500000,0.140377,0.996852,0.047908,0.063161,-0.042859,0.995952,-0.079003,-0.066691,0.076047,0.994871,-0.066537,-0.071181,-0.754166,-0.382711,-1.778603,0.266358
actions: 0.883919,-0.812334,0.638768,0.385258
actions: 0.813619,-0.395764,0.379935,-0.133328
PX4RL: state: 0.500000,-0.500000,0.032522,0.991301,0.118091,-0.058100,-0.110747,0.986990,0.116550,0.071108,-0.109101,0.991483,-0.089503,0.067125,-0.151920,0.373153,-0.237734,0.199459
actions: 0.563708,-0.824261,0.610374,-0.061257
actions: 0.880164,-0.678691,0.851433,-0.314170
PX4RL: state: 0.500000,-0.500000,0.018526,0.999140,0.039924,0.011171,-0.040175,0.998924,0.023144,-0.010235,-0.023573,0.999669,-0.057200,0.019153,-0.026571,0.519252,0.148651,0.315162
actions: 0.662585,-0.754407,0.809511,-0.214509
actions: 0.708051,-0.901191,0.510146,0.236922
PX4RL: state: 0.500000,-0.500000,0.022282,0.999992,-0.003724,0.000631,0.003745,0.999318,-0.036713,-0.000494,0.036715,0.999325,-0.112115,-0.044776,0.065506,0.153904,-0.085628,0.091252
actions: 0.714255,-0.563707,0.278427,0.234358
actions: 0.597719,-0.666765,0.277370,0.543819
PX4RL: state: 0.500000,-0.500000,0.088741,0.999684,0.006039,0.024377,-0.004423,0.997821,-0.065818,-0.024721,0.065689,0.997533,-0.033831,-0.058116,0.559244,0.513219,-0.166939,0.303882
PX4RL: STAI network run took 807 us
actions: 0.743780,-0.928383,0.530825,0.160333
actions: 0.744722,-0.611470,0.792775,0.007868
PX4RL: state: 0.500000,-0.500000,0.213774,0.985834,0.010446,0.167398,0.000485,0.997876,-0.065131,-0.167723,0.064290,0.983735,0.136929,-0.092446,0.286394,0.637682,-0.701266,0.072550
actions: 0.886576,-0.880177,0.733859,-0.117598
actions: 0.817941,-0.950253,0.781068,0.075315
PX4RL: state: 0.500000,-0.500000,0.227356,0.997826,0.006286,0.065601,0.001701,0.992650,-0.121008,-0.065879,0.120857,0.990481,0.098692,-0.127172,-0.030855,-0.540847,-0.310217,-0.171452
actions: 0.768692,-0.457558,0.792246,-0.144750
actions: 0.833486,-0.824313,0.686067,-0.250409
PX4RL: state: 0.500000,-0.500000,0.212320,0.994393,0.047077,-0.094690,-0.005899,0.918742,0.394813,0.105582,-0.392041,0.913868,-0.019054,0.253364,-0.068555,-1.002181,0.146552,-0.024313
actions: 0.693006,-0.817740,0.469555,0.104180
actions: 0.850173,-0.667047,0.868650,0.070509
PX4RL: state: 0.500000,-0.500000,0.208703,0.991953,0.065278,-0.108474,-0.025334,0.941840,0.335104,0.124041,-0.329660,0.935915,-0.058313,0.095416,0.051011,-0.116151,0.144296,-0.412181
actions: 0.945317,-0.850715,0.791434,-0.083143
actions: 0.854936,-0.837013,0.399444,-0.024928
PX4RL: state: 0.500000,-0.500000,0.216978,0.984197,0.095478,-0.149125,0.048716,0.663669,0.746437,0.170238,-0.741906,0.648530,0.029749,0.076560,-0.002942,-3.776541,-0.641289,-0.080097
actions: 0.801777,-0.427732,0.792046,0.094016
actions: 0.567916,-0.694829,0.529240,0.460736
PX4RL: state: 0.500000,-0.500000,0.213970,0.966275,0.092909,-0.240166,0.185233,0.397111,0.898881,0.178888,-0.913053,0.366509,0.037369,0.095577,0.024887,1.447366,0.086230,0.174686
actions: 0.816216,-0.974016,0.485128,0.258839
actions: 0.795606,-0.652036,0.802290,-0.225808
PX4RL: state: 0.500000,-0.500000,0.227805,0.968102,0.016034,-0.250039,-0.024437,0.999234,-0.030540,0.249358,0.035676,0.967753,-0.046397,-0.427940,-0.010562,9.203544,0.155077,-1.529895
actions: 0.819829,-0.854487,0.582267,-0.156379
actions: 0.706618,-0.865982,0.681888,0.329076
PX4RL: state: 0.500000,-0.500000,0.189555,0.952211,-0.121169,-0.280377,-0.177242,0.528388,-0.830294,0.248754,0.840310,0.481661,-0.010893,-1.001585,-0.061613,0.091193,0.231806,-0.530106
actions: 0.634296,-0.936789,0.370823,0.354738
actions: 0.627974,0.309552,0.691080,0.579307
PX4RL: state: 0.500000,-0.500000,0.207711,0.967160,-0.027900,-0.252629,-0.174245,0.650831,-0.738955,0.185036,0.758708,0.624596,-0.078358,-0.949828,0.086038,-2.251942,-0.406256,-0.062712
actions: 0.863444,-0.909743,0.595034,0.389810
actions: 0.931137,-0.262742,0.879618,-0.215358
PX4RL: state: 0.500000,-0.500000,0.180515,0.980926,0.032113,-0.191708,0.067501,0.868602,0.490890,0.182282,-0.494467,0.849867,0.142247,0.445466,-0.379389,-5.744774,-1.520947,0.822538
PX4RL: STAI network run took 813 us
actions: 0.810745,-0.886874,0.432874,0.097651
actions: 0.873891,-0.608673,0.656873,-0.155822
PX4RL: state: 0.500000,-0.500000,0.182333,0.947818,0.047246,-0.315290,0.198095,0.687598,0.698545,0.249797,-0.724551,0.642358,-0.018181,0.488517,0.012890,1.570434,0.127469,-0.162795
actions: 0.638785,-0.888468,0.325493,0.342144
actions: 0.254822,-0.747052,0.083798,0.678625
PX4RL: state: 0.500000,-0.500000,0.188884,0.944546,0.059128,-0.323011,0.138949,0.819290,0.556286,0.297532,-0.570320,0.765642,-0.009054,0.304165,0.054949,-0.174469,0.191177,-0.114093
actions: 0.304073,-0.735966,0.382408,0.162736
actions: 0.861967,-0.832191,0.777615,0.437104
PX4RL: state: 0.500000,-0.500000,0.191011,0.956438,0.071798,-0.282966,0.084169,0.860304,0.502784,0.279536,-0.504699,0.816784,0.007914,0.116729,-0.002235,0.365227,0.094244,-0.215444
actions: 0.879606,0.456327,0.792067,0.227670
actions: 0.865167,-0.861974,0.540055,-0.169827
PX4RL: state: 0.500000,-0.500000,0.181621,0.960931,0.034325,-0.274649,0.077306,0.919508,0.385392,0.265771,-0.391568,0.880931,0.029120,-0.042607,0.030830,1.618866,-0.426586,0.303527
actions: 0.891942,-0.492514,0.843073,0.506414
actions: 0.800905,-0.760115,0.447064,0.068652
PX4RL: state: 0.500000,-0.500000,0.258705,0.991369,0.076680,0.106335,-0.111630,0.919055,0.377989,-0.068744,-0.386597,0.919682,0.164494,-0.360178,-0.270340,0.377245,-1.950962,0.472055
actions: 0.582589,-0.967144,0.398048,0.308985
actions: 0.883661,-0.793882,0.460681,0.263800
PX4RL: state: 0.500000,-0.500000,0.266738,0.999021,0.027896,0.034321,-0.040711,0.883279,0.467075,-0.017286,-0.468015,0.883550,0.050323,-0.866578,-0.587366,5.453007,-6.890468,1.996556
actions: 0.706185,-0.843250,0.497709,0.225535
actions: 0.744180,-0.928848,0.532495,0.163101
PX4RL: state: 0.500000,-0.500000,0.227382,0.919339,-0.112340,-0.377086,0.151173,0.985664,0.074915,0.363264,-0.125878,0.923143,0.064650,-0.949828,-0.758142,7.629253,-6.098620,1.517754
actions: 0.898787,0.283214,0.746752,0.234030
actions: 0.487601,-0.927016,0.257412,0.595099
PX4RL: state: 0.500000,-0.500000,0.239203,0.913803,-0.130751,-0.384535,0.154109,0.987585,0.030419,0.375784,-0.087058,0.922608,0.142895,-0.801361,-0.651375,5.826211,-5.246242,2.316360
actions: 0.922729,-0.332266,0.832662,0.177140
actions: 0.768004,-0.705544,0.666892,0.156715
PX4RL: state: 0.500000,-0.500000,0.249903,0.901036,-0.183614,-0.392960,0.201045,0.979576,0.003268,0.384334,-0.081948,0.919549,0.251013,-0.955775,-0.999328,8.554585,-7.181196,2.761766
actions: 0.752449,-0.802683,0.472788,0.435789
actions: 0.789227,-0.746065,0.575103,0.032298
PX4RL: state: 0.500000,-0.500000,0.253124,0.904568,-0.200486,-0.376244,0.216993,0.976171,0.001531,0.366972,-0.083027,0.926518,0.205634,-0.773885,-0.936093,6.530799,-5.396657,1.624383
PX4RL: STAI network run took 822 us
actions: 0.928771,-0.307076,0.546335,0.368767
actions: 0.879527,-0.697695,0.643274,-0.275854
PX4RL: state: 0.500000,-0.500000,0.263058,0.951492,-0.166409,-0.258785,0.193110,0.977806,0.081255,0.239520,-0.127287,0.962511,0.037909,-0.342459,-0.415639,1.023085,-1.310998,0.583543
actions: 0.788966,0.487146,0.342406,0.314117
actions: 0.669012,-0.910104,0.610322,0.261927
PX4RL: state: 0.500000,-0.500000,0.225231,0.927705,-0.184530,-0.324517,0.172554,0.982814,-0.065573,0.331040,0.004835,0.943604,-0.008628,0.104214,0.242086,-3.152986,1.660100,-0.254736
actions: 0.688810,-0.932415,0.441295,0.269692
actions: 0.831872,-0.907362,0.675907,0.062832
PX4RL: state: 0.500000,-0.500000,0.163167,0.862554,-0.266619,-0.430014,0.174698,0.954564,-0.241428,0.474846,0.133122,0.869942,0.021732,-0.123162,-0.034568,0.687294,-0.096832,-0.273773
actions: 0.900185,-0.937321,0.744672,0.044936
actions: 0.804508,-0.573996,0.544286,-0.098653
PX4RL: state: 0.500000,-0.500000,0.165422,0.907174,-0.202552,-0.368789,0.138367,0.971365,-0.193141,0.397350,0.124184,0.909225,-0.011869,-0.040660,0.042890,-3.071588,-1.192429,-0.040802
actions: 0.785375,-0.826775,0.685137,-0.373533
actions: 0.712653,-0.498925,0.057799,0.680416
PX4RL: state: 0.500000,-0.500000,0.152758,0.936617,-0.142730,-0.319962,0.096176,0.982915,-0.156929,0.336894,0.116209,0.934343,0.064254,-0.001612,-0.026785,-0.798702,0.549143,0.409415
actions: 0.765858,-0.817512,0.552625,0.287203
actions: 0.676162,-0.939841,0.313841,0.088229
PX4RL: state: 0.500000,-0.500000,0.154253,0.975412,-0.035777,-0.217463,0.090702,0.964463,0.248159,0.200857,-0.261782,0.943994,0.055251,0.155360,0.007035,-1.357348,0.715969,-0.546744
actions: 0.336992,-0.677605,0.260642,0.562916
actions: 0.674995,-0.462831,0.447752,0.471993
PX4RL: state: 0.500000,-0.500000,0.176174,0.997066,0.053952,-0.054290,-0.065708,0.967129,-0.245646,0.039252,0.248493,0.967837,0.106665,-0.071366,0.096224,7.257429,0.062050,-1.182321
actions: 0.850061,-0.941277,0.673977,-0.027402
actions: 0.754670,-0.806402,0.699691,0.393025
PX4RL: state: 0.500000,-0.500000,0.215778,0.999720,0.022536,-0.007093,-0.014472,0.346808,-0.937822,-0.018674,0.937663,0.347037,0.123316,-0.288990,0.160620,-0.081491,-0.298923,0.421391
actions: 0.852091,-0.744048,0.533871,0.788235
actions: 0.850727,-0.839873,0.788761,-0.247167
PX4RL: state: 0.500000,-0.500000,0.234325,0.999296,0.015532,-0.034142,-0.037329,0.501019,-0.864629,0.003675,0.865295,0.501246,0.154347,-0.175439,0.077725,-1.194030,0.124621,-0.230341
actions: 0.886498,0.229359,0.870780,0.233968
actions: 0.744067,-0.928913,0.532386,0.163215
PX4RL: state: 0.500000,-0.500000,0.210544,0.994549,0.095636,-0.041522,-0.104257,0.908760,-0.404083,-0.000911,0.406210,0.913778,0.118515,0.553689,-0.124373,-6.114077,-1.245918,0.237362
PX4RL: STAI network run took 804 us
actions: 0.714479,-0.875709,0.295533,0.361215
actions: 0.793809,-0.949628,0.565684,0.155942
PX4RL: state: 0.500000,-0.500000,0.169858,0.991868,-0.046815,-0.118345,0.116494,0.708406,0.696123,0.051247,-0.704249,0.708099,-0.045579,1.058309,-0.167104,-2.502341,0.503712,0.414935
actions: 0.469123,-0.243062,0.274937,0.200441
actions: 0.871604,-0.541331,0.565888,-0.293040
PX4RL: state: 0.500000,-0.500000,0.171100,0.991329,-0.054225,-0.119688,0.127989,0.604616,0.786165,0.029735,-0.794667,0.606314,-0.048598,0.963971,0.052983,0.509140,-0.098383,-0.023488
actions: 0.838875,-0.923053,0.623366,-0.107128
actions: 0.895603,-0.513917,0.883406,0.285445
PX4RL: state: 0.500000,-0.500000,0.179587,0.992802,-0.055616,-0.106066,0.112326,0.739634,0.663567,0.041545,-0.670705,0.740558,-0.015363,0.637462,0.072105,1.122997,-0.121410,-0.042626
actions: 0.822692,-0.946697,0.593166,0.122627
actions: 0.793859,-0.860213,0.647875,-0.085066
PX4RL: state: 0.500000,-0.500000,0.172578,0.942152,-0.057441,-0.330226,0.134386,0.967289,0.215152,0.307066,-0.247084,0.919053,0.020252,0.087224,-0.075147,2.328239,-3.003431,-0.920045
actions: 0.789677,-0.901322,0.884377,-0.393450
actions: 0.728641,-0.818603,0.858837,0.121630
PX4RL: state: 0.500000,-0.500000,0.177054,0.620515,-0.071472,-0.780929,-0.027029,0.993296,-0.112385,0.783727,0.090845,0.614424,0.001923,-0.011477,0.059772,0.855744,-1.971079,-0.978263
actions: 0.809145,-0.849222,0.691282,0.171259
actions: 0.949869,-0.917109,0.855689,0.145141
PX4RL: state: 0.500000,-0.500000,0.202061,0.590923,-0.061732,-0.804360,-0.075283,0.988497,-0.131171,0.803205,0.138066,0.579479,0.028963,-0.165251,0.114705,-0.315425,0.968916,0.079932
actions: 0.651296,0.229069,0.117667,0.614416
actions: 0.803622,-0.847525,0.409967,0.189701
PX4RL: state: 0.500000,-0.500000,0.179584,0.994687,-0.086629,-0.055616,0.083898,0.995234,-0.049686,0.059655,0.044756,0.997215,0.410971,-0.005694,-0.052947,0.091697,5.783673,-0.072637
actions: 0.796554,-0.818107,0.246599,0.504502
actions: 0.825049,-0.349838,0.852664,0.497812
PX4RL: state: 0.500000,-0.500000,0.149118,0.956768,-0.179414,0.228920,0.180982,0.983382,0.014302,-0.227682,0.027746,0.973340,0.302981,-0.052561,-0.123336,-0.279848,0.108941,0.358147
actions: 0.688655,-0.894092,0.301483,0.244079
actions: 0.865687,-0.054450,0.518918,-0.304922
PX4RL: state: 0.500000,-0.500000,0.153109,0.915641,0.397075,0.062705,-0.388659,0.914272,-0.114229,-0.102688,0.080222,0.991473,0.084513,-0.156708,-0.031695,1.024466,-1.224655,-5.996296
actions: 0.951135,-0.869820,0.845497,0.623494
actions: 0.814244,-0.501565,0.913843,-0.255890
PX4RL: state: 0.500000,-0.500000,0.151228,0.283778,0.942970,-0.173992,-0.953883,0.259096,-0.151567,-0.097843,0.208979,0.973012,-0.122223,-0.175187,0.008958,0.513288,0.484718,-1.814253
PX4RL: STAI network run took 813 us
actions: 0.774775,-0.660135,0.743480,-0.119983
actions: 0.769207,-0.698104,0.549901,-0.021459
PX4RL: state: 0.500000,-0.500000,0.152307,0.199074,0.959832,-0.197704,-0.976009,0.176043,-0.128101,-0.088152,0.218463,0.971855,-0.113259,-0.031555,0.011650,-0.024808,-0.066200,0.634682
actions: 0.661077,-0.824019,0.473643,0.333471
actions: 0.739916,-0.616903,0.696638,-0.088528
PX4RL: state: 0.500000,-0.500000,0.153000,0.772120,0.623548,-0.122540,-0.631883,0.773819,-0.043874,0.067466,0.111308,0.991493,-0.106767,0.017146,-0.006686,-0.524031,-0.767462,6.219442
actions: 0.892382,-0.780843,0.725393,0.202245
actions: 0.258963,-0.463291,0.288764,0.225275
PX4RL: state: 0.500000,-0.500000,0.150351,0.828011,-0.546640,-0.124823,0.555624,0.829827,0.051642,0.075352,-0.112115,0.990834,0.101522,0.049967,0.002628,-0.060003,0.417849,4.913724
actions: 0.783971,-0.421705,0.873271,0.063534
actions: 0.828639,-0.631782,0.722053,0.052583
PX4RL: state: 0.500000,-0.500000,0.147450,0.379579,-0.921924,-0.077277,0.919211,0.366366,0.144304,-0.104726,-0.125809,0.986511,0.150491,0.164986,0.009149,-0.055228,0.921026,1.665998
actions: 0.833168,-0.707784,0.852625,0.305583
actions: 0.897017,-0.847062,0.896829,0.697574
PX4RL: state: 0.500000,-0.500000,0.156936,0.187945,-0.978739,-0.082114,0.959846,0.165303,0.226639,-0.208247,-0.121412,0.970511,0.139327,0.103449,0.020518,-0.312785,-0.208086,0.240007
actions: 0.946448,-0.770580,0.944599,-0.054253
actions: 0.873724,0.519139,0.882847,-0.114172
PX4RL: state: 0.500000,-0.500000,0.161528,0.213470,-0.967370,-0.136458,0.962059,0.183864,0.201574,-0.169908,-0.174311,0.969920,0.064197,0.029094,0.014512,-0.148687,-0.032216,-0.225807
actions: 0.810192,-0.881028,0.386085,-0.012142
actions: 0.872870,-0.752538,0.616363,0.244791
PX4RL: state: 0.500000,-0.500000,0.156349,0.357173,-0.913531,-0.194639,0.927472,0.322216,0.189652,-0.110538,-0.248261,0.962365,0.007325,0.054919,-0.031300,-0.413862,-0.158218,-1.778781
actions: 0.835446,-0.895499,0.618803,-0.070224
actions: 0.772123,-0.862683,0.459056,0.080280
PX4RL: state: 0.500000,-0.500000,0.160336,0.920344,-0.368630,-0.130681,0.388643,0.899437,0.199922,0.043842,-0.234786,0.971057,-0.006906,0.077859,-0.022702,0.990440,0.084458,-5.812970
actions: 0.887110,-0.639813,0.677103,0.153376
actions: 0.785761,-0.155727,0.561077,-0.008564
PX4RL: state: 0.500000,-0.500000,0.143917,0.746432,0.661487,-0.072599,-0.665453,0.742462,-0.076943,0.003005,0.105745,0.994388,0.179556,-0.216344,-0.074619,0.230478,0.434066,-3.986016
actions: 0.657414,-0.635841,0.583974,0.324306
actions: 0.878330,-0.844541,0.862173,0.043979
PX4RL: state: 0.500000,-0.500000,0.141151,0.460374,0.885640,-0.060779,-0.884944,0.452443,-0.110295,-0.070183,0.104563,0.992038,-0.038972,-0.138644,-0.006455,-0.094957,0.010710,0.172894
PX4RL: STAI network run took 813 us
actions: 0.661226,-0.939298,0.643377,0.268345
actions: 0.606192,-0.428953,0.557364,0.233120
PX4RL: state: 0.500000,-0.500000,0.146015,0.923115,0.384106,-0.017896,-0.384474,0.922738,-0.027082,0.006111,0.031881,0.999473,-0.049554,0.013259,-0.003385,-0.532093,-0.766833,6.362348
actions: 0.714390,-0.876328,0.424965,0.112386
actions: 0.828393,-0.088750,0.842580,0.680382
PX4RL: state: 0.500000,-0.500000,0.142434,0.965940,-0.247572,-0.075280,0.247627,0.968815,-0.008756,0.075101,-0.010183,0.997123,0.016371,0.027005,0.009549,0.073212,-1.256011,-0.830491
actions: 0.752535,-0.173326,0.596756,0.785688
actions: 0.850074,-0.941274,0.674009,-0.027454
PX4RL: state: 0.500000,-0.500000,0.150728,0.756419,-0.027477,-0.653508,-0.024323,0.997244,-0.070083,0.653633,0.068908,0.753666,-0.034050,-0.079713,-0.038438,-1.092396,-4.930130,-0.336413
actions: 0.563725,-0.680287,0.676877,0.446400
actions: 0.803487,-0.494497,0.537890,0.189121
PX4RL: state: 0.500000,-0.500000,0.196589,0.545904,0.055336,-0.836016,-0.048636,0.998226,0.034315,0.836433,0.021927,0.547628,-0.161178,-0.047282,0.189014,0.059422,1.062297,0.011478
actions: 0.709192,-0.889491,0.195346,0.632186
actions: 0.905341,-0.712134,0.492195,-0.152152
PX4RL: state: 0.500000,-0.500000,0.178469,0.982630,0.026874,-0.183618,-0.024330,0.999574,0.016092,0.183972,-0.011345,0.982865,0.188197,-0.005774,-0.105458,-0.321155,5.128723,0.598858
actions: 0.880099,-0.858878,0.713803,0.088553
actions: 0.602829,-0.906330,0.677553,-0.102064
PX4RL: state: 0.500000,-0.500000,0.142468,0.784135,-0.079723,0.615446,0.027775,0.995228,0.093530,-0.619967,-0.056246,0.782608,0.514106,0.051085,-0.155476,-0.192865,-1.477772,-0.129634
actions: 0.606646,-0.870527,0.290883,0.383415
actions: 0.512733,-0.636395,0.307476,0.697069
PX4RL: state: 0.500000,-0.500000,0.159091,0.854862,-0.007557,0.518798,0.041626,0.997669,-0.054057,-0.517181,0.067808,0.853185,0.332784,-0.077992,0.123049,2.337328,0.430032,-0.351228
actions: 0.471374,-0.881310,-0.125670,0.682672
actions: 0.642499,0.167167,0.722578,0.486602
PX4RL: state: 0.500000,-0.500000,0.184529,0.724340,0.467817,0.506434,-0.095344,0.795471,-0.598442,-0.682816,0.385189,0.620796,0.146172,-0.275036,0.083477,2.632573,0.191567,-1.615907
actions: 0.698856,-0.669246,0.657175,0.147550
actions: 0.880362,-0.600000,0.502718,0.537735
PX4RL: state: 0.500000,-0.500000,0.194453,0.716212,0.652461,0.247653,-0.293604,0.603638,-0.741225,-0.633114,0.458162,0.623899,-0.082779,-0.070151,-0.002229,-1.217490,-3.791564,2.212927
actions: 0.691816,-0.962182,0.394288,0.526876
actions: 0.865551,-0.907295,0.146113,0.231693
PX4RL: state: 0.500000,-0.500000,0.140735,0.928564,-0.093595,-0.359175,0.146420,0.981577,0.122750,0.341069,-0.166572,0.925162,-0.249216,0.547743,-0.119585,-4.139855,-0.165623,4.937792
PX4RL: STAI network run took 810 us
actions: 0.795022,-0.935195,0.517101,0.133115
actions: 0.964596,-0.642918,0.836325,0.376711
PX4RL: state: 0.500000,-0.500000,0.140506,0.842970,-0.445268,-0.301888,0.526152,0.799338,0.290208,0.112090,-0.403477,0.908097,-0.111978,0.390105,0.013659,1.774450,0.683622,1.002534
actions: 0.824445,-0.458369,0.602566,0.150434
actions: 0.950960,-0.391872,0.686672,0.132692
PX4RL: state: 0.500000,-0.500000,0.130186,0.780115,-0.624563,-0.036599,0.625544,0.777674,0.062576,-0.010620,-0.071711,0.997368,0.076665,0.124032,-0.036044,0.430737,-0.010453,0.344190
actions: 0.710397,-0.842443,0.243130,0.515820
actions: 0.574043,-0.750597,0.675853,0.720614
PX4RL: state: 0.500000,-0.500000,0.130879,0.869476,-0.493107,-0.029242,0.493835,0.869107,0.027890,0.011661,-0.038691,0.999183,-0.022177,0.084194,0.027496,0.286709,0.131613,-3.504500
actions: 0.894962,-0.827951,0.719496,-0.150369
actions: 0.602442,-0.906297,0.677312,-0.101700
PX4RL: state: 0.500000,-0.500000,0.136241,0.875126,0.479098,-0.067955,-0.480395,0.877046,-0.003159,0.058086,0.035410,0.997683,0.091190,-0.032821,-0.012364,0.214234,0.198261,-3.045011
actions: 0.837662,-0.428094,0.793476,-0.051997
actions: 0.842128,-0.594728,0.756219,0.061941
PX4RL: state: 0.500000,-0.500000,0.133974,0.922695,0.378605,-0.072734,-0.377288,0.925556,0.031592,0.079281,-0.001708,0.996850,-0.041680,-0.028670,-0.007860,0.011757,-0.256089,2.821511
actions: 0.761254,-0.897715,0.384637,0.347308
actions: 0.793433,-0.727765,0.609311,0.103234
PX4RL: state: 0.500000,-0.500000,0.137307,0.995434,0.041611,-0.085895,-0.043203,0.998925,-0.016762,0.085106,0.020397,0.996163,-0.011237,0.016562,0.007379,-0.194717,-0.367072,0.092627
actions: 0.656621,-0.692496,0.679728,-0.217363
actions: 0.930095,-0.864408,0.917025,-0.144695
PX4RL: state: 0.500000,-0.500000,0.136116,0.994594,0.054167,-0.088592,-0.051249,0.998076,0.034884,0.090311,-0.030155,0.995456,0.035398,0.005698,-0.003049,-1.412583,0.141126,-0.350789
actions: 0.760646,-0.597422,0.606778,0.081250
actions: 0.642510,-0.455427,0.681717,0.365471
PX4RL: state: 0.500000,-0.500000,0.126943,0.998309,0.055036,-0.018670,-0.013819,0.536849,0.843563,0.056449,-0.841879,0.536703,0.069453,0.403017,-0.082255,-3.545979,0.353627,0.564005
actions: 0.770285,-0.934415,0.250577,0.397977
actions: 0.756434,0.448467,0.772983,0.682316
PX4RL: state: 0.500000,-0.500000,0.158945,0.999848,0.015936,0.007012,-0.017351,0.878747,0.476970,0.001439,-0.477019,0.878891,0.009765,0.081734,0.127223,8.804949,-0.406691,0.267607
actions: 0.890372,-0.610936,0.883258,0.497606
actions: 0.896993,-0.892783,0.745164,0.195203
PX4RL: state: 0.500000,-0.500000,0.136338,0.986884,0.020173,-0.160163,-0.117593,0.769565,-0.627646,0.110593,0.638248,0.761844,-0.130305,-0.723796,-0.005212,-0.921157,0.260839,-0.387977
PX4RL: STAI network run took 806 us
actions: 0.766651,-0.680778,0.615573,0.110488
actions: 0.614095,-0.818297,0.297547,0.363322
PX4RL: state: 0.500000,-0.500000,0.147044,0.974144,0.121781,-0.190295,-0.148303,0.980098,-0.131955,0.170438,0.156765,0.972818,-0.079156,-0.098461,0.049301,-2.418360,0.107937,0.439982
actions: 0.643353,-0.919644,0.323784,0.311877
actions: 0.810711,0.257522,0.879575,0.394418
PX4RL: state: 0.500000,-0.500000,0.154671,0.994039,0.087878,0.064516,-0.092946,0.992428,0.080285,-0.056972,-0.085804,0.994681,0.126279,0.084699,0.030630,-0.308583,0.911841,0.521759
actions: 0.868745,-0.888785,0.757316,-0.134712
actions: 0.862680,-0.675141,0.718159,0.215867
PX4RL: state: 0.500000,-0.500000,0.133848,0.995857,0.067977,0.060388,-0.069528,0.997292,0.023963,-0.058596,-0.028062,0.997887,0.044598,0.044115,-0.329880,0.830479,0.186357,0.179549
actions: 0.880186,-0.696254,0.408069,0.459571
actions: 0.688483,-0.783356,0.307596,0.468235
PX4RL: state: 0.500000,-0.500000,0.057016,0.998422,0.055556,-0.008142,-0.055770,0.998025,-0.028892,0.006521,0.029301,0.999549,0.028089,0.015412,-0.347149,-0.296245,0.365141,0.121944
actions: 0.304229,-0.074659,0.359120,0.634440
actions: 0.883615,-0.856788,0.822642,-0.114384
PX4RL: state: 0.500000,-0.500000,-0.005965,0.998303,0.046329,-0.035262,-0.045505,0.998679,0.023839,0.036320,-0.022193,0.999093,-0.111448,0.043958,-0.126593,0.072294,0.144377,0.233181
actions: 0.808027,-0.832228,0.735870,-0.612740
actions: 0.767662,-0.862363,0.730795,-0.312529
PX4RL: state: 0.500000,-0.500000,0.015574,0.997935,0.062597,-0.014349,-0.062131,0.997590,0.030881,0.016248,-0.029925,0.999420,-0.127979,0.109342,0.084612,0.632760,0.094976,-0.108527
actions: 0.817813,-0.829585,0.439412,-0.055828
actions: 0.926070,-0.906852,0.530684,0.037008
PX4RL: state: 0.500000,-0.500000,0.016812,0.998006,0.061661,-0.013471,-0.061400,0.997931,0.019037,0.014617,-0.018172,0.999728,-0.138380,0.137702,0.030352,-0.003087,0.000584,0.002147
actions: 0.710060,-0.872930,0.476024,0.174480
actions: 0.791323,-0.585814,0.539832,0.028847
PX4RL: state: 0.500000,-0.500000,0.013615,0.998080,0.060492,-0.013290,-0.060240,0.998010,0.018623,0.014391,-0.017786,0.999738,-0.155817,0.157089,-0.003282,0.001505,-0.000855,0.000634
actions: 0.616995,-0.834675,0.310608,0.437927
actions: 0.858500,-0.375712,0.853678,0.003560
PX4RL: state: 0.500000,-0.500000,0.011280,0.998150,0.059383,-0.012999,-0.059142,0.998083,0.018204,0.014056,-0.017402,0.999749,-0.173103,0.175173,-0.009767,-0.002164,0.001744,-0.000870
actions: 0.908943,-0.757143,0.781896,-0.076069
actions: 0.876331,-0.932132,0.695301,0.363245
PX4RL: state: 0.500000,-0.500000,0.014774,0.998216,0.058337,-0.012697,-0.058106,0.998150,0.017891,0.013717,-0.017121,0.999759,-0.190603,0.193003,0.006918,-0.004484,0.002003,0.001179
PX4RL: STAI network run took 811 us
actions: 0.545074,-0.459487,0.507652,0.474408
actions: 0.789122,-0.500383,0.694127,0.403218
PX4RL: state: 0.500000,-0.500000,0.011506,0.998276,0.057352,-0.012440,-0.057130,0.998212,0.017577,0.013426,-0.016836,0.999768,-0.208495,0.209453,-0.004233,0.000930,-0.006281,0.001582
actions: 0.562789,0.179371,0.346379,0.339106
actions: 0.893309,-0.931694,0.777593,0.066744
PX4RL: state: 0.500000,-0.500000,0.011859,0.998335,0.056335,-0.012331,-0.056119,0.998275,0.017231,0.013280,-0.016511,0.999775,-0.224171,0.226549,-0.003620,0.006742,0.001475,0.000624
actions: 0.625542,-0.602597,0.656652,-0.133329
actions: 0.292578,-0.483654,0.552042,0.015888
PX4RL: state: 0.500000,-0.500000,0.011107,0.998392,0.055360,-0.012158,-0.055150,0.998333,0.016972,0.013077,-0.016274,0.999782,-0.241270,0.241792,-0.000269,0.000470,0.001343,-0.001754
actions: 0.736258,-0.913069,0.316599,0.179168
actions: 0.807236,-0.871393,0.163033,0.567112
PX4RL: state: 0.500000,-0.500000,0.011422,0.998448,0.054420,-0.011815,-0.054221,0.998391,0.016569,0.012698,-0.015902,0.999792,-0.256355,0.257072,-0.000991,0.002633,0.000008,-0.002562
actions: 0.825188,-0.664693,0.694669,0.097588
actions: 0.845912,-0.338248,0.642006,-0.062150
PX4RL: state: 0.500000,-0.500000,0.012763,0.998503,0.053450,-0.011595,-0.053259,0.998448,0.016230,0.012444,-0.015588,0.999801,-0.271074,0.271331,0.005538,-0.000528,0.001964,-0.004929
actions: 0.922976,-0.840564,0.905904,-0.101767
actions: 0.787690,-0.668536,0.774421,-0.265429
PX4RL: state: 0.500000,-0.500000,0.014075,0.998554,0.052534,-0.011354,-0.052351,0.998502,0.015853,0.012170,-0.015236,0.999809,-0.286505,0.284903,0.008037,0.001456,-0.001620,-0.000799
actions: 0.645255,-0.918374,0.329272,0.311299
actions: 0.702547,-0.868096,0.561731,0.123699
PX4RL: state: 0.500000,-0.500000,0.010293,0.998601,0.051670,-0.011161,-0.051493,0.998551,0.015628,0.011953,-0.015031,0.999815,-0.301771,0.298733,-0.015838,-0.000588,0.002289,0.001489
actions: 0.838773,0.540419,0.878485,-0.335618
actions: 0.775260,-0.977941,0.580705,0.382180
PX4RL: state: 0.500000,-0.500000,0.011588,0.998652,0.050759,-0.010841,-0.050590,0.998601,0.015375,0.011606,-0.014806,0.999823,-0.315808,0.311316,-0.001127,0.001717,0.004377,-0.001892
actions: 0.635410,-0.731339,0.372826,0.364816
actions: 0.932519,-0.470741,0.915177,-0.052362
PX4RL: state: 0.500000,-0.500000,0.012340,0.998656,0.050711,-0.010681,-0.050547,0.998607,0.015110,0.011433,-0.014550,0.999828,-0.331898,0.323907,0.002070,-0.003345,-0.005737,-0.000596
actions: 0.905783,-0.636045,0.836190,-0.232298
actions: 0.863074,-0.802097,0.478235,-0.078161
PX4RL: state: 0.500000,-0.500000,0.013386,0.998799,0.047853,-0.010471,-0.047696,0.998753,0.014734,0.011163,-0.014217,0.999836,-0.337302,0.337014,0.008290,0.002729,0.002818,0.042294
PX4RL: STAI network run took 827 us
actions: 0.773643,-0.066656,0.693116,0.328669
actions: 0.634302,-0.936789,0.370830,0.354729
PX4RL: state: 0.500000,-0.500000,0.012646,0.999384,0.033510,-0.010359,-0.033357,0.999337,0.014543,0.010839,-0.014188,0.999840,-0.352354,0.343730,-0.000985,-0.000701,-0.007514,0.069384
actions: 0.629214,-0.635730,0.440050,0.375051
actions: 0.639569,-0.874547,0.709635,0.552311
PX4RL: state: 0.500000,-0.500000,0.015324,0.999031,0.024258,-0.036718,-0.023951,0.999674,0.008791,0.036919,-0.007903,0.999286,-0.364370,0.362263,0.042113,0.065521,-0.438561,0.035851
actions: 0.753367,-0.695596,0.838026,0.106758
actions: 0.910852,-0.821353,0.794009,-0.133835
PX4RL: state: 0.500000,-0.500000,0.011428,0.999310,0.017542,-0.032725,-0.018024,0.999732,-0.014504,0.032462,0.015084,0.999359,0.052589,-0.114153,0.079250,-0.117238,-0.297312,0.086760
actions: 0.769716,-0.903542,0.744960,-0.327428
actions: 0.727008,-0.884880,0.215835,0.264261
PX4RL: state: 0.500000,-0.500000,0.070290,0.998312,-0.008963,-0.057379,0.008981,0.999959,0.000049,0.057376,-0.000564,0.998352,0.064151,-0.024789,0.333542,0.076492,-0.020721,-0.117857
actions: 0.616717,-0.816394,0.290749,0.363473
actions: 0.673649,-0.948768,-0.011874,0.518376
PX4RL: state: 0.500000,-0.500000,0.163033,0.999734,0.007331,-0.021846,-0.008285,0.999002,-0.043885,0.021503,0.044055,0.998797,0.061503,-0.061791,0.453962,0.014933,0.502603,-0.113632
actions: 0.930288,-0.260906,0.840592,0.401837
actions: 0.861581,-0.793793,0.843836,-0.013332
PX4RL: state: 0.500000,-0.500000,0.233610,0.999280,-0.010901,0.036338,0.015629,0.991061,-0.132490,-0.034568,0.132963,0.990517,0.081037,-0.115493,0.286403,0.551912,0.291089,0.197744
actions: 0.756382,-0.737859,0.572395,0.528942
actions: 0.893221,-0.574128,0.869066,0.215189
PX4RL: state: 0.500000,-0.500000,0.250430,0.999530,-0.022453,0.020842,0.024590,0.993772,-0.108682,-0.018272,0.109143,0.993858,0.031475,-0.084612,-0.020014,-0.215129,-0.115722,-0.018473
actions: 0.773863,-0.563530,0.179871,0.222517
actions: 0.888826,-0.956486,0.633520,0.280611
PX4RL: state: 0.500000,-0.500000,0.243930,0.999752,-0.010570,-0.019563,0.009608,0.998771,-0.048621,0.020052,0.048421,0.998625,-0.008076,-0.002646,-0.013042,-0.337266,0.189879,-0.091138
actions: 0.763028,-0.765524,0.807020,-0.030815
actions: 0.878187,-0.458092,0.838573,-0.096641
PX4RL: state: 0.500000,-0.500000,0.243305,0.999583,0.018628,-0.022023,-0.017579,0.998743,0.046928,0.022869,-0.046521,0.998655,-0.021206,0.067853,-0.006314,-0.078588,0.002190,-0.003208
actions: 0.861581,-0.793793,0.843836,-0.013332
actions: 0.663861,-0.883036,0.839698,0.021139
PX4RL: state: 0.500000,-0.500000,0.241205,0.999799,0.015845,-0.012266,-0.015354,0.999113,0.039206,0.012876,-0.039010,0.999155,-0.004235,0.011254,-0.000534,0.143069,0.245012,0.043635
PX4RL: STAI network run took 811 us
actions: 0.833517,-0.939664,0.176505,0.338893
actions: 0.842090,-0.645184,0.726635,0.210994
PX4RL: state: 0.500000,-0.500000,0.244717,0.999773,0.021157,-0.002436,-0.021101,0.999556,0.021031,0.002880,-0.020975,0.999775,-0.022942,0.028305,-0.008719,0.081130,0.100571,-0.056526
actions: 0.618342,-0.721884,0.439440,0.553235
actions: 0.944356,-0.069834,0.874602,0.272671
PX4RL: state: 0.500000,-0.500000,0.236087,0.999245,0.033704,0.019289,-0.034290,0.998934,0.030895,-0.018227,-0.031533,0.999336,0.007653,0.048498,-0.070945,-0.106149,0.422156,0.171112
actions: 0.694816,-0.759657,0.400167,0.220137
actions: 0.732860,-0.907668,0.492605,0.085211
PX4RL: state: 0.500000,-0.500000,0.207246,0.997062,0.036715,0.067218,-0.039285,0.998530,0.037328,-0.065748,-0.039859,0.997039,0.029762,0.073283,-0.168933,0.150152,0.398717,-0.205924
actions: 0.687836,-0.857948,0.711651,0.359730
actions: 0.922752,-0.388122,0.712567,0.079016
PX4RL: state: 0.500000,-0.500000,0.158988,0.994120,0.062723,0.088259,-0.062426,0.998030,-0.006123,-0.088469,0.000577,0.996078,0.012097,0.077347,-0.327522,-0.054885,-0.038149,-0.130223
actions: 0.918005,0.517927,0.817535,0.084350
actions: 0.864124,-0.945635,0.843711,-0.119941
PX4RL: state: 0.500000,-0.500000,0.086257,0.994682,0.075024,0.070562,-0.074890,0.997181,-0.004551,-0.070704,-0.000757,0.997497,-0.032465,0.009084,-0.330184,0.272742,-0.183042,0.205493
actions: 0.767554,-0.617755,0.784425,-0.320843
actions: 0.818332,-0.804080,0.830475,-0.343365
PX4RL: state: 0.500000,-0.500000,0.009245,0.997951,0.062427,0.014004,-0.062828,0.997566,0.030238,-0.012082,-0.031056,0.999444,-0.053211,0.041476,-0.270393,-0.298508,-0.230199,0.182001
actions: 0.663776,-0.905127,0.298028,0.260861
actions: 0.883681,-0.778124,0.689391,0.122429
PX4RL: state: 0.500000,-0.500000,-0.000856,0.998417,0.055822,-0.006868,-0.055357,0.996921,0.055522,0.009947,-0.055054,0.998433,-0.087574,0.005066,-0.008052,0.379253,-0.486245,0.055776
actions: 0.609417,-0.901723,0.674503,-0.113113
actions: 0.881590,-0.742591,0.828104,-0.060953
PX4RL: state: 0.500000,-0.500000,0.020286,0.997897,0.062462,-0.017314,-0.062077,0.997829,0.021989,0.018650,-0.020868,0.999608,-0.131438,0.028268,0.070484,0.450222,-0.027660,-0.092620
actions: 0.855276,-0.266901,0.912801,0.406274
actions: 0.742829,-0.777254,0.659113,0.032251
PX4RL: state: 0.500000,-0.500000,0.013171,0.997435,0.069378,-0.017587,-0.069251,0.997569,0.007723,0.018080,-0.006485,0.999815,-0.156158,0.030302,-0.003493,-0.000254,-0.000809,0.000112
actions: 0.805312,-0.581776,0.844566,0.185737
actions: 0.775352,-0.899682,0.487187,0.131602
PX4RL: state: 0.500000,-0.500000,0.013192,0.997586,0.067250,-0.017277,-0.067130,0.997716,0.007455,0.017739,-0.006277,0.999822,-0.183980,0.027606,0.002358,0.002796,-0.003969,-0.001217
PX4RL: STAI network run took 809 us
actions: 0.868471,-0.117767,0.873405,0.483266
actions: 0.767279,-0.853850,0.777509,0.249811
PX4RL: state: 0.500000,-0.500000,0.010452,0.997670,0.066092,-0.016887,-0.065976,0.997794,0.007302,0.017333,-0.006171,0.999830,-0.210504,0.023559,-0.009781,-0.000320,0.001482,0.000710
actions: 0.711864,-0.850661,0.476703,0.342739
actions: 0.888433,-0.925188,0.769359,-0.020131
PX4RL: state: 0.500000,-0.500000,0.012757,0.997748,0.064972,-0.016659,-0.064860,0.997868,0.007159,0.017088,-0.006063,0.999835,-0.236644,0.019502,0.003925,0.002585,-0.002253,-0.000290
actions: 0.772052,-0.836732,0.547223,0.052588
actions: 0.638884,-0.658178,0.744520,0.305333
PX4RL: state: 0.500000,-0.500000,0.013290,0.997832,0.063795,-0.016124,-0.063686,0.997944,0.007177,0.016548,-0.006134,0.999844,-0.260616,0.014423,0.004113,-0.002827,0.001464,0.000379
actions: 0.809060,-0.817114,0.811597,0.118112
actions: 0.890580,-0.565188,0.748642,0.056717
PX4RL: state: 0.500000,-0.500000,0.011557,0.997911,0.062673,-0.015643,-0.062566,0.998014,0.007256,0.016067,-0.006263,0.999851,-0.285923,0.010418,-0.006901,-0.001390,-0.000421,0.000574
actions: 0.914654,-0.937381,0.832705,-0.007681
actions: 0.753944,-0.500282,0.481177,0.024113
PX4RL: state: 0.500000,-0.500000,0.011463,0.997979,0.061630,-0.015428,-0.061528,0.998081,0.006978,0.015828,-0.006015,0.999856,-0.309942,0.006150,-0.004212,-0.001040,0.000039,-0.002220
actions: 0.842818,-0.793113,0.733908,-0.217548
actions: 0.762564,-0.787177,0.634030,0.060280
PX4RL: state: 0.500000,-0.500000,0.012689,0.998055,0.060478,-0.015094,-0.060380,0.998151,0.006864,0.015482,-0.005940,0.999862,-0.332776,0.000750,0.003921,-0.003042,-0.000495,-0.002762
actions: 0.795520,-0.847878,0.912584,-0.131985
actions: 0.781920,-0.828892,0.711043,0.060488
PX4RL: state: 0.500000,-0.500000,0.014275,0.998127,0.059363,-0.014762,-0.059268,0.998218,0.006798,0.015139,-0.005910,0.999867,-0.354441,-0.003463,0.003992,0.000428,-0.002314,-0.002436
actions: 0.790849,0.014236,0.642235,0.046687
actions: 0.815978,-0.886366,0.629712,0.367089
PX4RL: state: 0.500000,-0.500000,0.014119,0.998197,0.058271,-0.014380,-0.058179,0.998283,0.006725,0.014748,-0.005876,0.999874,-0.375972,-0.007838,-0.000263,0.001665,0.000820,-0.001705
actions: 0.653397,-0.771815,0.424168,0.464522
actions: 0.844956,-0.884420,0.697343,0.579536
PX4RL: state: 0.500000,-0.500000,0.012543,0.998253,0.057384,-0.014062,-0.057296,0.998335,0.006611,0.014418,-0.005793,0.999879,-0.396284,-0.012693,-0.001202,0.001673,-0.000403,-0.002346
actions: 0.240685,-0.087961,0.349142,0.355037
actions: 0.888263,-0.876513,0.769574,0.210370
PX4RL: state: 0.500000,-0.500000,0.012796,0.998315,0.056342,-0.013810,-0.056256,0.998395,0.006520,0.014155,-0.005732,0.999883,-0.416609,-0.018109,0.002977,-0.002367,-0.002811,0.001249
PX4RL: STAI network run took 821 us
actions: 0.530955,-0.746603,0.583720,-0.106341
actions: 0.665242,-0.585274,0.821946,0.211089
PX4RL: state: 0.500000,-0.500000,0.013424,0.998370,0.055412,-0.013616,-0.055327,0.998447,0.006500,0.013955,-0.005736,0.999886,-0.436656,-0.023537,0.004777,-0.002479,0.002453,-0.002349
actions: 0.790788,-0.869372,0.928912,-0.329979
actions: 0.834356,-0.835894,0.562534,0.001690
PX4RL: state: 0.500000,-0.500000,0.012416,0.998432,0.054376,-0.013289,-0.054295,0.998504,0.006405,0.013618,-0.005674,0.999891,-0.455383,-0.028388,-0.000954,0.001738,0.001371,-0.003600
actions: 0.858482,-0.373783,0.903124,0.192116
actions: 0.838874,-0.923053,0.623364,-0.107127
PX4RL: state: 0.500000,-0.500000,0.011917,0.998489,0.053379,-0.013004,-0.053300,0.998558,0.006332,0.013323,-0.005629,0.999895,-0.473169,-0.034398,-0.000913,-0.000517,0.001049,0.001332
actions: 0.360290,-0.944163,0.444448,0.422027
actions: 0.882538,-0.517395,0.548348,-0.318541
PX4RL: state: 0.500000,-0.500000,0.014370,0.998542,0.052444,-0.012723,-0.052366,0.998607,0.006372,0.013039,-0.005696,0.999898,-0.490421,-0.039913,0.010345,0.000799,0.001585,0.000874
actions: 0.812027,-0.912600,0.404894,0.123128
actions: 0.661077,-0.824014,0.473642,0.333472
PX4RL: state: 0.500000,-0.500000,0.013430,0.998595,0.051520,-0.012345,-0.051445,0.998655,0.006349,0.012655,-0.005705,0.999903,-0.508062,-0.046781,-0.000123,-0.000816,0.004242,-0.003141
actions: 0.712779,-0.804692,0.740171,-0.033116
actions: 0.900116,-0.218934,0.788879,-0.351751
PX4RL: state: 0.500000,-0.500000,0.013154,0.998642,0.050657,-0.012111,-0.050584,0.998700,0.006217,0.012410,-0.005596,0.999907,-0.523826,-0.052224,0.002840,0.001019,-0.003281,-0.003100
actions: 0.552651,-0.819818,0.260779,0.368475
actions: 0.785931,-0.938810,0.380263,-0.041316
PX4RL: state: 0.500000,-0.500000,0.012629,0.998685,0.049870,-0.011815,-0.049800,0.998740,0.006155,0.012107,-0.005558,0.999911,-0.540504,-0.059890,-0.003369,-0.003994,-0.002169,0.000354
actions: 0.670252,-0.814388,0.732778,0.011493
actions: 0.757977,-0.899481,0.784688,-0.003584
PX4RL: state: 0.500000,-0.500000,0.010397,0.998732,0.048990,-0.011535,-0.048922,0.998783,0.006130,0.011821,-0.005558,0.999914,-0.555090,-0.066532,-0.009280,0.002629,0.000998,-0.002526
actions: 0.667773,-0.597596,0.775100,-0.086292
actions: 0.887409,-0.500714,0.645553,-0.133158
PX4RL: state: 0.500000,-0.500000,0.012666,0.998772,0.048248,-0.011234,-0.048184,0.998820,0.005969,0.011509,-0.005421,0.999919,-0.570047,-0.071296,0.009314,0.001869,0.002008,-0.001861
actions: 0.645256,-0.918374,0.329273,0.311299
actions: 0.688388,-0.809938,0.347864,0.536838
PX4RL: state: 0.500000,-0.500000,0.013916,0.998814,0.047441,-0.010897,-0.047379,0.998859,0.005837,0.011161,-0.005313,0.999923,-0.584057,-0.078883,0.004982,-0.004083,-0.003725,-0.001812
PX4RL: STAI network run took 825 us
actions: 0.694853,-0.404590,0.488370,0.363283
actions: 0.843518,-0.791440,0.825298,0.000866
PX4RL: state: 0.500000,-0.500000,0.012646,0.998859,0.046539,-0.010668,-0.046478,0.998902,0.005821,0.010927,-0.005319,0.999926,-0.596588,-0.086724,-0.001900,-0.005154,0.003534,-0.002608
actions: 0.923986,-0.778088,0.839158,0.133037
actions: 0.865896,-0.895933,0.324393,0.343697
PX4RL: state: 0.500000,-0.500000,0.012441,0.998898,0.045733,-0.010518,-0.045674,0.998939,0.005840,0.010774,-0.005353,0.999927,-0.609159,-0.094123,-0.002966,0.002233,0.000679,-0.000499
actions: 0.712400,-0.461284,0.516261,0.302518
actions: 0.879939,-0.844356,0.301598,0.218855
PX4RL: state: 0.500000,-0.500000,0.012586,0.998936,0.044927,-0.010321,-0.044869,0.998976,0.005791,0.010571,-0.005321,0.999929,-0.621577,-0.100988,0.000618,0.003275,0.003229,0.000356
actions: 0.866536,0.244171,0.862214,0.620620
actions: 0.815180,-0.945335,0.719183,0.223178
PX4RL: state: 0.500000,-0.500000,0.012487,0.998970,0.044218,-0.010166,-0.044162,0.999008,0.005635,0.010405,-0.005180,0.999932,-0.633552,-0.108936,0.002210,0.000377,0.000806,-0.007426
actions: 0.891281,0.843426,0.883475,0.482632
actions: 0.583699,-0.973420,0.688560,-0.283253
PX4RL: state: 0.500000,-0.500000,0.011306,0.999002,0.043520,-0.010047,-0.043466,0.999039,0.005573,0.010280,-0.005131,0.999934,-0.645370,-0.116638,-0.001745,-0.001841,0.004066,0.000627
actions: 0.904980,-0.291298,0.010245,-0.234960
actions: 0.501612,-0.938740,0.619469,0.467199
PX4RL: state: 0.500000,-0.500000,0.012029,0.999039,0.042722,-0.009744,-0.042670,0.999074,0.005465,0.009968,-0.005044,0.999937,-0.657496,-0.124004,0.001651,-0.000018,-0.004553,-0.001035
actions: 0.879302,-0.766139,0.666389,0.449655
actions: 0.721746,-0.962077,0.687998,-0.076517
PX4RL: state: 0.500000,-0.500000,0.011151,0.999072,0.041989,-0.009534,-0.041940,0.999106,0.005264,0.009746,-0.004859,0.999940,-0.669036,-0.132577,-0.004779,-0.000301,-0.002915,-0.001147
actions: 0.876688,-0.522664,0.416543,0.090461
actions: 0.776200,-0.612951,0.511172,0.101841
PX4RL: state: 0.500000,-0.500000,0.013643,0.999101,0.041318,-0.009400,-0.041271,0.999134,0.005184,0.009606,-0.004791,0.999942,-0.679910,-0.139378,0.003494,0.000209,0.004887,-0.001949
actions: 0.903285,-0.094385,0.507317,0.061816
actions: 0.864124,-0.945635,0.843711,-0.119941
PX4RL: state: 0.500000,-0.500000,0.011441,0.999133,0.040618,-0.009065,-0.040572,0.999162,0.005232,0.009270,-0.004860,0.999945,-0.690299,-0.147442,-0.004086,-0.001756,-0.000113,-0.002001
actions: 0.710175,-0.570481,0.530964,0.139377
actions: 0.738353,-0.903651,0.744916,-0.043979
PX4RL: state: 0.500000,-0.500000,0.011189,0.999166,0.039856,-0.008781,-0.039813,0.999194,0.005092,0.008976,-0.004738,0.999948,-0.700716,-0.155275,-0.001278,-0.000060,0.000410,-0.000708
PX4RL: STAI network run took 812 us
actions: 0.919814,-0.797157,0.698363,0.262968
actions: 0.842176,-0.704715,0.934953,-0.376371
PX4RL: state: 0.500000,-0.500000,0.011541,0.999193,0.039249,-0.008514,-0.039207,0.999218,0.005010,0.008704,-0.004672,0.999951,-0.709531,-0.163886,-0.001404,-0.001116,-0.004412,-0.001236
actions: 0.748916,-0.900827,0.515035,0.082651
actions: 0.600627,-0.442448,0.455211,0.536875
PX4RL: state: 0.500000,-0.500000,0.011309,0.999220,0.038594,-0.008284,-0.038553,0.999243,0.005046,0.008473,-0.004723,0.999953,-0.718062,-0.172166,-0.003085,-0.000993,0.002438,0.001921
actions: 0.714260,-0.414832,0.743459,-0.173944
actions: 0.838875,-0.923053,0.623366,-0.107128
PX4RL: state: 0.500000,-0.500000,0.011662,0.999246,0.037961,-0.008091,-0.037921,0.999267,0.005069,0.008278,-0.004758,0.999954,-0.726325,-0.180108,0.000889,0.001292,0.001642,0.000463
actions: 0.618891,-0.871605,0.310185,0.361617
actions: 0.921422,-0.834129,0.859259,-0.009513
PX4RL: state: 0.500000,-0.500000,0.012984,0.999269,0.037405,-0.007836,-0.037366,0.999289,0.004998,0.008017,-0.004701,0.999956,-0.733885,-0.188458,0.004918,0.002056,-0.001430,0.002678
actions: 0.878230,-0.475931,0.789790,0.346397
actions: 0.725838,-0.914136,0.749631,0.409025
PX4RL: state: 0.500000,-0.500000,0.012053,0.999294,0.036758,-0.007716,-0.036721,0.999313,0.004854,0.007889,-0.004567,0.999958,-0.741994,-0.198775,-0.002311,0.000636,0.000210,0.002407
actions: 0.747130,0.133829,0.921378,-0.216762
actions: 0.913213,-0.823563,0.564575,-0.092147
PX4RL: state: 0.500000,-0.500000,0.011941,0.999317,0.036151,-0.007580,-0.036116,0.999336,0.004727,0.007746,-0.004450,0.999960,-0.749099,-0.207488,-0.001892,-0.001206,-0.000817,0.001076
actions: 0.747543,-0.459927,0.826411,0.047643
actions: 0.788554,-0.677911,0.897135,-0.152853
PX4RL: state: 0.500000,-0.500000,0.012876,0.999340,0.035567,-0.007315,-0.035533,0.999357,0.004700,0.007477,-0.004437,0.999962,-0.755574,-0.216337,0.002305,-0.000340,0.004483,-0.004346
actions: 0.860414,-0.416932,0.861136,-0.006357
actions: 0.888437,-0.925189,0.769362,-0.020150
PX4RL: state: 0.500000,-0.500000,0.013657,0.999360,0.035072,-0.007019,-0.035040,0.999374,0.004709,0.007180,-0.004460,0.999964,-0.760772,-0.224900,0.007074,0.000537,0.001905,-0.005267
actions: 0.817932,-0.937877,0.467754,0.265738
actions: 0.347696,-0.056771,0.476968,0.773225
PX4RL: state: 0.500000,-0.500000,0.012862,0.999381,0.034469,-0.006900,-0.034437,0.999395,0.004681,0.007058,-0.004440,0.999965,-0.767012,-0.235222,0.001198,-0.004885,-0.000539,0.000345
actions: 0.409877,-0.243149,0.780851,0.328980
actions: 0.529027,-0.576627,0.723654,0.010876
PX4RL: state: 0.500000,-0.500000,0.013290,0.999400,0.033931,-0.006919,-0.033899,0.999414,0.004638,0.007072,-0.004400,0.999965,-0.772471,-0.244249,0.002845,0.002764,0.003723,-0.003282
PX4RL: STAI network run took 804 us
actions: 0.811025,-0.746304,0.609289,0.081468
actions: 0.830821,-0.840306,0.338314,0.418167
PX4RL: state: 0.500000,-0.500000,0.013277,0.999419,0.033402,-0.006642,-0.033372,0.999432,0.004604,0.006792,-0.004380,0.999967,-0.777424,-0.253670,0.002265,0.000226,-0.001542,0.000869
actions: 0.870848,-0.770069,0.730219,0.411405
actions: 0.732017,-0.600596,0.385730,0.124770
PX4RL: state: 0.500000,-0.500000,0.011233,0.999434,0.032975,-0.006619,-0.032946,0.999446,0.004521,0.006765,-0.004300,0.999967,-0.781257,-0.265491,-0.005565,0.001780,0.003132,0.001416
actions: 0.766476,-0.902453,0.748298,-0.334292
actions: 0.785160,-0.779585,0.620979,0.088411
PX4RL: state: 0.500000,-0.500000,0.012518,0.999451,0.032426,-0.006675,-0.032396,0.999465,0.004445,0.006815,-0.004226,0.999967,-0.786726,-0.270395,0.005112,0.001451,-0.000794,-0.000166
actions: 0.782076,-0.905491,0.794768,0.089867
actions: 0.868502,-0.314314,0.833717,0.270204
PX4RL: state: 0.500000,-0.500000,0.011252,0.999468,0.031901,-0.006666,-0.031872,0.999482,0.004423,0.006803,-0.004209,0.999968,-0.792731,-0.282825,-0.004719,0.001993,-0.000387,-0.003386
actions: 0.751675,-0.417110,0.803712,0.107447
actions: 0.892371,-0.923719,0.119463,0.040500
PX4RL: state: 0.500000,-0.500000,0.011535,0.999484,0.031441,-0.006479,-0.031413,0.999496,0.004397,0.006614,-0.004192,0.999969,-0.796072,-0.291584,-0.004343,-0.001688,-0.004002,0.001750
actions: 0.875920,-0.879486,0.452168,0.244028
actions: 0.790582,-0.412585,0.660308,0.110033
PX4RL: state: 0.500000,-0.500000,0.010041,0.999500,0.030966,-0.006338,-0.030938,0.999511,0.004361,0.006470,-0.004163,0.999970,-0.800681,-0.301930,-0.008652,-0.001784,-0.004214,-0.000375
actions: 0.902818,-0.753033,0.585194,0.104757
actions: 0.701862,-0.837669,0.378647,0.249447
PX4RL: state: 0.500000,-0.500000,0.012552,0.999516,0.030472,-0.006187,-0.030445,0.999527,0.004319,0.006316,-0.004129,0.999971,-0.805685,-0.307526,0.004486,0.003160,-0.001089,0.000343
actions: 0.795683,-0.936900,0.505040,0.104793
actions: 0.654578,-0.771321,0.598260,-0.181158
PX4RL: state: 0.500000,-0.500000,0.014658,0.999532,0.029942,-0.006229,-0.029916,0.999543,0.004156,0.006350,-0.003968,0.999972,-0.810759,-0.315398,0.007556,-0.001213,-0.003196,-0.000783
actions: 0.784469,0.044224,0.718249,0.547473
actions: 0.579116,-0.866319,0.748573,0.382512
PX4RL: state: 0.500000,-0.500000,0.013018,0.999547,0.029483,-0.006002,-0.029458,0.999556,0.004269,0.006125,-0.004091,0.999972,-0.815081,-0.327221,0.001658,-0.001758,0.001709,-0.000079
actions: 0.859665,-0.894423,0.540212,0.252650
actions: 0.843577,0.261857,0.895492,0.736542
PX4RL: state: 0.500000,-0.500000,0.011726,0.999563,0.028983,-0.005788,-0.028960,0.999572,0.004086,0.005904,-0.003917,0.999974,-0.817468,-0.338709,-0.005425,-0.003220,-0.001719,-0.000831
PX4RL: STAI network run took 816 us
actions: 0.850088,-0.941271,0.674040,-0.027443
actions: 0.309925,-0.073344,0.337525,0.806813
PX4RL: state: 0.500000,-0.500000,0.012097,0.999576,0.028519,-0.005713,-0.028496,0.999585,0.004034,0.005825,-0.003869,0.999975,-0.820957,-0.346711,-0.000059,0.000249,-0.002423,-0.003220
actions: 0.674867,-0.620315,0.440912,0.241709
actions: 0.606205,-0.884652,0.344131,0.766026
PX4RL: state: 0.500000,-0.500000,0.011883,0.999587,0.028189,-0.005555,-0.028168,0.999595,0.003962,0.005664,-0.003804,0.999976,-0.824277,-0.357691,-0.001744,0.004042,-0.001778,0.002391
actions: 0.650691,-0.753557,0.440727,0.446634
actions: 0.898392,-0.840577,0.482174,0.056457
PX4RL: state: 0.500000,-0.500000,0.013067,0.999599,0.027791,-0.005402,-0.027770,0.999606,0.003919,0.005509,-0.003767,0.999977,-0.827086,-0.363773,0.003474,0.001753,-0.003800,-0.000295
actions: 0.927489,-0.792402,0.790063,0.238490
actions: 0.906709,-0.826628,0.759227,-0.037111
PX4RL: state: 0.500000,-0.500000,0.012300,0.999610,0.027399,-0.005362,-0.027378,0.999617,0.003852,0.005465,-0.003704,0.999978,-0.829919,-0.372587,0.003362,-0.001345,-0.000913,-0.002129
actions: 0.791267,-0.204144,0.896812,-0.204070
actions: 0.794867,-0.740478,0.701029,0.106946
PX4RL: state: 0.500000,-0.500000,0.016215,0.999623,0.026954,-0.005183,-0.026934,0.999629,0.003844,0.005285,-0.003703,0.999979,-0.834343,-0.380042,0.016604,-0.004297,-0.001121,0.000934
actions: 0.728567,-0.873062,0.802788,-0.051694
actions: 0.757630,-0.607510,0.547617,0.371481
PX4RL: state: 0.500000,-0.500000,0.012038,0.999632,0.026628,-0.005162,-0.026609,0.999639,0.003693,0.005258,-0.003555,0.999979,-0.832998,-0.402570,-0.005553,-0.001501,-0.002354,-0.000642
actions: 0.884174,-0.935974,0.615343,0.345404
actions: 0.872875,-0.824753,0.643381,-0.164062
PX4RL: state: 0.500000,-0.500000,0.012889,0.999643,0.026243,-0.004919,-0.026224,0.999648,0.003915,0.005020,-0.003785,0.999980,-0.834304,-0.404355,0.003344,-0.002617,0.001535,-0.002968
actions: 0.803181,-0.213720,0.793690,-0.049544
actions: 0.808931,-0.312049,0.715152,-0.135782
PX4RL: state: 0.500000,-0.500000,0.012196,0.999655,0.025808,-0.004744,-0.025789,0.999659,0.003972,0.004845,-0.003849,0.999980,-0.836134,-0.415772,0.000519,-0.000229,-0.002982,0.000161
actions: 0.853658,-0.525587,0.794007,-0.279154
actions: 0.818757,-0.849708,0.581024,-0.163351
PX4RL: state: 0.500000,-0.500000,0.012414,0.999666,0.025421,-0.004637,-0.025403,0.999669,0.003957,0.004736,-0.003838,0.999981,-0.837694,-0.424476,0.003351,-0.002266,-0.000820,-0.001066
actions: 0.848646,-0.308206,0.849858,0.177208
actions: 0.645364,-0.918185,0.341483,0.308116
PX4RL: state: 0.500000,-0.500000,0.012781,0.999697,0.024562,0.001032,-0.024560,0.999697,-0.000999,-0.001056,0.000974,0.999999,0.019577,-0.058231,0.002368,0.005570,0.001008,-0.001957
PX4RL: STAI network run took 823 us
actions: 0.744220,-0.707001,0.277178,0.132977
actions: 0.811759,-0.415466,0.833149,0.772862
PX4RL: state: 0.500000,-0.500000,0.013722,0.999594,0.025919,-0.011818,-0.025630,0.999384,0.023956,0.012432,-0.023643,0.999643,-0.023757,0.029076,0.002202,-0.001283,-0.003681,-0.003742
actions: 0.754433,-0.837855,0.102762,0.515550
actions: 0.758743,-0.675029,0.775145,0.140098
PX4RL: state: 0.500000,-0.500000,0.012334,0.999682,0.024807,-0.004314,-0.024783,0.999676,0.005725,0.004455,-0.005616,0.999974,0.000595,-0.038988,-0.006176,0.001167,-0.000060,0.001610
actions: 0.781434,-0.332491,0.778340,-0.214633
actions: 0.877542,-0.299632,0.711700,0.120203
PX4RL: state: 0.500000,-0.500000,0.012855,0.999680,0.024544,-0.005999,-0.024515,0.999688,0.004767,0.006114,-0.004619,0.999970,-0.011849,-0.045281,0.003468,-0.003497,0.001483,-0.002722
actions: 0.683338,-0.885445,0.483258,0.184649
actions: 0.834351,-0.835870,0.562589,0.001810
PX4RL: state: 0.500000,-0.500000,0.014244,0.999712,0.023945,0.001330,-0.023966,0.999542,0.018462,-0.000887,-0.018488,0.999828,0.031557,0.043220,0.008233,-0.000192,0.002638,0.002937
actions: 0.520319,-0.889992,0.170041,0.532701
actions: 0.597669,-0.087054,0.358076,0.350305
PX4RL: state: 0.500000,-0.500000,0.012968,0.999714,0.023694,-0.003090,-0.023649,0.999624,0.013829,0.003417,-0.013752,0.999899,0.009168,0.025745,-0.005067,0.001535,0.001376,0.003034
actions: 0.810360,-0.542934,0.860517,-0.070169
actions: 0.863533,0.404126,0.953669,0.509091
PX4RL: state: 0.500000,-0.500000,0.013187,0.999730,0.023196,0.000808,-0.023205,0.999634,0.013892,-0.000486,-0.013907,0.999903,0.038955,0.034031,-0.002515,-0.003131,0.002935,-0.000571
actions: 0.939886,-0.507812,0.727179,-0.272656
actions: 0.971381,-0.613804,0.974975,0.006029
PX4RL: state: 0.500000,-0.500000,0.012549,0.999737,0.022917,0.000862,-0.022927,0.999643,0.013714,-0.000547,-0.013730,0.999905,0.049414,0.042906,-0.000163,0.001379,-0.000829,0.000660
actions: 0.798806,-0.674101,0.478561,0.196605
actions: 0.744126,-0.928865,0.532584,0.163159
PX4RL: state: 0.500000,-0.500000,0.012503,0.999744,0.022576,0.000834,-0.022585,0.999653,0.013491,-0.000529,-0.013506,0.999908,0.060472,0.052395,0.000147,-0.002016,0.000527,-0.004472
actions: 0.832801,-0.628355,0.790387,0.500724
actions: 0.777032,-0.054144,0.345467,-0.165311
PX4RL: state: 0.500000,-0.500000,0.013078,0.999749,0.022348,0.000769,-0.022356,0.999662,0.013212,-0.000473,-0.013226,0.999912,0.070661,0.060666,0.004062,-0.001173,-0.000116,-0.000603
actions: 0.926956,0.089975,0.910915,0.088122
actions: 0.892381,-0.786808,0.598609,0.225284
PX4RL: state: 0.500000,-0.500000,0.011138,0.999756,0.022035,0.000845,-0.022044,0.999672,0.012976,-0.000559,-0.012992,0.999915,0.078547,0.067952,-0.006809,-0.000386,-0.001892,-0.001992
PX4RL: STAI network run took 806 us
actions: 0.850145,-0.941297,0.673937,-0.027291
actions: 0.831383,-0.923188,0.462852,0.410448
PX4RL: state: 0.500000,-0.500000,0.012196,0.999762,0.021759,0.000780,-0.021767,0.999682,0.012703,-0.000503,-0.012717,0.999919,0.088081,0.075766,0.003353,0.001024,-0.002216,-0.000446
actions: 0.794721,-0.865551,0.625463,0.135477
actions: 0.621371,-0.814058,0.560316,-0.236358
PX4RL: state: 0.500000,-0.500000,0.013539,0.999770,0.021397,0.000773,-0.021405,0.999693,0.012455,-0.000507,-0.012468,0.999922,0.098325,0.083154,0.007904,-0.000128,0.000516,0.000352
actions: 0.811960,-0.912751,0.404294,0.123272
actions: 0.924019,-0.901929,0.805461,-0.041725
PX4RL: state: 0.500000,-0.500000,0.013192,0.999778,0.021052,0.000747,-0.021060,0.999701,0.012403,-0.000486,-0.012416,0.999922,0.107603,0.090039,0.004524,0.001505,0.000463,-0.002809
actions: 0.831177,-0.823400,0.337308,0.290899
actions: 0.634296,-0.936789,0.370823,0.354737
PX4RL: state: 0.500000,-0.500000,0.013598,0.999783,0.020815,0.000789,-0.020823,0.999709,0.012100,-0.000537,-0.012114,0.999926,0.117466,0.096911,0.002553,0.003380,-0.001797,0.000724
actions: 0.866584,-0.946976,0.366604,0.151422
actions: 0.849732,-0.701594,0.577185,0.264250
PX4RL: state: 0.500000,-0.500000,0.011103,0.999788,0.020569,0.000759,-0.020576,0.999718,0.011821,-0.000516,-0.011834,0.999929,0.127196,0.103696,-0.004316,-0.003422,0.001539,-0.000875
actions: 0.553800,-0.769520,0.556790,0.090395
actions: 0.816742,-0.973875,0.486479,0.258793
PX4RL: state: 0.500000,-0.500000,0.012600,0.999795,0.020230,0.000584,-0.020235,0.999727,0.011610,-0.000349,-0.011619,0.999932,0.136986,0.109486,0.003462,-0.002797,0.000029,-0.002679
actions: 0.926374,-0.141070,0.810240,0.104325
actions: 0.761406,-0.888822,0.386412,0.259132
PX4RL: state: 0.500000,-0.500000,0.012392,0.999800,0.019972,0.000626,-0.019978,0.999735,0.011414,-0.000397,-0.011424,0.999934,0.145777,0.115242,0.000292,0.001327,0.001929,-0.004961
actions: 0.614873,0.265636,0.658452,0.667858
actions: 0.719033,-0.845412,0.599897,0.284812
PX4RL: state: 0.500000,-0.500000,0.012629,0.999804,0.019737,0.000746,-0.019744,0.999742,0.011172,-0.000525,-0.011184,0.999937,0.155617,0.119979,0.000128,0.003971,-0.001099,-0.000167
actions: 0.862558,0.099615,0.701186,0.341538
actions: 0.875161,-0.794532,0.850975,0.151002
PX4RL: state: 0.500000,-0.500000,0.011557,0.999810,0.019482,0.000667,-0.019488,0.999750,0.010941,-0.000454,-0.010952,0.999939,0.166156,0.124445,-0.003555,0.002269,0.004859,0.001298
actions: 0.761048,-0.737490,0.774066,-0.124707
actions: 0.669357,-0.814995,0.732159,0.011595
PX4RL: state: 0.500000,-0.500000,0.012129,0.999814,0.019280,0.000511,-0.019284,0.999755,0.010802,-0.000303,-0.010810,0.999941,0.175891,0.128471,0.003425,0.001492,0.003179,-0.003201
PX4RL: STAI network run took 808 us
actions: 0.627365,-0.913142,0.498861,0.535274
actions: 0.899226,-0.745519,0.844374,-0.148608
PX4RL: state: 0.500000,-0.500000,0.012740,0.999818,0.019065,0.000578,-0.019070,0.999761,0.010625,-0.000376,-0.010634,0.999943,0.186312,0.132266,0.004883,-0.000881,-0.000654,0.001455
actions: 0.772107,-0.862753,0.458947,0.080384
actions: 0.810724,-0.879662,0.220729,0.138668
PX4RL: state: 0.500000,-0.500000,0.012763,0.999823,0.018773,0.000640,-0.018779,0.999770,0.010345,-0.000445,-0.010355,0.999946,0.195636,0.135728,0.001543,0.000023,0.002890,-0.001700
actions: 0.788646,-0.556479,0.761464,-0.005725
actions: 0.876624,0.585538,0.686938,0.561019
PX4RL: state: 0.500000,-0.500000,0.010729,0.999827,0.018559,0.000621,-0.018565,0.999775,0.010200,-0.000431,-0.010210,0.999947,0.206534,0.137707,-0.004272,-0.001225,-0.005519,-0.004503
actions: 0.861248,-0.975919,0.534258,0.057999
actions: 0.643614,-0.878508,0.327522,0.442799
PX4RL: state: 0.500000,-0.500000,0.011873,0.999831,0.018330,0.000578,-0.018335,0.999780,0.010089,-0.000393,-0.010098,0.999948,0.215342,0.140693,0.002413,0.002885,-0.002569,0.000142
actions: 0.861964,-0.588602,0.213202,0.470358
actions: 0.924588,-0.768435,0.700216,0.091214
PX4RL: state: 0.500000,-0.500000,0.013860,0.999838,0.017961,0.000570,-0.017966,0.999789,0.009930,-0.000392,-0.009939,0.999950,0.224132,0.143459,0.008542,-0.004487,-0.002876,-0.000886
actions: 0.733873,-0.773046,0.919328,-0.425073
actions: 0.918191,-0.711243,0.748293,-0.199049
PX4RL: state: 0.500000,-0.500000,0.013380,0.999842,0.017746,0.000629,-0.017752,0.999794,0.009830,-0.000455,-0.009839,0.999951,0.233177,0.144994,0.004658,-0.001544,0.000478,0.001214
actions: 0.503739,-0.908131,0.581510,0.161328
actions: 0.831817,-0.907449,0.675681,0.062922
PX4RL: state: 0.500000,-0.500000,0.011631,0.999846,0.017515,0.000683,-0.017521,0.999798,0.009750,-0.000512,-0.009761,0.999952,0.244252,0.147131,-0.006722,-0.001087,0.000064,-0.003294
actions: 0.711430,-0.983738,0.789512,-0.184969
actions: 0.643274,-0.719680,0.216010,0.239036
PX4RL: state: 0.500000,-0.500000,0.012220,0.999851,0.017228,0.000704,-0.017234,0.999806,0.009496,-0.000541,-0.009507,0.999954,0.254809,0.149502,-0.000283,0.000951,-0.003472,0.001606
actions: 0.567350,-0.990812,0.457437,0.287648
actions: 0.935701,-0.919104,0.727607,-0.024400
PX4RL: state: 0.500000,-0.500000,0.012571,0.999855,0.017011,0.000681,-0.017016,0.999811,0.009355,-0.000522,-0.009365,0.999956,0.264697,0.152035,0.005760,0.001734,-0.000054,0.002546
actions: 0.824178,-0.919594,0.531296,0.016587
actions: 0.668567,-0.750237,0.373266,0.158440
PX4RL: state: 0.500000,-0.500000,0.014237,0.999858,0.016801,0.000743,-0.016807,0.999815,0.009263,-0.000587,-0.009274,0.999956,0.275112,0.152789,0.009982,0.000013,-0.000737,-0.005620
PX4RL: STAI network run took 816 us
actions: 0.874753,-0.798840,0.693909,-0.144382
actions: 0.938300,-0.024723,0.912247,0.390324
PX4RL: state: 0.500000,-0.500000,0.012082,0.999863,0.016536,0.000681,-0.016542,0.999822,0.009036,-0.000531,-0.009046,0.999958,0.287288,0.153039,-0.006413,0.001035,0.000539,0.000983
actions: 0.568128,-0.812361,0.612598,-0.069200
actions: 0.699414,-0.645418,0.729103,0.413776
PX4RL: state: 0.500000,-0.500000,0.010701,0.999866,0.016320,0.000606,-0.016325,0.999826,0.009012,-0.000459,-0.009021,0.999959,0.296747,0.153476,-0.009579,0.000436,0.001427,0.000210
actions: 0.775325,-0.849886,0.447367,-0.119755
actions: 0.917042,-0.632391,0.854399,-0.134228
PX4RL: state: 0.500000,-0.500000,0.010858,0.999869,0.016161,0.000698,-0.016167,0.999829,0.008912,-0.000554,-0.008922,0.999960,0.306430,0.154770,-0.000004,-0.000335,0.002997,-0.000023
actions: 0.577988,-0.682709,0.761349,0.422839
actions: 0.838836,-0.078425,0.664899,0.309731
PX4RL: state: 0.500000,-0.500000,0.014488,0.999871,0.016003,0.000602,-0.016007,0.999833,0.008781,-0.000461,-0.008790,0.999961,0.315147,0.156031,0.014304,0.005066,-0.002123,-0.001411
actions: 0.875507,-0.940605,0.561289,0.322419
actions: 0.482700,-0.555223,0.767087,-0.152153
PX4RL: state: 0.500000,-0.500000,0.012203,0.999875,0.015784,0.000465,-0.015787,0.999837,0.008647,-0.000328,-0.008653,0.999962,0.325207,0.155183,-0.001077,0.002997,0.003996,0.001199
actions: 0.914888,-0.569876,0.776886,0.223670
actions: 0.830613,-0.921247,0.722670,-0.146696
PX4RL: state: 0.500000,-0.500000,0.011451,0.999878,0.015579,0.000489,-0.015583,0.999842,0.008510,-0.000357,-0.008517,0.999963,0.334482,0.154553,-0.001844,0.000181,0.003729,-0.000284
actions: 0.898954,-0.832776,0.875436,-0.168721
actions: 0.606645,-0.870529,0.290888,0.383406
PX4RL: state: 0.500000,-0.500000,0.012917,0.999880,0.015431,0.000296,-0.015432,0.999846,0.008307,-0.000168,-0.008311,0.999965,0.343541,0.155847,0.002453,0.003450,-0.002987,-0.000063
actions: 0.823279,-0.776638,0.712316,0.417307
actions: 0.713946,-0.847187,0.747825,0.504717
PX4RL: state: 0.500000,-0.500000,0.013987,0.999883,0.015240,0.000359,-0.015242,0.999850,0.008181,-0.000234,-0.008186,0.999966,0.351824,0.154334,0.007350,0.000487,0.000391,0.002585
actions: 0.751662,-0.724735,0.697487,0.146412
actions: 0.891352,-0.031945,0.764271,0.632792
PX4RL: state: 0.500000,-0.500000,0.012521,0.999886,0.015049,0.000236,-0.015050,0.999852,0.008216,-0.000112,-0.008219,0.999966,0.361887,0.153565,-0.000340,0.004557,0.002205,-0.005794
actions: 0.774108,-0.881122,0.351685,0.077810
actions: 0.583048,-0.434879,0.423625,0.264007
PX4RL: state: 0.500000,-0.500000,0.011935,0.999888,0.014927,0.000217,-0.014929,0.999857,0.007934,-0.000098,-0.007936,0.999968,0.371069,0.152589,-0.003138,-0.000904,-0.002573,0.001308
PX4RL: STAI network run took 828 us
actions: 0.759530,-0.673961,0.776679,-0.000490
