SYS: ----------------------------
SYS: Crazyflie 2.1 is up and running!
SYS: Build 36:439ad71e9db6 (2025.02 +36) CLEAN
SYS: I am 0x373732373433510D003B0047 and I have 1024KB of flash!
CFGBLK: v1, verification [OK]
DECK_CORE: 1 deck(s) found
DECK_CORE: Calling INIT on driver bcFlow2 for deck 0
ZR2: Z-down sensor [OK]
PMW: Motion chip id: 0x49:0xB6
IMU: BMI088: Using I2C interface.
IMU: BMI088 Gyro connection [OK].
IMU: BMI088 Accel connection [OK]
IMU: BMP388 I2C connection [OK]
ESTIMATOR: Using Kalman (2) estimator
CONTROLLER: Controller type forced
BackpropTools controller init! Checkpoint: 2025_07_04_23_11_18_d-o-a+r+h+c+f+w+e-_000_actor_000000000300000
CONTROLLER: Using OutOfTree (6) controller
MTR-DRV: Using brushed motor driver
SYS: About to run tests in system.c.
SYS: NRF51 version: 2025.02 (CF21)
EEPROM: I2C connection [OK].
STORAGE: Storage check [OK].
IMU: BMI088 gyro self-test [OK]
BackpropTools controller test, abs diff: 0.0
BackpropTools controller: Test action 0: 0.876842
BackpropTools controller: Test action 1: 0.989730
BackpropTools controller: Test action 2: 0.998183
BackpropTools controller: Test action 3: 0.969621
DECK_CORE: Deck 0 test [OK].
SYS: Self test passed!
STAB: Wait for sensor calibration...
SYS: Free heap: 15056 bytes
[host] Connected, use ctrl-c to quit.
STAB: Starting stabilizer loop
ESTKALMAN: State out of boundsstate: 0.0,0.0,0.0,1.0,0.0,0.0,0.0,1.0,0.0,0.0,0.0,1.0,0.0,0.0,0.0,0.005694,0.000479,0.005311
Learned Controller is behind schedule: 16835777us/2000us
, resetting
actions: 0.594795,0.215125,0.549476,0.209306
actions: 0.459930,0.107421,0.409369,0.148161
state: 0.001025,-0.001698,0.010821,0.999999,0.000355,0.000024,-0.000355,0.999999,0.000060,-0.000024,-0.000060,1.0,0.009266,-0.017179,-0.016555,-0.001550,-0.000706,-0.002104
actions: 0.444357,0.095392,0.391402,0.145061
actions: 0.486986,0.170062,0.421837,0.202732
state: 0.003650,-0.006867,0.009304,0.999999,0.000685,0.000204,-0.000685,0.999999,-0.000064,-0.000204,0.000064,1.0,0.018581,-0.034776,-0.006568,0.003439,-0.003235,0.001189
actions: 0.518082,0.170717,0.425619,0.217182
actions: 0.516032,0.138454,0.431044,0.186195
state: 0.008257,-0.015396,0.012569,0.999999,0.001060,0.000515,-0.001060,0.999999,-0.000050,-0.000515,0.000049,0.999999,0.029230,-0.051305,0.007848,0.002771,-0.000712,0.000079
actions: 0.173698,-0.009998,0.198285,0.141863
actions: 0.474346,0.181957,0.427543,0.204101
state: 0.007693,0.013031,0.013270,0.999996,0.001440,-0.002251,-0.001413,0.999931,0.011643,0.002267,-0.011640,0.999929,0.016886,0.029754,0.003357,0.007261,-0.002258,-0.000221
actions: 0.456451,0.189103,0.434037,0.180039
actions: 0.483362,0.111955,0.407097,0.218665
state: 0.010503,0.005746,0.012202,0.999997,0.001829,-0.001295,-0.001822,0.999982,0.005652,0.001305,-0.005650,0.999983,0.026794,-0.010552,-0.003132,-0.001096,-0.000389,-0.002072
actions: 0.639224,0.237177,0.532898,0.245817
actions: 0.448251,0.132672,0.389918,0.170052
state: 0.009392,-0.005395,0.012956,0.999984,0.002161,-0.005176,-0.002147,0.999994,0.002564,0.005181,-0.002553,0.999983,0.001175,-0.046363,0.004283,-0.004949,-0.003067,-0.003442
actions: 0.487002,0.124087,0.412479,0.195412
actions: 0.455346,0.142318,0.403437,0.161767
state: 0.009288,-0.006922,0.012231,0.999980,0.002383,-0.005844,-0.002339,0.999968,0.007564,0.005862,-0.007551,0.999954,-0.004546,-0.020401,0.001409,0.001299,0.002069,-0.005941
actions: 0.538999,0.160098,0.430793,0.195713
actions: 0.491462,0.121876,0.415878,0.194825
state: 0.011273,-0.012604,0.012472,0.999990,0.002721,-0.003515,-0.002696,0.999970,0.007164,0.003534,-0.007155,0.999968,0.008752,-0.025829,0.001739,-0.003088,-0.001349,-0.001609
actions: 0.580454,0.217869,0.507091,0.244328
actions: 0.470418,0.135868,0.404621,0.170386
state: 0.009594,-0.022729,0.014165,0.999983,0.002954,-0.004855,-0.002923,0.999975,0.006309,0.004873,-0.006295,0.999968,-0.003368,-0.041817,0.008046,0.001362,0.000392,-0.002083
actions: 0.444061,0.031519,0.346675,0.184074
STAB: WARNING: stabilizer loop rate is off (994)
actions: 0.479573,0.138905,0.413493,0.198883
state: 0.011089,-0.022260,0.013238,0.999990,0.003195,-0.003115,-0.003158,0.999925,0.011827,0.003152,-0.011817,0.999925,0.007523,-0.004384,0.000722,0.002303,0.001484,0.002180
actions: 0.378361,0.120728,0.362482,0.170536
actions: 0.530000,0.186119,0.460023,0.231417
state: 0.012445,-0.023970,0.013561,0.999989,0.003525,-0.002972,-0.003494,0.999938,0.010539,0.003009,-0.010529,0.999940,0.008842,-0.007693,-0.000600,0.004347,0.000147,-0.001045
actions: 0.518607,0.159989,0.455427,0.223901
actions: 0.466114,0.126884,0.412414,0.200800
state: 0.012360,-0.022306,0.011971,0.999983,0.003788,-0.004200,-0.003736,0.999916,0.012343,0.004247,-0.012327,0.999914,0.002550,0.008068,-0.006695,0.001144,0.001119,-0.001600
actions: 0.447211,0.137903,0.415563,0.159510
actions: 0.382627,0.065614,0.329633,0.203824
state: 0.013225,-0.021207,0.011957,0.999985,0.004099,-0.003568,-0.004043,0.999866,0.015806,0.003632,-0.015791,0.999868,0.007309,0.037690,-0.002991,-0.001390,-0.000195,-0.002183
actions: 0.464925,0.116646,0.404463,0.204960
actions: 0.530762,0.180533,0.453360,0.227133
state: 0.013082,-0.024940,0.012102,0.999981,0.004432,-0.004101,-0.004394,0.999949,0.009069,0.004141,-0.009050,0.999950,0.002728,-0.003266,-0.001343,-0.000066,0.001824,-0.001053
actions: 0.508592,0.175535,0.440210,0.173719
actions: 0.475620,0.125839,0.406160,0.188142
state: 0.011204,-0.034503,0.013180,0.999978,0.004580,-0.004602,-0.004545,0.999960,0.007598,0.004637,-0.007577,0.999960,-0.002041,-0.023301,0.004202,0.001547,0.000143,-0.005016
actions: 0.480019,0.137635,0.416028,0.200429
actions: 0.526343,0.172852,0.456015,0.226230
state: 0.011895,-0.034230,0.012759,0.999980,0.004878,-0.003827,-0.004840,0.999939,0.009926,0.003875,-0.009908,0.999943,0.002592,-0.004725,-0.004014,-0.000839,-0.002805,-0.000507
actions: 0.477403,0.124610,0.404828,0.194436
actions: 0.468271,0.126234,0.407138,0.182081
state: 0.011812,-0.034783,0.012845,0.999980,0.005199,-0.003549,-0.005163,0.999937,0.009870,0.003600,-0.009851,0.999945,0.001681,-0.002277,0.001707,-0.006215,0.003312,-0.004156
actions: 0.492080,0.155276,0.423041,0.198649
actions: 0.439508,0.119165,0.387777,0.165392
state: 0.012303,-0.035088,0.013397,0.999979,0.005438,-0.003445,-0.005403,0.999936,0.009896,0.003499,-0.009877,0.999945,0.003642,-0.000850,0.004375,-0.003520,0.002933,-0.004703
actions: 0.524657,0.169370,0.448332,0.233787
actions: 0.493152,0.141273,0.420358,0.199597
state: 0.013293,-0.035196,0.011981,0.999978,0.005665,-0.003278,-0.005632,0.999936,0.009762,0.003333,-0.009743,0.999946,0.006006,-0.000513,-0.000766,0.000057,0.002488,-0.005787
actions: 0.460871,0.122117,0.400615,0.180490
actions: 0.441209,0.111185,0.382495,0.158814
state: 0.014838,-0.035161,0.014511,0.999977,0.005954,-0.003123,-0.005923,0.999936,0.009612,0.003180,-0.009594,0.999948,0.008568,0.000836,0.009074,-0.001323,0.000658,-0.003582
actions: 0.473750,0.129165,0.404065,0.188883
actions: 0.482323,0.140985,0.405178,0.201567
state: 0.016771,-0.035040,0.013846,0.999976,0.006160,-0.002859,-0.006132,0.999936,0.009447,0.002917,-0.009430,0.999951,0.011095,0.001293,0.001876,0.002002,0.000058,-0.003997
actions: 0.557777,0.175602,0.469160,0.246940
actions: 0.552446,0.177775,0.473279,0.253664
state: 0.019393,-0.034692,0.010974,0.999975,0.006450,-0.002838,-0.006424,0.999937,0.009166,0.002897,-0.009147,0.999954,0.014435,0.002201,-0.008700,-0.006711,-0.000672,-0.001761
actions: 0.512754,0.130536,0.429338,0.192995
actions: 0.485619,0.136336,0.407536,0.196531
state: 0.022560,-0.034319,0.012719,0.999973,0.006692,-0.002905,-0.006665,0.999937,0.009031,0.002965,-0.009011,0.999955,0.016744,0.001032,0.003857,0.000084,-0.003002,-0.003268
actions: 0.446599,0.104659,0.380330,0.166584
actions: 0.543846,0.172852,0.451932,0.242298
state: 0.026267,-0.034220,0.012645,0.999972,0.006906,-0.002799,-0.006881,0.999936,0.008937,0.002861,-0.008918,0.999956,0.020665,0.000016,-0.002618,0.005531,0.000483,-0.004373
actions: 0.497707,0.118031,0.411078,0.197444
actions: 0.496121,0.124714,0.407188,0.200820
state: 0.030716,-0.034289,0.013670,0.999970,0.007142,-0.002691,-0.007119,0.999937,0.008579,0.002752,-0.008559,0.999959,0.023578,-0.001001,0.003337,-0.001068,0.001917,-0.003644
actions: 0.500055,0.135951,0.409544,0.199713
actions: 0.540151,0.156744,0.446935,0.238895
state: 0.035872,-0.034723,0.012804,0.999969,0.007348,-0.002518,-0.007326,0.999937,0.008436,0.002580,-0.008417,0.999961,0.027337,-0.002598,-0.005659,-0.000603,-0.000502,-0.000587
actions: 0.553636,0.149107,0.456195,0.246224
actions: 0.495355,0.110636,0.390681,0.210327
state: 0.041842,-0.035226,0.014028,0.999968,0.007554,-0.002475,-0.007533,0.999936,0.008432,0.002539,-0.008413,0.999961,0.032247,-0.003407,0.004949,-0.001922,-0.002190,-0.003329
actions: 0.529189,0.129427,0.419196,0.218430
actions: 0.591480,0.177979,0.470638,0.267887
state: 0.048897,-0.036387,0.009852,0.999967,0.007810,-0.002269,-0.007791,0.999935,0.008265,0.002333,-0.008247,0.999963,0.036787,-0.006425,-0.015542,0.007825,-0.003753,0.000327
actions: 0.532631,0.114323,0.416559,0.220556
actions: 0.525476,0.107044,0.412962,0.218814
state: 0.056592,-0.037516,0.011346,0.999965,0.008057,-0.002148,-0.008039,0.999934,0.008168,0.002214,-0.008151,0.999964,0.041817,-0.007648,-0.000210,-0.000931,-0.000311,-0.001188
actions: 0.547463,0.113447,0.421366,0.234249
actions: 0.544678,0.112497,0.413425,0.235631
state: 0.065452,-0.039228,0.012090,0.999963,0.008236,-0.002148,-0.008219,0.999934,0.007968,0.002214,-0.007950,0.999965,0.047107,-0.009779,0.002807,-0.001997,0.000216,-0.001175
actions: 0.550784,0.113570,0.414351,0.233750
actions: 0.582925,0.123212,0.436757,0.261192
state: 0.075402,-0.041649,0.012594,0.999961,0.008494,-0.002164,-0.008477,0.999933,0.007859,0.002231,-0.007841,0.999966,0.050740,-0.013040,-0.000177,0.001851,0.003500,0.000220
actions: 0.596461,0.128833,0.447110,0.260477
actions: 0.559096,0.080158,0.395312,0.230993
state: 0.085993,-0.044442,0.012489,0.999959,0.008758,-0.002004,-0.008742,0.999931,0.007763,0.002071,-0.007745,0.999967,0.055217,-0.015363,0.002547,0.001184,0.004729,-0.000351
actions: 0.665875,0.163384,0.474396,0.335948
actions: 0.619153,0.127180,0.442570,0.281057
state: 0.097939,-0.048088,0.010700,0.999958,0.008968,-0.001782,-0.008955,0.999931,0.007503,0.001849,-0.007486,0.999970,0.061293,-0.018324,-0.005714,-0.001328,0.001209,-0.000983
actions: 0.600136,0.098595,0.423182,0.259821
actions: 0.614821,0.103509,0.428608,0.279291
state: 0.110514,-0.051810,0.012113,0.999956,0.009149,-0.001808,-0.009135,0.999930,0.007403,0.001876,-0.007386,0.999971,0.065363,-0.021689,-0.000161,-0.003024,0.003024,-0.001363
actions: 0.628909,0.099838,0.435537,0.277943
actions: 0.571588,0.054854,0.383338,0.224535
state: 0.123974,-0.056373,0.012232,0.999955,0.009333,-0.001674,-0.009321,0.999929,0.007395,0.001743,-0.007379,0.999971,0.069646,-0.024814,0.002564,0.001910,-0.004016,-0.002240
actions: 0.633154,0.090493,0.420860,0.285196
actions: 0.623915,0.080940,0.401558,0.267995
state: 0.137959,-0.060949,0.015444,0.999954,0.009420,-0.001639,-0.009408,0.999928,0.007315,0.001708,-0.007300,0.999971,0.074303,-0.028054,0.014032,0.001268,0.005639,-0.003988
actions: 0.722675,0.135093,0.483892,0.354575
actions: 0.697628,0.100384,0.456665,0.313822
state: 0.155008,-0.069008,0.010942,0.999952,0.009603,-0.001457,-0.009592,0.999928,0.007096,0.001525,-0.007082,0.999973,0.082081,-0.033570,-0.009570,0.000263,0.001293,-0.002908
actions: 0.688058,0.077570,0.443411,0.300539
actions: 0.709579,0.091627,0.456790,0.306833
state: 0.171997,-0.075971,0.010087,0.999951,0.009756,-0.001453,-0.009745,0.999926,0.007186,0.001523,-0.007172,0.999973,0.089176,-0.037684,-0.006651,0.001320,-0.007050,0.000615
actions: 0.675362,0.058979,0.415650,0.285636
actions: 0.711347,0.066291,0.437267,0.320230
state: 0.189936,-0.083220,0.012135,0.999950,0.009869,-0.001409,-0.009859,0.999926,0.007124,0.001479,-0.007110,0.999973,0.095191,-0.041287,0.002276,-0.004565,-0.000195,-0.001501
actions: 0.698978,0.051301,0.416126,0.304353
actions: 0.783044,0.110332,0.476758,0.387967
state: 0.209990,-0.092657,0.011686,0.999948,0.010035,-0.001244,-0.010026,0.999925,0.006971,0.001314,-0.006958,0.999974,0.100269,-0.045780,-0.006372,-0.001426,-0.000725,-0.007365
actions: 0.767694,0.078762,0.459777,0.347454
actions: 0.765803,0.057236,0.436879,0.338542
state: 0.229942,-0.101263,0.013026,0.999947,0.010212,-0.001184,-0.010204,0.999923,0.006985,0.001255,-0.006973,0.999974,0.105819,-0.050640,0.002942,0.001691,-0.000171,-0.003761
actions: 0.803294,0.071854,0.465435,0.361896
actions: 0.757825,0.024759,0.412675,0.316357
state: 0.251180,-0.110937,0.013615,0.999945,0.010407,-0.001080,-0.010399,0.999922,0.006869,0.001151,-0.006858,0.999975,0.112280,-0.053955,0.008804,-0.002838,-0.004374,-0.002717
actions: 0.838792,0.079191,0.475474,0.395480
actions: 0.835743,0.064750,0.457897,0.384208
state: 0.275307,-0.123589,0.012537,0.999944,0.010474,-0.000931,-0.010467,0.999921,0.006908,0.001004,-0.006897,0.999975,0.118972,-0.059069,0.001292,0.004287,0.002991,-0.003394
actions: 0.868796,0.066931,0.474872,0.398909
actions: 0.836949,0.023067,0.422993,0.352562
state: 0.299106,-0.134722,0.012046,0.999942,0.010689,-0.000790,-0.010683,0.999919,0.006848,0.000863,-0.006839,0.999976,0.124741,-0.062543,0.005913,-0.002740,-0.001073,-0.004113
actions: 0.879314,0.068355,0.458693,0.421288
actions: 0.917864,0.083981,0.476921,0.451627
state: 0.326064,-0.150044,0.011928,0.999940,0.010847,-0.000822,-0.010841,0.999917,0.006847,0.000897,-0.006838,0.999976,0.132530,-0.069716,-0.002825,0.001305,0.000645,0.000283
actions: 0.910024,0.032102,0.447339,0.410972
actions: 0.925111,0.031587,0.436204,0.429973
state: 0.352107,-0.162570,0.013302,0.999939,0.010925,-0.000849,-0.010919,0.999917,0.006776,0.000923,-0.006766,0.999976,0.139282,-0.073458,0.004954,-0.001013,0.001721,-0.004177
actions: 0.949690,0.072186,0.460321,0.472006
actions: 0.971682,0.065040,0.461789,0.489468
state: 0.382535,-0.180302,0.011921,0.999938,0.011037,-0.000929,-0.011030,0.999916,0.006789,0.001004,-0.006779,0.999976,0.146905,-0.079447,-0.002602,-0.002673,0.002305,-0.000861
actions: 0.984024,0.096212,0.460948,0.511872
actions: 0.988066,0.075702,0.448226,0.510416
state: 0.412285,-0.195994,0.011909,0.999938,0.011080,-0.000948,-0.011073,0.999916,0.006732,0.001022,-0.006721,0.999976,0.153963,-0.082740,-0.000734,-0.004296,-0.002862,-0.000497
actions: 0.990888,0.063521,0.419104,0.504730
actions: 0.997673,0.085062,0.420332,0.533706
state: 0.442769,-0.212111,0.013371,0.999936,0.011222,-0.000949,-0.011216,0.999915,0.006622,0.001024,-0.006611,0.999977,0.158805,-0.087092,0.002764,0.001658,0.001290,-0.002618
actions: 0.999320,0.074609,0.402554,0.536433
actions: 0.999999,0.107269,0.394086,0.571517
state: 0.477348,-0.232728,0.012634,0.999936,0.011268,-0.000918,-0.011262,0.999915,0.006552,0.000991,-0.006541,0.999978,0.167242,-0.093261,-0.002001,-0.001557,-0.002646,-0.001669
actions: 1.0,0.074450,0.373891,0.558728
actions: 1.0,0.173501,0.384022,0.592294
state: 0.500000,-0.254556,0.011561,0.999934,0.011428,-0.000850,-0.011422,0.999914,0.006295,0.000922,-0.006285,0.999979,0.174870,-0.099826,-0.007427,0.005106,-0.000888,0.002715
actions: 1.0,0.133347,0.370391,0.567773
actions: 1.0,0.175135,0.365784,0.582934
state: 0.500000,-0.277591,0.010424,0.999932,0.011611,-0.000746,-0.011606,0.999914,0.006102,0.000817,-0.006093,0.999981,0.181197,-0.106158,-0.008978,0.002303,0.000048,-0.002139
actions: 1.0,0.103120,0.353300,0.546636
actions: 1.0,0.161838,0.344711,0.576620
state: 0.500000,-0.293167,0.012220,0.999930,0.011782,-0.000788,-0.011777,0.999912,0.005979,0.000859,-0.005970,0.999981,0.186634,-0.109974,-0.001393,-0.002370,0.001622,-0.006549
actions: 1.0,0.165214,0.342359,0.559468
actions: 1.0,0.176406,0.331407,0.558964
state: 0.500000,-0.313245,0.013575,0.999929,0.011874,-0.000652,-0.011870,0.999912,0.005886,0.000722,-0.005878,0.999982,0.192801,-0.115163,0.003736,0.000963,-0.001413,0.000429
actions: 1.0,0.242116,0.331081,0.577631
actions: 1.0,0.200107,0.322473,0.558357
state: 0.500000,-0.338170,0.011685,0.999927,0.012072,-0.000464,-0.012069,0.999910,0.005837,0.000534,-0.005831,0.999982,0.200542,-0.121393,-0.000635,-0.002844,-0.000185,0.001238
actions: 1.0,0.232941,0.311558,0.571700
actions: 1.0,0.260019,0.302688,0.568333
state: 0.500000,-0.362355,0.012027,0.999925,0.012167,-0.000500,-0.012164,0.999909,0.005744,0.000570,-0.005738,0.999983,0.208206,-0.126967,-0.001057,0.001344,0.000896,-0.000686
actions: 1.0,0.235505,0.286710,0.563255
actions: 1.0,0.259936,0.291222,0.560871
state: 0.500000,-0.386908,0.012755,0.999923,0.012327,-0.000267,-0.012326,0.999908,0.005520,0.000335,-0.005516,0.999984,0.215172,-0.133335,0.000726,-0.001575,0.002072,-0.001671
actions: 1.0,0.266428,0.275750,0.545784
actions: 1.0,0.296426,0.272040,0.550473
state: 0.500000,-0.411632,0.013398,0.999922,0.012432,-0.000186,-0.012431,0.999908,0.005423,0.000253,-0.005420,0.999985,0.223142,-0.139004,0.003637,0.002249,0.002797,-0.002383
actions: 1.0,0.333324,0.262031,0.570499
actions: 1.0,0.333623,0.264524,0.566548
state: 0.500000,-0.443998,0.012673,0.999921,0.012564,-0.000176,-0.012563,0.999907,0.005251,0.000242,-0.005248,0.999986,0.232345,-0.146845,-0.001317,0.002386,0.000457,0.000834
actions: 1.0,0.330879,0.246193,0.563501
actions: 1.0,0.224604,0.277733,0.566165
state: 0.500000,-0.459989,0.012540,0.999918,0.012735,-0.000139,-0.012734,0.999905,0.005134,0.000205,-0.005132,0.999986,0.237861,-0.149649,0.001713,-0.000160,-0.001076,-0.000455
actions: 1.0,0.373373,0.233579,0.568501
actions: 1.0,0.384551,0.231717,0.569587
state: 0.500000,-0.498900,0.010416,0.999918,0.012745,-0.000176,-0.012743,0.999905,0.005064,0.000240,-0.005062,0.999987,0.247275,-0.159848,-0.006382,-0.001135,0.004060,0.000059
actions: 1.0,0.385007,0.245616,0.583144
actions: 1.0,0.407584,0.236416,0.595096
state: 0.500000,-0.500000,0.009389,0.999917,0.012811,-0.000011,-0.012811,0.999905,0.005081,0.000076,-0.005081,0.999987,0.256408,-0.169624,-0.009486,0.000324,-0.001240,-0.006570
actions: 1.0,0.349466,0.225015,0.554131
actions: 1.0,0.387376,0.224988,0.570981
state: 0.500000,-0.500000,0.011174,0.999917,0.012884,0.000055,-0.012884,0.999904,0.004935,0.000008,-0.004935,0.999987,0.263898,-0.174245,-0.002059,0.001757,0.001886,-0.001903
actions: 1.0,0.354449,0.214795,0.555642
actions: 1.0,0.363229,0.213620,0.556098
state: 0.500000,-0.500000,0.010746,0.999916,0.012908,0.000067,-0.012908,0.999903,0.005137,-0.000001,-0.005138,0.999986,0.271718,-0.180011,0.003532,-0.001717,-0.002134,-0.002400
actions: 1.0,0.374174,0.209871,0.561746
actions: 1.0,0.366271,0.214540,0.563625
state: 0.500000,-0.500000,0.013071,0.999914,0.013068,0.000121,-0.013068,0.999901,0.005206,-0.000053,-0.005208,0.999986,0.280844,-0.186865,0.011597,-0.001170,-0.001196,-0.001262
actions: 1.0,0.385727,0.219048,0.575175
actions: 1.0,0.394246,0.207357,0.589925
state: 0.500000,-0.500000,0.013216,0.999914,0.013089,0.000288,-0.013090,0.999900,0.005178,-0.000220,-0.005181,0.999986,0.292610,-0.198187,-0.000132,0.001153,-0.000272,-0.003348
actions: 1.0,0.400592,0.211746,0.596768
actions: 1.0,0.387541,0.205892,0.576433
state: 0.500000,-0.500000,0.012181,0.999912,0.013192,0.000417,-0.013194,0.999900,0.005075,-0.000350,-0.005081,0.999987,0.303532,-0.206407,-0.004471,0.004058,-0.002925,0.001069
actions: 1.0,0.365764,0.205450,0.564548
actions: 1.0,0.350122,0.197038,0.559525
state: 0.500000,-0.500000,0.013525,0.999911,0.013307,0.000259,-0.013308,0.999898,0.005142,-0.000190,-0.005145,0.999986,0.304068,-0.203290,0.009327,-0.003512,0.005300,-0.002528
actions: 1.0,0.378972,0.194766,0.573871
actions: 1.0,0.405043,0.226102,0.600049
state: 0.500000,-0.500000,0.013762,0.999909,0.013454,0.000329,-0.013456,0.999895,0.005200,-0.000259,-0.005204,0.999986,0.313820,-0.212411,0.002455,-0.004118,0.002508,-0.002536
actions: 1.0,0.400936,0.203804,0.591936
actions: 1.0,0.397647,0.196317,0.590914
state: 0.500000,-0.500000,0.011786,0.999907,0.013597,0.000214,-0.013598,0.999893,0.005310,-0.000141,-0.005312,0.999985,0.322637,-0.221913,-0.006146,-0.001246,0.000588,-0.002358
actions: 1.0,0.398474,0.189446,0.589761
actions: 1.0,0.405407,0.197366,0.601383
state: 0.500000,-0.500000,0.010858,0.999906,0.013674,0.000115,-0.013674,0.999892,0.005375,-0.000042,-0.005376,0.999985,0.327499,-0.225260,-0.008661,-0.000934,0.001184,0.000712
actions: 1.0,0.395018,0.189801,0.594511
actions: 1.0,0.376998,0.186565,0.577687
state: 0.500000,-0.500000,0.011211,0.999905,0.013753,0.000297,-0.013754,0.999891,0.005372,-0.000223,-0.005375,0.999985,0.334705,-0.230741,0.001508,-0.002184,0.005311,0.003450
actions: 1.0,0.367162,0.181862,0.571246
actions: 1.0,0.407088,0.187972,0.594548
state: 0.500000,-0.500000,0.012376,0.999903,0.013912,0.000410,-0.013914,0.999889,0.005251,-0.000337,-0.005257,0.999986,0.342992,-0.239083,0.001800,-0.001984,0.001772,-0.002122
actions: 1.0,0.420212,0.187232,0.611012
actions: 1.0,0.394109,0.177608,0.598551
state: 0.500000,-0.500000,0.011493,0.999902,0.013974,0.000565,-0.013976,0.999890,0.004948,-0.000496,-0.004955,0.999987,0.353867,-0.249420,-0.002748,-0.002018,0.001379,-0.004332
actions: 1.0,0.362456,0.166342,0.573817
actions: 1.0,0.383485,0.170821,0.577100
state: 0.500000,-0.500000,0.014147,0.999901,0.014063,0.000450,-0.014065,0.999888,0.004997,-0.000380,-0.005003,0.999987,0.357981,-0.248659,0.008285,0.000790,-0.002001,-0.004388
actions: 1.0,0.383365,0.170758,0.579130
actions: 1.0,0.409270,0.171793,0.596429
state: 0.500000,-0.500000,0.013049,0.999899,0.014165,0.000583,-0.014168,0.999887,0.004851,-0.000515,-0.004858,0.999988,0.372967,-0.263842,-0.001633,0.003819,-0.006786,-0.003694
actions: 1.0,0.427452,0.161958,0.617897
actions: 1.0,0.397547,0.162158,0.597259
state: 0.500000,-0.500000,0.011941,0.999897,0.014309,0.000622,-0.014312,0.999887,0.004505,-0.000558,-0.004513,0.999989,0.383179,-0.275512,-0.004487,-0.001704,0.003501,0.000833
actions: 1.0,0.399370,0.155923,0.600222
actions: 1.0,0.413320,0.162538,0.605653
state: 0.500000,-0.500000,0.011890,0.999896,0.014401,0.000581,-0.014403,0.999886,0.004457,-0.000517,-0.004465,0.999989,0.389282,-0.278348,-0.004933,-0.000513,-0.003872,-0.000734
actions: 1.0,0.398056,0.149715,0.597624
actions: 1.0,0.407779,0.152107,0.609141
state: 0.500000,-0.500000,0.011221,0.999893,0.014573,0.000576,-0.014576,0.999884,0.004314,-0.000513,-0.004322,0.999990,0.396749,-0.284244,-0.002713,-0.001976,0.004450,-0.002344
actions: 1.0,0.395830,0.147571,0.596018
actions: 1.0,0.412497,0.156347,0.617873
state: 0.500000,-0.500000,0.012192,0.999891,0.014702,0.000737,-0.014705,0.999882,0.004293,-0.000673,-0.004303,0.999990,0.407425,-0.291120,0.001574,-0.005062,-0.000085,-0.003636
actions: 1.0,0.418586,0.146879,0.610107
actions: 1.0,0.405982,0.145843,0.607559
state: 0.500000,-0.500000,0.012032,0.999890,0.014759,0.000703,-0.014762,0.999881,0.004273,-0.000640,-0.004283,0.999990,0.415896,-0.297947,0.001032,0.001626,-0.000805,0.001290
actions: 1.0,0.410150,0.141515,0.608921
actions: 1.0,0.374479,0.133916,0.584855
state: 0.500000,-0.500000,0.014409,0.999888,0.014916,0.000630,-0.014919,0.999879,0.004307,-0.000565,-0.004316,0.999990,0.422556,-0.302251,0.013862,-0.001907,-0.002776,-0.000295
actions: 1.0,0.427185,0.129896,0.614607
actions: 1.0,0.411927,0.137762,0.615949
state: 0.500000,-0.500000,0.011105,0.999887,0.014971,0.000894,-0.014975,0.999878,0.004362,-0.000829,-0.004375,0.999990,0.431546,-0.315743,-0.006467,-0.001054,0.004034,-0.001841
actions: 1.0,0.387634,0.130273,0.598543
actions: 1.0,0.420623,0.146837,0.614306
state: 0.500000,-0.500000,0.012081,0.999887,0.015003,0.000910,-0.015007,0.999877,0.004409,-0.000844,-0.004422,0.999989,0.439226,-0.316103,-0.001651,-0.002191,-0.005850,0.000667
actions: 1.0,0.424559,0.138087,0.621079
actions: 1.0,0.412402,0.129241,0.613362
state: 0.500000,-0.500000,0.013383,0.999884,0.015133,0.001020,-0.015137,0.999876,0.004280,-0.000955,-0.004295,0.999990,0.450392,-0.325920,0.001912,-0.002735,-0.001401,-0.000577
actions: 1.0,0.389626,0.153401,0.602224
actions: 1.0,0.403390,0.125436,0.614701
state: 0.500000,-0.500000,0.012136,0.999884,0.015169,0.001197,-0.015174,0.999875,0.004315,-0.001131,-0.004332,0.999990,0.455241,-0.326870,-0.001052,-0.002396,-0.000333,-0.003392
actions: 1.0,0.399999,0.122495,0.610997
actions: 1.0,0.415372,0.114865,0.615947
state: 0.500000,-0.500000,0.011552,0.999882,0.015278,0.001243,-0.015284,0.999872,0.004535,-0.001173,-0.004553,0.999989,0.465902,-0.334866,-0.000790,0.005156,-0.000245,0.000921
actions: 1.0,0.425107,0.124441,0.628556
actions: 1.0,0.422875,0.114291,0.626282
state: 0.500000,-0.500000,0.012759,0.999881,0.015335,0.001293,-0.015341,0.999872,0.004514,-0.001224,-0.004533,0.999989,0.477082,-0.343634,0.002241,0.000056,-0.001328,-0.000521
actions: 1.0,0.425724,0.111476,0.629156
actions: 1.0,0.416319,0.097067,0.619075
state: 0.500000,-0.500000,0.013290,0.999882,0.015321,0.001138,-0.015326,0.999871,0.004622,-0.001067,-0.004639,0.999988,0.484646,-0.347456,0.002678,0.007035,0.001545,-0.001018
actions: 1.0,0.402369,0.095990,0.615384
actions: 1.0,0.414693,0.112310,0.624032
state: 0.500000,-0.500000,0.012897,0.999880,0.015446,0.001184,-0.015451,0.999870,0.004482,-0.001115,-0.004500,0.999989,0.494500,-0.356030,-0.000377,-0.002503,-0.004704,-0.001643
actions: 1.0,0.400864,0.101903,0.624811
actions: 1.0,0.414768,0.102992,0.625147
state: 0.500000,-0.500000,0.012855,0.999879,0.015439,0.001319,-0.015445,0.999870,0.004439,-0.001251,-0.004459,0.999989,0.504440,-0.363768,-0.000255,-0.000370,-0.000250,0.002056
actions: 1.0,0.435794,0.090420,0.640918
actions: 1.0,0.428082,0.098977,0.636327
state: 0.500000,-0.500000,0.010819,0.999878,0.015508,0.001454,-0.015514,0.999870,0.004389,-0.001386,-0.004411,0.999989,0.519801,-0.381118,-0.007252,0.001522,-0.000534,0.000577
actions: 1.0,0.431357,0.089496,0.640046
actions: 1.0,0.415013,0.089286,0.627113
state: 0.500000,-0.500000,0.011822,0.999876,0.015624,0.001450,-0.015631,0.999866,0.004670,-0.001377,-0.004692,0.999988,0.526296,-0.378996,0.003327,0.000406,-0.001027,0.002140
actions: 1.0,0.402813,0.079118,0.625810
actions: 1.0,0.408043,0.077528,0.627919
state: 0.500000,-0.500000,0.013928,0.999877,0.015582,0.001350,-0.015588,0.999867,0.004659,-0.001278,-0.004680,0.999988,0.535314,-0.381193,0.011720,0.001883,0.001645,-0.001614
actions: 1.0,0.421777,0.073433,0.639565
actions: 1.0,0.442757,0.076354,0.644988
state: 0.500000,-0.500000,0.012113,0.999876,0.015647,0.001655,-0.015654,0.999866,0.004582,-0.001583,-0.004607,0.999988,0.551937,-0.403743,-0.002649,0.001591,-0.004287,-0.004171
actions: 1.0,0.447108,0.071193,0.656960
actions: 1.0,0.426550,0.080702,0.644360
state: 0.500000,-0.500000,0.011306,0.999874,0.015798,0.001387,-0.015804,0.999863,0.004729,-0.001312,-0.004750,0.999987,0.554470,-0.395946,-0.002223,-0.002439,-0.000539,-0.005608
actions: 1.0,0.422858,0.072442,0.641665
actions: 1.0,0.400621,0.051064,0.634367
state: 0.500000,-0.500000,0.014429,0.999873,0.015868,0.001354,-0.015874,0.999863,0.004598,-0.001281,-0.004619,0.999988,0.574325,-0.412766,0.013070,-0.006322,0.003006,-0.001437
actions: 1.0,0.429891,0.060704,0.647593
actions: 1.0,0.436724,0.061707,0.656196
state: 0.500000,-0.500000,0.011741,0.999873,0.015864,0.001517,-0.015871,0.999863,0.004561,-0.001444,-0.004584,0.999988,0.588966,-0.429401,-0.004227,-0.005420,-0.003031,-0.004932
actions: 1.0,0.424577,0.113053,0.658939
actions: 1.0,0.442167,0.092901,0.660819
state: 0.500000,-0.500000,0.012401,0.999872,0.015938,0.001247,-0.015944,0.999861,0.004737,-0.001171,-0.004756,0.999988,0.580246,-0.410417,-0.001088,0.004612,-0.006214,-0.004631
actions: 1.0,0.444821,0.086685,0.659523
actions: 1.0,0.429570,0.060373,0.651855
state: 0.500000,-0.500000,0.010630,0.999871,0.015982,0.001165,-0.015988,0.999861,0.004574,-0.001092,-0.004593,0.999988,0.585041,-0.414649,-0.005282,0.002982,0.001006,0.001406
actions: 1.0,0.414895,0.049235,0.646482
actions: 1.0,0.411991,0.056204,0.647951
state: 0.500000,-0.500000,0.012344,0.999870,0.016035,0.001071,-0.016040,0.999860,0.004710,-0.000995,-0.004727,0.999988,0.595524,-0.415266,0.006063,-0.002006,0.001451,-0.006221
actions: 1.0,0.421810,0.048316,0.647202
actions: 1.0,0.430496,0.053286,0.655854
state: 0.500000,-0.500000,0.011852,0.999870,0.016058,0.001068,-0.016062,0.999860,0.004675,-0.000993,-0.004692,0.999988,0.605341,-0.426043,-0.000450,-0.001732,0.001118,-0.003610
actions: 1.0,0.433528,0.051412,0.658439
actions: 1.0,0.432299,0.046670,0.661766
state: 0.500000,-0.500000,0.012062,0.999869,0.016094,0.001039,-0.016098,0.999859,0.004637,-0.000965,-0.004653,0.999988,0.614214,-0.428017,-0.000983,0.002002,-0.001295,-0.001280
actions: 1.0,0.432843,0.046542,0.655289
actions: 1.0,0.416267,0.044664,0.658574
state: 0.500000,-0.500000,0.012608,0.999868,0.016207,0.001037,-0.016212,0.999858,0.004454,-0.000965,-0.004470,0.999989,0.624623,-0.433030,0.001003,-0.000850,-0.000376,-0.002583
actions: 1.0,0.440600,0.036765,0.663062
actions: 1.0,0.437421,0.035166,0.669503
state: 0.500000,-0.500000,0.009607,0.999868,0.016211,0.001013,-0.016216,0.999858,0.004408,-0.000941,-0.004424,0.999989,0.641517,-0.457069,-0.009322,-0.000734,0.002671,-0.002397
actions: 1.0,0.419869,0.037715,0.660186
actions: 1.0,0.421583,0.002621,0.650018
state: 0.500000,-0.500000,0.011446,0.999866,0.016303,0.000911,-0.016307,0.999856,0.004568,-0.000836,-0.004582,0.999989,0.651850,-0.457079,0.006231,0.002955,-0.001854,-0.002328
actions: 1.0,0.421526,0.031361,0.658492
actions: 1.0,0.437312,0.015996,0.669678
state: 0.500000,-0.500000,0.012689,0.999865,0.016388,0.001058,-0.016393,0.999855,0.004475,-0.000984,-0.004492,0.999989,0.666193,-0.474378,0.004588,0.001417,0.001616,-0.002654
actions: 1.0,0.429615,0.011912,0.672743
actions: 1.0,0.443476,0.001342,0.669245
state: 0.500000,-0.500000,0.011900,0.999864,0.016382,0.001322,-0.016387,0.999857,0.004131,-0.001254,-0.004152,0.999990,0.686035,-0.506867,-0.003897,0.002789,0.004254,-0.003319
actions: 1.0,0.429931,0.020670,0.671383
actions: 1.0,0.445959,0.009867,0.671849
state: 0.500000,-0.500000,0.011703,0.999865,0.016369,0.001321,-0.016375,0.999856,0.004282,-0.001251,-0.004303,0.999989,0.688284,-0.500673,-0.003381,0.000713,-0.000854,-0.003265
actions: 1.0,0.426880,0.021896,0.680066
actions: 1.0,0.431559,0.012921,0.678104
state: 0.500000,-0.500000,0.012332,0.999865,0.016357,0.001236,-0.016362,0.999855,0.004619,-0.001160,-0.004639,0.999988,0.692733,-0.488824,0.003359,0.000059,0.000707,-0.003235
actions: 1.0,0.435844,0.031358,0.685130
actions: 1.0,0.433160,0.020688,0.681774
state: 0.500000,-0.500000,0.010603,0.999865,0.016375,0.001129,-0.016380,0.999854,0.004835,-0.001049,-0.004853,0.999987,0.684501,-0.467123,-0.005396,-0.001645,0.001254,-0.000911
actions: 1.0,0.407254,0.013508,0.670773
actions: 1.0,0.413092,0.021916,0.685547
state: 0.500000,-0.500000,0.014482,0.999865,0.016348,0.001261,-0.016354,0.999855,0.004686,-0.001184,-0.004706,0.999988,0.707563,-0.491885,0.011160,-0.001770,-0.001177,0.002050
actions: 1.0,0.440020,-0.002441,0.684278
actions: 1.0,0.452326,-0.031340,0.678834
state: 0.500000,-0.500000,0.011842,0.999865,0.016281,0.001755,-0.016289,0.999858,0.004097,-0.001688,-0.004125,0.999990,0.748067,-0.567189,-0.004543,0.000915,0.003002,-0.000493
actions: 1.0,0.412671,0.066321,0.694358
actions: 1.0,0.362372,0.246469,0.709995
state: 0.500000,-0.500000,0.011282,0.999864,0.016439,0.000319,-0.016440,0.999841,0.006906,-0.000205,-0.006910,0.999976,0.570608,-0.231916,-0.012734,-0.002252,-0.002371,-0.002152
actions: 1.0,0.464657,-0.047010,0.669903
actions: 1.0,0.450108,-0.113217,0.653110
state: 0.500000,-0.500000,0.012480,0.999861,0.016430,0.002476,-0.016437,0.999861,0.002553,-0.002434,-0.002593,0.999993,0.854054,-0.742703,-0.001658,-0.002731,0.006374,-0.002608
actions: 1.0,0.486026,-0.145487,0.734049
actions: 1.0,0.433309,0.260506,0.770703
state: 0.500000,-0.500000,0.012421,0.999863,0.016420,0.001648,-0.016427,0.999855,0.004330,-0.001577,-0.004357,0.999989,0.766200,-0.563027,0.001789,-0.002156,-0.001709,-0.000806
actions: 1.0,0.507069,-0.080808,0.747319
actions: 1.0,0.448189,-0.036492,0.679030
state: 0.500000,-0.500000,0.011248,0.999863,0.016387,0.002064,-0.016394,0.999858,0.003859,-0.002000,-0.003893,0.999990,0.799769,-0.613964,-0.003607,-0.000576,-0.001025,-0.005686
actions: 1.0,0.457619,-0.167496,0.639826
actions: 1.0,0.484207,-0.264783,0.640541
state: 0.500000,-0.500000,0.011318,0.999857,0.016513,0.003396,-0.016516,0.999863,0.000909,-0.003380,-0.000964,0.999993,0.980979,-0.981729,-0.005847,0.000147,0.001886,-0.002386
actions: 1.0,0.494403,-0.141495,0.702389
actions: 1.0,0.495639,-0.147661,0.691522
state: 0.500000,-0.500000,0.012531,0.999859,0.016558,0.002730,-0.016566,0.999858,0.002773,-0.002684,-0.002818,0.999992,0.907773,-0.791908,0.001728,0.001453,0.000096,-0.004029
actions: 1.0,0.462960,-0.203414,0.649785
actions: 1.0,0.483253,-0.163934,0.674428
state: 0.500000,-0.500000,0.013106,0.999857,0.016647,0.002760,-0.016653,0.999858,0.002188,-0.002723,-0.002234,0.999993,0.924217,-0.868779,0.001621,0.000675,0.004210,-0.001408
actions: 1.0,0.424036,-0.169752,0.757734
actions: 1.0,0.355748,-0.205667,0.829166
state: 0.500000,-0.500000,0.011533,0.999852,0.016692,0.004065,-0.016705,0.999855,0.003288,-0.004010,-0.003356,0.999986,1.076330,-0.744782,-0.005302,0.000290,0.001326,0.000065
actions: 1.0,0.197598,-0.266727,0.873547
actions: 1.0,0.544346,-0.124123,0.688524
state: 0.500000,-0.500000,0.010799,0.999857,0.016706,0.002516,-0.016712,0.999857,0.002378,-0.002476,-0.002420,0.999994,0.901044,-0.861992,-0.001083,-0.004795,0.002184,-0.000738
actions: 1.0,-0.208918,-0.393258,0.970546
actions: 1.0,0.478596,-0.256480,0.753634
state: 0.500000,-0.500000,0.013425,0.999851,0.016778,0.004032,-0.016792,0.999852,0.003497,-0.003973,-0.003564,0.999985,1.126779,-0.755819,0.008378,0.000834,-0.003506,-0.000015
actions: 1.0,0.482141,-0.176575,0.694911
actions: 1.0,0.555272,-0.117697,0.660408
state: 0.500000,-0.500000,0.012103,0.999853,0.016799,0.003277,-0.016809,0.999854,0.003056,-0.003226,-0.003110,0.999989,1.028572,-0.810553,0.002344,0.000334,-0.000591,0.000834
actions: 1.0,0.752847,0.020203,0.167027
actions: 1.0,0.614225,-0.121610,0.576884
state: 0.500000,-0.500000,0.010519,0.999856,0.016881,0.001487,-0.016884,0.999855,0.001955,-0.001454,-0.001980,0.999997,0.803153,-0.940370,-0.007438,0.002059,0.000612,-0.000058
actions: 1.0,0.412903,-0.226515,0.733207
actions: 1.0,0.410361,-0.249618,0.757071
state: 0.500000,-0.500000,0.011600,0.999847,0.016946,0.004308,-0.016960,0.999850,0.003440,-0.004249,-0.003513,0.999984,1.181078,-0.752409,-0.000700,-0.001355,-0.000036,-0.002446
actions: 1.0,0.646209,-0.051137,0.414714
actions: 1.0,0.584093,-0.051828,0.545547
state: 0.500000,-0.500000,0.013504,0.999856,0.016922,-0.000078,-0.016922,0.999855,0.001414,0.000102,-0.001413,0.999999,0.645334,-1.034672,0.000577,-0.003162,-0.000606,0.000724
actions: 1.0,0.594384,-0.090651,0.574782
actions: 1.0,0.674373,-0.007830,0.496492
state: 0.500000,-0.500000,0.010966,0.999855,0.016957,-0.001122,-0.016956,0.999856,0.000525,0.001130,-0.000506,0.999999,0.482175,-1.129898,-0.008294,0.000079,0.002659,-0.001997
actions: 1.0,0.442730,-0.225192,0.718802
actions: 1.0,0.641816,-0.139558,0.636967
state: 0.500000,-0.500000,0.013066,0.999855,0.017014,0.000410,-0.017015,0.999854,0.001434,-0.000386,-0.001441,0.999998,0.665375,-1.044921,0.005144,0.000208,-0.004462,-0.003815
actions: 1.0,0.538713,-0.114503,0.600070
actions: 1.0,0.553671,-0.155989,0.625792
state: 0.500000,-0.500000,0.013393,0.999853,0.017109,0.000486,-0.017109,0.999852,0.001571,-0.000459,-0.001580,0.999998,0.702287,-1.045315,0.001867,0.000648,0.000685,-0.002004
actions: 1.0,0.613093,-0.092690,0.563048
actions: 1.0,0.578718,-0.138512,0.622766
state: 0.500000,-0.500000,0.011897,0.999852,0.017141,0.000609,-0.017142,0.999851,0.001670,-0.000580,-0.001680,0.999998,0.720785,-1.037708,-0.002869,-0.001884,-0.003464,-0.002136
actions: 1.0,0.572612,-0.128542,0.599622
actions: 1.0,0.581802,-0.128545,0.613153
state: 0.500000,-0.500000,0.012323,0.999852,0.017195,0.000447,-0.017195,0.999850,0.001760,-0.000417,-0.001768,0.999998,0.706943,-1.054225,-0.002094,-0.002838,-0.000382,0.001354
actions: 1.0,0.582829,-0.143047,0.607367
actions: 1.0,0.578150,-0.146323,0.606923
state: 0.500000,-0.500000,0.012086,0.999851,0.017207,0.000410,-0.017207,0.999850,0.001629,-0.000382,-0.001636,0.999998,0.719060,-1.071433,-0.002429,0.000475,-0.000675,-0.001589
actions: 1.0,0.568284,-0.139158,0.604345
actions: 1.0,0.575184,-0.147911,0.609645
state: 0.500000,-0.500000,0.013251,0.999850,0.017295,0.000399,-0.017296,0.999848,0.001935,-0.000365,-0.001942,0.999998,0.723939,-1.068347,0.002165,-0.001526,-0.001672,-0.001330
actions: 1.0,0.569226,-0.164082,0.603550
actions: 1.0,0.568094,-0.156744,0.598603
state: 0.500000,-0.500000,0.015398,0.999850,0.017310,0.000434,-0.017311,0.999848,0.002062,-0.000398,-0.002069,0.999997,0.736121,-1.084742,0.013419,0.001393,-0.001848,-0.000707
actions: 1.0,0.589645,-0.239294,0.594469
actions: 1.0,0.588032,-0.234414,0.590436
state: 0.500000,-0.500000,0.010461,0.999849,0.017326,0.001135,-0.017328,0.999849,0.001185,-0.001114,-0.001204,0.999998,0.788566,-1.174356,-0.011653,0.003258,-0.000607,0.001818
actions: 1.0,0.586074,-0.186165,0.610573
actions: 1.0,0.555654,-0.046386,0.654165
state: 0.500000,-0.500000,0.011990,0.999849,0.017338,-0.000691,-0.017335,0.999840,0.004309,0.000766,-0.004297,0.999990,0.577303,-0.789664,0.002007,0.001637,0.001698,0.002420
actions: 1.0,0.615815,-0.352451,0.459093
actions: 1.0,0.491094,-0.129539,0.527885
state: 0.500000,-0.500000,0.012101,0.999849,0.017359,0.000210,-0.017360,0.999844,0.002947,-0.000159,-0.002950,0.999995,0.684699,-0.981171,0.003831,-0.003975,-0.000034,-0.005098
actions: 1.0,0.502611,-0.038794,0.617127
actions: 1.0,0.624695,-0.216514,0.628118
state: 0.500000,-0.500000,0.012613,0.999849,0.017331,-0.000256,-0.017330,0.999842,0.003948,0.000324,-0.003943,0.999992,0.625277,-0.867863,-0.001248,0.002578,0.007970,-0.001032
actions: 1.0,0.546967,-0.050739,0.599025
actions: 1.0,0.540239,-0.073751,0.617105
state: 0.500000,-0.500000,0.011638,0.999849,0.017351,-0.000139,-0.017350,0.999842,0.003807,0.000205,-0.003804,0.999992,0.634904,-0.877809,-0.007227,-0.004150,0.006159,-0.003851
actions: 1.0,0.564505,-0.059783,0.621540
actions: 1.0,0.540637,-0.054057,0.618159
state: 0.500000,-0.500000,0.010984,0.999848,0.017424,0.000059,-0.017424,0.999840,0.003971,0.000010,-0.003971,0.999992,0.631674,-0.865554,-0.003555,-0.000526,0.005439,-0.001359
actions: 1.0,0.535504,-0.062310,0.616332
actions: 1.0,0.540159,-0.064604,0.612254
state: 0.500000,-0.500000,0.011575,0.999848,0.017434,0.000105,-0.017435,0.999840,0.003982,-0.000035,-0.003984,0.999992,0.636826,-0.866492,0.002516,0.002064,0.000613,-0.000874
actions: 1.0,0.541953,-0.065477,0.613227
actions: 1.0,0.535788,-0.073030,0.615021
state: 0.500000,-0.500000,0.013740,0.999848,0.017423,0.000252,-0.017423,0.999840,0.003901,-0.000184,-0.003904,0.999992,0.643567,-0.868530,0.011395,-0.002682,0.000361,-0.001302
actions: 1.0,0.550661,-0.072002,0.618354
actions: 1.0,0.548506,-0.075643,0.618137
state: 0.500000,-0.500000,0.012821,0.999848,0.017426,0.000431,-0.017427,0.999840,0.003937,-0.000362,-0.003944,0.999992,0.656951,-0.887021,0.001645,-0.002531,-0.003962,-0.002887
actions: 1.0,0.542937,-0.071790,0.621530
actions: 1.0,0.535546,-0.068809,0.617092
state: 0.500000,-0.500000,0.013613,0.999847,0.017439,0.000414,-0.017440,0.999840,0.003969,-0.000344,-0.003975,0.999992,0.657571,-0.881896,0.005572,0.001750,-0.000009,-0.002952
actions: 1.0,0.539697,-0.076435,0.614484
actions: 1.0,0.548163,-0.078385,0.618578
state: 0.500000,-0.500000,0.012699,0.999847,0.017439,0.000454,-0.017441,0.999840,0.003919,-0.000385,-0.003926,0.999992,0.663554,-0.889642,0.000365,-0.001463,-0.000036,-0.004453
actions: 1.0,0.561190,-0.091508,0.617002
actions: 1.0,0.548501,-0.082186,0.628186
state: 0.500000,-0.500000,0.012202,0.999849,0.017356,0.000572,-0.017358,0.999841,0.003933,-0.000503,-0.003943,0.999992,0.668404,-0.890157,-0.000787,-0.003957,0.003368,-0.003723
actions: 1.0,0.544862,-0.086373,0.618729
actions: 1.0,0.546777,-0.097647,0.620420
state: 0.500000,-0.500000,0.013178,0.999849,0.017365,0.000624,-0.017367,0.999841,0.003861,-0.000556,-0.003871,0.999992,0.678295,-0.898325,0.004029,0.004013,0.001074,-0.004246
actions: 1.0,0.543932,-0.076408,0.628936
actions: 1.0,0.540830,-0.083208,0.629344
state: 0.500000,-0.500000,0.012291,0.999848,0.017397,0.000607,-0.017399,0.999841,0.003856,-0.000540,-0.003866,0.999992,0.679938,-0.896335,0.000951,-0.005220,0.004677,-0.001105
actions: 1.0,0.546846,-0.094790,0.626894
actions: 1.0,0.531969,-0.096649,0.626320
state: 0.500000,-0.500000,0.013063,0.999851,0.017239,0.000579,-0.017241,0.999843,0.003873,-0.000512,-0.003882,0.999992,0.692223,-0.905046,0.006602,-0.001037,0.004348,-0.002927
actions: 1.0,0.553958,-0.096789,0.626556
actions: 1.0,0.560149,-0.108468,0.631775
state: 0.500000,-0.500000,0.010529,0.999850,0.017263,0.000564,-0.017265,0.999843,0.003726,-0.000500,-0.003735,0.999992,0.707742,-0.933931,-0.010009,0.001425,0.001599,-0.000545
actions: 1.0,0.554524,-0.097477,0.630761
actions: 1.0,0.538486,-0.116671,0.612858
state: 0.500000,-0.500000,0.011538,0.999851,0.017246,0.000453,-0.017248,0.999843,0.003960,-0.000385,-0.003968,0.999992,0.703691,-0.914098,0.000878,0.007018,0.000971,0.001784
actions: 1.0,0.544717,-0.101913,0.624756
actions: 1.0,0.550826,-0.110944,0.628698
state: 0.500000,-0.500000,0.011092,0.999851,0.017201,0.000520,-0.017203,0.999843,0.004001,-0.000451,-0.004009,0.999991,0.713721,-0.925226,-0.000612,0.002987,0.001806,-0.001540
actions: 1.0,0.544299,-0.083065,0.632053
actions: 1.0,0.552858,-0.082793,0.639520
state: 0.500000,-0.500000,0.010541,0.999853,0.017121,0.000593,-0.017123,0.999845,0.004037,-0.000524,-0.004046,0.999991,0.704506,-0.902764,-0.000437,-0.001342,-0.001098,0.001049
actions: 1.0,0.546269,-0.101111,0.632637
actions: 1.0,0.550482,-0.118940,0.630409
state: 0.500000,-0.500000,0.011909,0.999852,0.017145,0.000755,-0.017148,0.999845,0.003866,-0.000688,-0.003879,0.999992,0.727214,-0.931195,0.002484,0.006946,0.001044,-0.004386
actions: 1.0,0.553146,-0.102931,0.638282
actions: 1.0,0.546339,-0.108444,0.635434
state: 0.500000,-0.500000,0.012509,0.999853,0.017113,0.000903,-0.017117,0.999846,0.003738,-0.000839,-0.003753,0.999992,0.733047,-0.933894,-0.001526,-0.001511,-0.004141,-0.006218
actions: 1.0,0.538705,-0.113090,0.631536
actions: 1.0,0.533327,-0.107429,0.635915
state: 0.500000,-0.500000,0.013087,0.999853,0.017131,0.000754,-0.017134,0.999845,0.003937,-0.000687,-0.003949,0.999992,0.722535,-0.905364,0.004556,-0.002332,0.008772,-0.001638
actions: 1.0,0.545166,-0.095626,0.645372
actions: 1.0,0.551499,-0.082091,0.643601
state: 0.500000,-0.500000,0.011917,0.999852,0.017180,0.000895,-0.017184,0.999845,0.003795,-0.000830,-0.003810,0.999992,0.725541,-0.905541,-0.004563,-0.002274,-0.001460,0.000127
actions: 1.0,0.549268,-0.116588,0.642066
actions: 1.0,0.529756,-0.130393,0.632190
state: 0.500000,-0.500000,0.013710,0.999851,0.017239,0.000728,-0.017241,0.999844,0.003808,-0.000663,-0.003820,0.999992,0.746031,-0.927104,0.005843,0.001504,-0.003716,-0.002275
actions: 1.0,0.545150,-0.121495,0.637652
actions: 1.0,0.530025,-0.104583,0.639879
state: 0.500000,-0.500000,0.013408,0.999851,0.017204,0.000813,-0.017207,0.999843,0.003995,-0.000744,-0.004008,0.999991,0.743567,-0.910721,0.003744,0.004190,0.003168,0.000581
actions: 1.0,0.539234,-0.122554,0.643571
actions: 1.0,0.550990,-0.102564,0.658341
state: 0.500000,-0.500000,0.010422,0.999851,0.017213,0.000980,-0.017217,0.999844,0.003760,-0.000915,-0.003776,0.999992,0.746747,-0.918136,-0.011346,-0.001409,0.006626,0.000721
actions: 1.0,0.543223,-0.112620,0.647505
actions: 1.0,0.545005,-0.124640,0.645975
state: 0.500000,-0.500000,0.010880,0.999850,0.017258,0.000870,-0.017261,0.999843,0.003866,-0.000803,-0.003880,0.999992,0.758359,-0.926287,-0.003485,0.001607,0.002381,-0.001232
actions: 1.0,0.546960,-0.121174,0.639396
actions: 1.0,0.540749,-0.129089,0.638782
state: 0.500000,-0.500000,0.010863,0.999850,0.017261,0.000824,-0.017264,0.999843,0.003824,-0.000757,-0.003838,0.999992,0.766030,-0.931029,-0.001564,0.001663,-0.001418,-0.001772
actions: 1.0,0.526082,-0.133079,0.638602
actions: 1.0,0.525549,-0.140460,0.639031
state: 0.500000,-0.500000,0.014709,0.999852,0.017125,0.000857,-0.017128,0.999845,0.004008,-0.000788,-0.004023,0.999991,0.781814,-0.936863,0.016298,-0.000253,0.003223,-0.003625
actions: 1.0,0.557337,-0.151203,0.639419
actions: 1.0,0.543851,-0.155693,0.645978
state: 0.500000,-0.500000,0.011841,0.999852,0.017115,0.001054,-0.017119,0.999846,0.003653,-0.000992,-0.003670,0.999992,0.798391,-0.967181,-0.004015,-0.006977,-0.000649,-0.002916
actions: 1.0,0.529108,-0.125462,0.649983
actions: 1.0,0.534420,-0.133025,0.646731
state: 0.500000,-0.500000,0.013629,0.999852,0.017168,0.000788,-0.017171,0.999844,0.004141,-0.000717,-0.004154,0.999991,0.781571,-0.923141,0.003392,0.000176,-0.001445,-0.000047
actions: 1.0,0.521151,-0.225543,0.612319
actions: 1.0,0.519037,-0.121876,0.647589
state: 0.500000,-0.500000,0.013832,0.999854,0.017059,0.000752,-0.017062,0.999845,0.004159,-0.000681,-0.004171,0.999991,0.792125,-0.929677,0.005659,-0.007580,0.000463,-0.004378
actions: 1.0,0.527672,-0.092836,0.662145
actions: 1.0,0.540030,-0.168503,0.649291
state: 0.500000,-0.500000,0.012793,0.999854,0.017064,0.000813,-0.017067,0.999845,0.004117,-0.000742,-0.004130,0.999991,0.793163,-0.928771,0.000958,0.006535,-0.002025,-0.001709
actions: 1.0,0.538624,-0.123688,0.635795
actions: 1.0,0.527568,-0.139182,0.658723
state: 0.500000,-0.500000,0.012393,0.999854,0.017036,0.000890,-0.017040,0.999845,0.004299,-0.000817,-0.004314,0.999990,0.787280,-0.907716,0.002271,0.003688,0.003620,-0.002168
actions: 1.0,0.525264,-0.129817,0.651285
actions: 1.0,0.523713,-0.132104,0.655413
state: 0.500000,-0.500000,0.014366,0.999854,0.017044,0.000788,-0.017048,0.999845,0.004294,-0.000715,-0.004307,0.999990,0.799310,-0.913540,0.004637,-0.003269,0.002074,0.000059
actions: 1.0,0.516648,-0.134003,0.655098
actions: 1.0,0.519306,-0.123946,0.658680
state: 0.500000,-0.500000,0.014750,0.999853,0.017120,0.000865,-0.017124,0.999843,0.004500,-0.000788,-0.004514,0.999989,0.803050,-0.910688,0.004464,-0.003900,0.003925,-0.003836
actions: 1.0,0.519277,-0.123571,0.659731
actions: 1.0,0.554925,-0.069071,0.680489
state: 0.500000,-0.500000,0.011803,0.999852,0.017121,0.000988,-0.017125,0.999842,0.004562,-0.000909,-0.004578,0.999989,0.790229,-0.893754,-0.013500,-0.000841,0.001709,0.000044
actions: 1.0,0.537696,-0.119605,0.659985
actions: 1.0,0.535519,-0.140697,0.652193
state: 0.500000,-0.500000,0.010754,0.999852,0.017153,0.000966,-0.017158,0.999841,0.004693,-0.000885,-0.004709,0.999988,0.811677,-0.919872,-0.008874,0.004319,-0.002297,-0.001331
actions: 1.0,0.522708,-0.141150,0.661203
actions: 1.0,0.529213,-0.138015,0.658303
state: 0.500000,-0.500000,0.011652,0.999852,0.017140,0.001059,-0.017144,0.999842,0.004585,-0.000980,-0.004603,0.999988,0.823755,-0.916304,-0.003046,0.001875,-0.002044,0.000425
actions: 1.0,0.512425,-0.098266,0.657094
actions: 1.0,0.501968,-0.202651,0.648819
state: 0.500000,-0.500000,0.016269,0.999852,0.017130,0.000941,-0.017134,0.999841,0.004734,-0.000860,-0.004749,0.999988,0.863397,-0.949515,0.020591,-0.001134,-0.000150,0.001250
actions: 1.0,0.508180,-0.159320,0.646889
actions: 1.0,0.135516,-0.799959,0.005832
state: 0.500000,-0.500000,0.013160,0.999846,0.017113,0.003737,-0.017115,0.999853,0.000476,-0.003728,-0.000540,0.999992,1.235028,-1.555069,-0.013991,0.000329,0.002217,-0.004367
actions: 1.0,0.554820,-0.280515,0.633714
actions: 1.0,0.563516,-0.384701,0.663943
state: 0.500000,-0.500000,0.011019,0.999849,0.017165,0.002563,-0.017171,0.999849,0.002496,-0.002520,-0.002539,0.999993,1.046657,-1.232878,-0.014828,-0.004393,0.003143,-0.002163
actions: 1.0,0.487130,-0.222258,0.654026
actions: 1.0,0.518689,-0.309271,0.636878
state: 0.500000,-0.500000,0.011913,0.999848,0.017264,0.002038,-0.017270,0.999846,0.003115,-0.001984,-0.003149,0.999993,0.993389,-1.139240,-0.001775,0.003639,0.003580,-0.000725
actions: 1.0,0.496270,-0.346337,0.632084
actions: 1.0,0.518573,-0.275491,0.652504
state: 0.500000,-0.500000,0.012680,0.999847,0.017318,0.002231,-0.017325,0.999845,0.003001,-0.002179,-0.003039,0.999992,1.032609,-1.179062,0.003558,-0.002108,-0.001514,-0.004056
actions: 1.0,0.511704,-0.338479,0.643999
actions: 1.0,0.530263,-0.273384,0.671474
state: 0.500000,-0.500000,0.012507,0.999846,0.017400,0.002069,-0.017406,0.999843,0.003167,-0.002014,-0.003203,0.999992,1.024601,-1.159639,0.003288,-0.001125,-0.001935,0.000771
actions: 1.0,0.525736,-0.277555,0.661556
actions: 1.0,0.522159,-0.277034,0.662549
state: 0.500000,-0.500000,0.011828,0.999845,0.017424,0.002116,-0.017430,0.999843,0.003153,-0.002061,-0.003190,0.999992,1.027617,-1.163853,-0.001166,-0.003030,0.001477,-0.006270
actions: 1.0,0.504725,-0.308124,0.660406
actions: 1.0,0.522925,-0.298258,0.654773
state: 0.500000,-0.500000,0.012275,0.999844,0.017496,0.002088,-0.017502,0.999842,0.003035,-0.002035,-0.003071,0.999993,1.059189,-1.198798,-0.000935,0.003145,0.001419,-0.002355
actions: 1.0,0.524071,-0.287384,0.663445
actions: 1.0,0.523881,-0.296706,0.674476
state: 0.500000,-0.500000,0.011337,0.999845,0.017476,0.001952,-0.017482,0.999842,0.003203,-0.001896,-0.003237,0.999992,1.050523,-1.171963,-0.002407,0.001204,0.004724,-0.002009
actions: 1.0,0.511538,-0.298826,0.651597
actions: 1.0,0.510889,-0.321665,0.648416
state: 0.500000,-0.500000,0.013217,0.999846,0.017435,0.002020,-0.017441,0.999843,0.002969,-0.001968,-0.003004,0.999993,1.086977,-1.216369,0.005643,0.006830,0.001898,-0.001445
actions: 1.0,0.519008,-0.317497,0.658964
actions: 1.0,0.525554,-0.195426,0.733379
state: 0.500000,-0.500000,0.012333,0.999845,0.017468,0.002047,-0.017474,0.999842,0.002973,-0.001995,-0.003008,0.999993,1.076241,-1.193067,-0.002716,-0.004788,-0.000104,-0.002980
actions: 1.0,0.520522,-0.296213,0.672704
actions: 1.0,0.495365,-0.344328,0.635177
state: 0.500000,-0.500000,0.014211,0.999844,0.017558,0.001918,-0.017563,0.999841,0.002907,-0.001867,-0.002940,0.999993,1.104357,-1.228180,0.007421,-0.001655,-0.000688,-0.004865
actions: 1.0,0.497639,-0.307837,0.653837
actions: 1.0,0.521735,-0.319654,0.664760
state: 0.500000,-0.500000,0.012167,0.999843,0.017588,0.001930,-0.017595,0.999839,0.003273,-0.001872,-0.003306,0.999992,1.104118,-1.209008,-0.005450,-0.000033,0.001403,-0.000134
actions: 1.0,0.507604,-0.316242,0.660702
actions: 1.0,0.504781,-0.319173,0.667192
state: 0.500000,-0.500000,0.012544,0.999842,0.017642,0.001937,-0.017648,0.999838,0.003309,-0.001878,-0.003342,0.999992,1.112343,-1.206438,0.002472,-0.001071,0.000959,-0.003014
actions: 1.0,0.507254,-0.311122,0.664969
actions: 1.0,0.502924,-0.321716,0.663477
state: 0.500000,-0.500000,0.012078,0.999842,0.017672,0.001848,-0.017678,0.999838,0.003382,-0.001788,-0.003414,0.999992,1.120971,-1.215282,-0.001645,-0.001623,0.002774,-0.000209
actions: 1.0,0.496088,-0.318460,0.677781
actions: 1.0,0.498500,-0.329676,0.659577
state: 0.500000,-0.500000,0.013212,0.999843,0.017582,0.001811,-0.017588,0.999839,0.003490,-0.001749,-0.003521,0.999992,1.129758,-1.211150,0.009210,0.001824,-0.004216,-0.001876
actions: 1.0,0.509551,-0.307445,0.672607
actions: 1.0,0.501483,-0.325020,0.663261
state: 0.500000,-0.500000,0.012137,0.999844,0.017546,0.001760,-0.017552,0.999840,0.003428,-0.001700,-0.003458,0.999992,1.128276,-1.214438,-0.001289,0.004079,0.000362,-0.002591
actions: 1.0,0.506051,-0.326507,0.657052
actions: 1.0,0.497382,-0.333175,0.661886
state: 0.500000,-0.500000,0.011710,0.999844,0.017547,0.001885,-0.017553,0.999840,0.003338,-0.001826,-0.003370,0.999992,1.141331,-1.231280,-0.002065,-0.000397,0.002293,-0.000242
actions: 1.0,0.499084,-0.316673,0.672756
actions: 1.0,0.483599,-0.349872,0.661704
state: 0.500000,-0.500000,0.012946,0.999845,0.017493,0.001866,-0.017500,0.999840,0.003458,-0.001805,-0.003490,0.999992,1.151930,-1.224333,0.007452,0.000535,0.001822,-0.003505
actions: 1.0,0.481814,-0.340495,0.657660
actions: 1.0,0.503595,-0.317326,0.663589
state: 0.500000,-0.500000,0.012942,0.999845,0.017514,0.001643,-0.017520,0.999839,0.003658,-0.001579,-0.003686,0.999991,1.129085,-1.208438,0.000323,0.001951,0.001982,0.000123
actions: 1.0,0.473762,-0.358564,0.678718
actions: 1.0,0.472578,-0.361967,0.665543
state: 0.500000,-0.500000,0.010666,0.999844,0.017506,0.002241,-0.017514,0.999841,0.003354,-0.002182,-0.003392,0.999991,1.195068,-1.237190,-0.009596,-0.002921,0.002162,-0.000879
actions: 1.0,0.510971,-0.310927,0.666345
actions: 1.0,0.498720,-0.330687,0.668209
state: 0.500000,-0.500000,0.012893,0.999845,0.017461,0.001872,-0.017468,0.999840,0.003718,-0.001806,-0.003750,0.999991,1.184908,-1.227308,0.007481,-0.002417,-0.001532,-0.003162
actions: 1.0,0.525903,-0.295016,0.642639
actions: 1.0,0.490657,-0.326351,0.663174
state: 0.500000,-0.500000,0.013288,0.999846,0.017464,0.001627,-0.017470,0.999840,0.003772,-0.001561,-0.003800,0.999991,1.142538,-1.219971,0.004866,-0.002553,-0.001590,-0.007562
actions: 1.0,0.462104,-0.358350,0.672350
actions: 1.0,0.529600,-0.314014,0.656914
state: 0.500000,-0.500000,0.012795,0.999847,0.017379,0.001764,-0.017386,0.999841,0.003784,-0.001698,-0.003814,0.999991,1.134763,-1.225221,-0.003346,0.000628,0.000753,-0.003099
actions: 1.0,0.491018,-0.321327,0.656514
actions: 1.0,0.504407,-0.345388,0.671452
state: 0.500000,-0.500000,0.012065,0.999846,0.017417,0.001822,-0.017424,0.999840,0.003881,-0.001754,-0.003912,0.999990,1.155306,-1.223131,-0.003853,0.000439,-0.000719,-0.001665
actions: 1.0,0.490415,-0.333955,0.656407
actions: 1.0,0.481929,-0.346162,0.663589
state: 0.500000,-0.500000,0.013051,0.999846,0.017437,0.001643,-0.017443,0.999840,0.003842,-0.001576,-0.003870,0.999991,1.167294,-1.224332,0.004265,-0.001273,-0.002612,-0.001088
actions: 1.0,0.478878,-0.346288,0.661594
actions: 1.0,0.491948,-0.324531,0.672721
state: 0.500000,-0.500000,0.011695,0.999846,0.017437,0.001657,-0.017443,0.999840,0.003902,-0.001588,-0.003930,0.999991,1.160958,-1.210582,-0.003209,0.000240,-0.000592,-0.000961
actions: 1.0,0.520539,-0.234523,0.718415
actions: 1.0,0.535774,-0.009591,0.805672
state: 0.500000,-0.500000,0.010592,0.999848,0.017409,0.000760,-0.017413,0.999833,0.005483,-0.000665,-0.005496,0.999984,1.011939,-0.941652,-0.010191,-0.000808,-0.001242,-0.000561
actions: 1.0,-0.103834,-0.756166,0.134875
actions: 0.715533,-0.966981,0.766017,0.963385
state: 0.500000,0.500000,0.012169,0.999846,0.017382,-0.002334,-0.017347,0.999744,0.014522,0.002586,-0.014480,0.999891,0.492304,0.577221,-0.022919,0.000176,0.004459,0.000779
actions: 1.0,0.750581,-0.542482,0.843272
actions: 1.0,0.370997,-0.164287,0.738601
state: 0.500000,-0.500000,0.013032,0.999849,0.017349,-0.000519,-0.017344,0.999811,0.008781,0.000671,-0.008771,0.999961,0.823552,-0.355081,-0.002870,-0.000072,-0.000862,0.000618
actions: 1.0,0.306504,-0.101586,0.812352
actions: 1.0,0.366942,-0.024417,0.730936
state: 0.500000,-0.500000,0.012348,0.999848,0.017364,-0.000677,-0.017358,0.999811,0.008661,0.000827,-0.008648,0.999962,0.815532,-0.375706,-0.002799,0.001213,-0.001516,-0.000878
actions: 1.0,0.389224,-0.006080,0.713649
actions: 1.0,0.401253,0.008032,0.725863
state: 0.500000,-0.500000,0.010623,0.999848,0.017410,-0.000624,-0.017404,0.999813,0.008320,0.000769,-0.008308,0.999965,0.821287,-0.404160,-0.007763,-0.002535,-0.003838,0.000146
actions: 1.0,0.373663,-0.007023,0.732636
actions: 1.0,0.407987,0.021619,0.661784
state: 0.500000,-0.500000,0.014212,0.999847,0.017470,-0.000763,-0.017463,0.999812,0.008384,0.000910,-0.008370,0.999964,0.809493,-0.379623,0.012548,0.004028,-0.002871,0.001065
actions: 1.0,0.351823,0.002878,0.724390
actions: 1.0,0.391875,0.005662,0.701282
state: 0.500000,-0.500000,0.014650,0.999846,0.017497,-0.000590,-0.017491,0.999812,0.008297,0.000735,-0.008285,0.999965,0.783139,-0.397817,0.006035,0.002514,-0.001250,-0.001894
actions: 1.0,0.413101,0.017330,0.702878
actions: 1.0,0.415426,-0.009991,0.709978
state: 0.500000,-0.500000,0.010722,0.999846,0.017529,-0.000424,-0.017525,0.999814,0.007993,0.000564,-0.007984,0.999968,0.807942,-0.411231,-0.011576,-0.003816,-0.002257,0.001821
actions: 1.0,0.408595,0.018817,0.686083
actions: 1.0,0.262224,-0.037580,0.789135
state: 0.500000,-0.500000,0.014557,0.999846,0.017499,0.000386,-0.017502,0.999811,0.008368,-0.000239,-0.008373,0.999964,0.952334,-0.297131,0.005044,-0.001521,0.001532,-0.003144
actions: 1.0,-0.595072,-0.312877,0.942256
actions: 1.0,0.987827,0.539952,-0.648440
state: 0.500000,-0.500000,0.012683,0.999845,0.017567,-0.000680,-0.017561,0.999815,0.007850,0.000818,-0.007836,0.999968,0.807328,-0.359432,-0.004652,0.000944,0.006681,-0.001813
actions: 1.0,0.122888,0.162076,0.757275
actions: 1.0,0.272169,-0.075597,0.836651
state: 0.500000,-0.500000,0.012496,0.999846,0.017491,0.000480,-0.017494,0.999812,0.008311,-0.000334,-0.008318,0.999965,1.018802,-0.261994,-0.000745,-0.001662,0.001943,-0.001060
actions: 1.0,0.358407,-0.017448,0.719575
actions: 1.0,0.132741,-0.026361,0.847047
state: 0.500000,-0.500000,0.012402,0.999845,0.017436,0.002294,-0.017456,0.999808,0.008855,-0.002139,-0.008894,0.999958,1.300605,-0.140229,-0.002819,-0.002004,-0.001965,-0.000964
actions: 1.0,0.085235,-0.032131,0.756523
actions: 1.0,0.160426,-0.101674,0.824433
state: 0.500000,-0.500000,0.012583,0.999846,0.017405,0.002207,-0.017424,0.999810,0.008631,-0.002057,-0.008668,0.999960,1.272227,-0.152192,-0.000538,0.003988,0.000007,-0.002364
actions: 1.0,0.226850,0.000854,0.742986
actions: 1.0,0.120153,-0.046460,0.800781
state: 0.500000,-0.500000,0.013434,0.999846,0.017431,0.001991,-0.017447,0.999811,0.008472,-0.001842,-0.008506,0.999962,1.258879,-0.150696,0.004905,-0.005225,-0.004733,-0.001854
actions: 1.0,0.096483,-0.063591,0.787004
actions: 1.0,0.143768,-0.061644,0.789460
state: 0.500000,-0.500000,0.012262,0.999846,0.017401,0.001902,-0.017416,0.999812,0.008444,-0.001755,-0.008476,0.999962,1.235412,-0.179937,-0.008844,-0.000591,0.002547,-0.000293
actions: 1.0,0.145893,-0.056374,0.791912
actions: 1.0,0.149491,-0.064619,0.794815
state: 0.500000,-0.500000,0.012370,0.999846,0.017421,0.001985,-0.017438,0.999812,0.008379,-0.001839,-0.008413,0.999962,1.264017,-0.167031,-0.003187,-0.002742,-0.000864,-0.004168
actions: 1.0,0.131801,-0.058082,0.787099
actions: 1.0,0.102365,-0.055119,0.805466
state: 0.500000,-0.500000,0.014155,0.999847,0.017388,0.001890,-0.017403,0.999814,0.008297,-0.001745,-0.008329,0.999963,1.279586,-0.149749,0.007298,-0.003353,0.003089,-0.001431
actions: 1.0,0.126583,-0.063350,0.788613
actions: 1.0,0.119310,-0.066438,0.790085
state: 0.500000,-0.500000,0.014157,0.999848,0.017281,0.001899,-0.017297,0.999815,0.008360,-0.001755,-0.008392,0.999963,1.287619,-0.158096,0.003000,0.004103,-0.001305,0.000003
actions: 1.0,0.111783,-0.068442,0.789234
actions: 1.0,0.161814,-0.067062,0.782140
state: 0.500000,-0.500000,0.011841,0.999851,0.017153,0.001899,-0.017168,0.999817,0.008347,-0.001756,-0.008378,0.999963,1.281072,-0.172910,-0.009215,0.001961,0.000818,-0.001203
actions: 1.0,0.124596,-0.052832,0.764684
actions: 1.0,0.700627,0.734494,0.579274
state: 0.500000,-0.500000,0.011936,0.999282,0.026139,-0.027394,-0.025883,0.999618,0.009647,0.027635,-0.008931,0.999578,1.267104,-0.144828,0.046233,-0.104475,-2.200120,-0.712676
actions: -0.953964,-0.949942,0.843112,1.0
actions: 0.072153,-0.972382,-1.0,-0.830431
state: 0.500000,-0.500000,0.078150,0.887307,0.311419,-0.340150,-0.081262,0.831607,0.549385,0.453960,-0.459833,0.763198,-0.350399,0.622374,0.961720,3.599375,3.468950,0.493402
actions: -0.997419,-0.742951,-0.973105,-0.881060
ESTKALMAN: State out of bounds, resetting
actions: 0.988054,0.962639,0.999977,0.709281
state: 0.002617,-0.001249,0.179542,0.986612,0.060742,0.151346,-0.034400,0.984680,-0.170943,-0.159411,0.163448,0.973587,-0.006511,0.022885,-0.633830,0.634602,-0.692642,-0.157189
actions: 0.800490,0.062772,1.0,-0.310166
actions: -0.177023,-0.582784,0.090689,-0.564262
state: -0.008326,0.003956,0.134305,0.998533,0.011004,-0.053012,-0.014130,0.998160,-0.058959,0.052266,0.059621,0.996851,0.013869,-0.109227,-0.175646,0.064159,-0.253118,0.069041
actions: -0.360351,-0.137220,0.217589,-0.504440
actions: 0.038234,-0.634206,0.395304,0.183084
state: -0.008585,0.000091,0.160197,0.996330,0.005514,-0.085407,-0.001949,0.999125,0.041775,0.085562,-0.041455,0.995469,0.045318,-0.062217,0.086942,-1.171876,0.593926,0.149158
actions: -0.679877,0.718148,0.198440,0.494282
actions: -0.614861,-0.643678,0.687099,0.944142
state: -0.006253,0.052482,0.166242,0.997675,-0.009319,-0.067506,0.036197,0.911778,0.409082,0.057738,-0.410575,0.909996,0.081605,0.155174,-0.054308,-3.342245,0.347366,-0.144376
actions: -0.172661,-0.639150,0.295456,-0.111779
actions: -0.751248,-0.983326,0.222448,-0.558789
state: 0.007376,0.147647,0.153463,0.993267,-0.106224,-0.046227,0.092342,0.485016,0.869614,-0.069953,-0.868028,0.491560,0.130931,0.297950,0.063226,0.382273,0.005990,0.462023
actions: -0.842766,-0.571862,-0.237946,-0.018042
actions: -0.348413,-0.235535,-0.019017,0.220701
state: 0.020687,0.202904,0.156556,0.999902,-0.007242,-0.011940,0.013961,0.536780,0.843605,0.000299,-0.843689,0.536829,0.134890,0.276888,0.038899,0.308307,0.200943,-0.097729
actions: -0.788813,-0.697410,-0.231893,0.028800
actions: -0.965184,0.361507,-0.606512,0.491215
state: 0.020611,0.228670,0.161964,0.997500,0.068677,-0.016641,-0.029735,0.621575,0.782789,0.064103,-0.780337,0.622063,0.082967,0.165270,0.046521,1.075859,-0.262489,-0.959736
actions: -0.849915,-0.090384,-0.299420,0.371693
actions: -0.842342,0.393392,-0.377451,0.362767
state: 0.006868,0.215380,0.166834,0.995939,0.072248,-0.053716,-0.014283,0.715899,0.698056,0.088889,-0.694454,0.714024,0.016795,-0.049961,0.025264,0.502057,-0.458549,-0.613627
actions: -0.572870,-0.146233,0.043534,0.041473
actions: -0.332727,-0.370295,-0.168888,-0.474684
state: -0.003767,0.206441,0.163806,0.983022,0.135461,-0.123765,-0.052503,0.853975,0.517656,0.175814,-0.502369,0.846589,-0.017519,-0.173768,0.040021,1.460470,0.288373,-0.298180
actions: 0.226635,0.142126,-0.035978,-0.173455
actions: 0.233684,0.901544,-0.869480,-0.462405
state: -0.034403,0.055624,0.163845,0.948321,0.200551,-0.245896,-0.183362,0.978809,0.091156,0.258967,-0.041357,0.965000,-0.086083,-0.561312,0.053472,4.476816,0.630425,-1.415249
actions: 1.0,1.0,-1.0,-0.999980
actions: 0.975329,0.995342,0.925260,-0.032052
state: -0.043559,-0.268290,0.145866,0.960193,-0.078797,-0.267991,-0.242266,0.242659,-0.939372,0.139050,0.966904,0.213909,-0.057840,-0.977423,-0.194703,1.239722,-1.198275,0.044141
actions: 0.996424,0.999951,-0.881348,-0.968453
actions: 0.210759,0.999920,-0.940456,-0.931901
state: -0.062084,-0.469890,0.143958,0.910948,-0.094927,-0.401449,-0.389851,0.120057,-0.913016,0.134867,0.988216,0.072358,-0.060446,-1.163792,0.138342,0.693500,-0.382845,-1.139925
actions: 0.998911,0.879428,-0.483817,-0.788916
actions: 0.780280,0.986256,-0.524549,-0.556339
state: -0.074334,-0.500000,0.171910,0.931644,-0.014829,-0.363067,-0.359238,0.112651,-0.926419,0.054637,0.993522,0.099623,-0.002627,-1.201398,0.159525,-1.077016,0.123438,-0.546900
actions: 0.626163,0.887465,-0.803176,-0.805939
actions: 0.689336,0.640544,-0.386972,-0.511185
state: -0.104745,-0.500000,0.241544,0.920966,0.038387,-0.387745,-0.388241,0.174680,-0.904849,0.032995,0.983874,0.175778,-0.056582,-1.198784,0.232747,-0.966379,0.209290,0.315262
actions: 0.301258,0.981466,-0.999985,-0.943331
actions: 0.272803,0.895794,-0.891369,-0.815419
state: -0.144466,-0.500000,0.279160,0.907520,0.122316,-0.401801,-0.417278,0.153706,-0.895683,-0.047797,0.980515,0.190531,-0.080322,-1.175576,0.225828,0.161341,-0.423036,0.032954
actions: 0.649043,0.888010,-0.644211,-0.891086
actions: 0.397198,0.885811,-0.269995,-0.618424
state: -0.211108,-0.500000,0.308136,0.913685,0.030062,-0.405308,-0.399303,0.252225,-0.881439,0.075730,0.967199,0.242459,-0.151065,-1.006434,0.152122,-0.603475,0.484890,0.619255
actions: 0.767633,0.178131,0.999997,0.254053
actions: -0.125006,0.428269,1.0,0.420528
state: -0.208036,-0.500000,0.239620,0.956942,-0.053194,-0.285362,-0.085806,0.887296,-0.453146,0.277306,0.458120,0.844527,-0.133388,0.229762,-0.300518,-6.929218,-0.654683,1.809231
actions: 0.279837,1.0,1.0,-0.973080
actions: 0.727394,0.986509,0.981323,-0.640541
state: -0.210737,-0.500000,0.120803,0.670148,-0.018922,-0.741985,0.058107,0.997944,0.027031,0.739948,-0.061230,0.669870,-0.096509,0.412493,-0.159304,1.761868,-0.597869,0.515624
actions: 0.483505,0.949036,0.977857,0.147705
actions: 0.455581,0.950440,0.947925,-0.358391
state: -0.202763,-0.500000,0.116633,0.664872,-0.040387,-0.745863,0.034873,0.999126,-0.023015,0.746141,-0.010709,0.665699,-0.024993,0.368127,-0.013193,0.351352,0.605000,-0.019778
actions: 0.212568,0.971613,0.863936,-0.354385
actions: 0.087604,0.965507,0.849537,-0.107025
state: -0.191650,-0.500000,0.111232,0.683133,-0.011860,-0.730196,-0.068532,0.994414,-0.080267,0.727069,0.104875,0.678505,0.085578,0.244982,-0.017803,0.181352,-0.114530,-0.490944
actions: -0.399758,0.715585,0.197637,0.270492
actions: 0.656605,-0.903930,0.369716,0.196600
state: -0.185771,-0.500000,0.133073,0.843207,0.100224,-0.528162,-0.109873,0.993858,0.013182,0.526239,0.046916,0.849040,0.147346,0.159313,0.247594,-2.625377,4.027773,0.473062
actions: 0.999851,-0.907573,-0.999281,0.953908
actions: 0.941633,-0.872009,0.636050,-0.458721
state: -0.041677,-0.500000,0.178911,0.913215,-0.106350,0.393353,-0.063527,0.916376,0.395245,-0.402493,-0.385933,0.830092,0.469377,0.152830,0.027137,-1.285371,0.473852,2.265836
actions: 0.553658,-0.054657,0.017847,0.210036
actions: 0.311806,-0.104042,-0.363631,0.547060
state: 0.024367,-0.500000,0.185850,0.895926,-0.155950,0.415926,-0.038608,0.905463,0.422663,-0.442521,-0.394734,0.805207,0.369097,0.255686,0.013925,0.146582,0.027818,-0.479314
actions: 0.106421,0.091652,-0.485635,0.318890
actions: 0.177620,-0.338470,-0.313016,0.145543
state: 0.045707,-0.500000,0.187496,0.931960,-0.103783,0.347388,-0.032660,0.930227,0.365527,-0.361086,-0.352003,0.863545,0.192458,0.125496,0.040412,0.088439,-0.115970,-0.097548
actions: 0.331375,-0.254297,0.000271,-0.044859
actions: 0.334466,-0.195994,-0.158898,-0.278830
state: 0.047935,-0.500000,0.191815,0.947140,-0.069690,0.313159,-0.045383,0.937200,0.345824,-0.317593,-0.341756,0.884497,0.087874,0.051327,0.050575,0.403268,-0.161956,-0.013745
actions: 0.316714,0.123959,-0.311668,0.190504
actions: 0.135396,0.226271,-0.400218,0.055975
state: 0.037576,-0.500000,0.189728,0.961597,-0.048759,0.270095,-0.042767,0.945452,0.322940,-0.271109,-0.322090,0.907059,-0.033863,-0.020466,-0.015174,0.403333,-0.215035,-0.316909
actions: -0.347056,0.327643,-0.343231,-0.070463
actions: -0.527432,0.938176,-0.491445,-0.728637
state: 0.006282,-0.500000,0.184191,0.991190,0.060244,0.117952,-0.080402,0.981386,0.174403,-0.105249,-0.182350,0.977584,-0.204998,-0.108145,0.002718,2.973524,-1.908498,-1.026815
actions: -0.848130,0.999994,-0.637924,-0.987806
actions: -1.0,1.0,0.456337,0.360512
state: -0.088445,-0.500000,0.134299,0.695652,-0.011003,-0.718292,-0.259973,0.928255,-0.265999,0.669685,0.371781,0.642882,-0.275410,-0.136333,-0.299151,-0.511520,-4.475207,-4.840604
actions: -0.482509,1.0,0.987348,0.193229
actions: 0.299919,1.0,0.473048,-0.545243
state: -0.156002,-0.500000,0.153910,0.533864,0.000719,-0.845568,-0.338222,0.916699,-0.212761,0.774978,0.399577,0.489636,-0.326302,-0.283226,0.128135,0.276231,0.072117,0.071152
actions: 0.692366,0.999080,0.897136,-0.157383
actions: 0.268883,0.993043,0.869461,-0.159763
state: -0.185379,-0.500000,0.153401,0.564605,-0.006775,-0.825332,-0.287002,0.935951,-0.204019,0.773853,0.352062,0.526498,-0.217095,-0.225305,0.087916,-0.442042,0.283210,0.174760
actions: -0.135786,0.998552,0.325614,-0.128836
actions: 0.167390,0.968223,0.874832,-0.241194
state: -0.188185,-0.500000,0.153109,0.608111,-0.007663,-0.793813,-0.240509,0.951178,-0.193428,0.756540,0.308546,0.576579,-0.101195,-0.142962,0.040270,-0.063213,0.266317,0.185013
actions: 0.386892,0.848475,0.938773,-0.379736
actions: 0.867188,0.470818,0.963017,-0.102783
state: -0.149028,-0.500000,0.137084,0.696355,-0.014650,-0.717546,-0.143164,0.976862,-0.158881,0.703271,0.213365,0.678146,0.117789,0.000518,-0.072945,-0.151106,0.933435,0.793019
actions: -0.411880,1.0,-0.643638,-0.930963
actions: 0.978601,0.942375,-0.818024,-0.702165
state: -0.115595,-0.500000,0.116396,0.860145,-0.049804,-0.507610,-0.152599,0.924505,-0.349287,0.486685,0.377899,0.787609,0.184407,-0.143750,-0.049376,3.761619,3.568238,-0.532432
actions: 0.770923,0.999573,0.079206,-0.852390
actions: 0.502380,0.721248,-0.115655,-0.668481
state: -0.168765,-0.500000,0.171535,0.962881,-0.184615,-0.196916,-0.121335,0.355627,-0.926716,0.241115,0.916211,0.320026,0.029399,-0.228736,0.186564,0.870549,0.446314,0.225865
actions: 0.482885,0.296474,-0.580418,-0.361876
actions: 0.834139,0.554174,0.279036,-0.384031
state: -0.151861,-0.500000,0.181321,0.979841,-0.198600,-0.021623,0.065912,0.423564,-0.903463,0.188587,0.883825,0.428116,0.170559,-0.038299,0.117577,-1.188640,0.322824,0.132858
actions: 0.735595,0.560550,0.860695,0.375008
actions: -0.019215,-0.616675,1.0,-0.031821
state: -0.221368,-0.500000,0.135993,0.955298,-0.261414,-0.138086,0.144010,0.819367,-0.554884,0.258198,0.510194,0.820386,-0.049652,0.575992,-0.210787,-5.138603,-0.959104,1.810975
actions: 0.375421,-0.954739,0.999822,1.0
actions: -0.414609,0.848574,0.502713,-0.234019
state: -0.190019,-0.382320,0.107997,0.947159,-0.257928,-0.190684,0.314479,0.629633,0.710396,-0.063170,-0.732825,0.677477,0.067421,1.034655,-0.166056,-1.489645,-0.758673,-0.614503
actions: -0.558785,-0.492328,0.068078,-0.914653
actions: 0.191211,0.470809,0.661358,-0.009966
state: -0.225364,-0.394950,0.132074,0.945949,-0.222269,-0.236169,0.317726,0.781169,0.537422,0.065035,-0.583411,0.809568,-0.080528,0.565191,0.049186,1.715854,-0.736328,-0.410211
actions: 0.630036,0.998930,0.984127,-0.282630
actions: 0.823583,0.980757,0.846251,0.329672
state: -0.218359,-0.500000,0.087904,0.912071,-0.230581,-0.339053,0.277404,0.955932,0.096126,0.301947,-0.181729,0.935843,-0.010355,-0.139656,-0.223938,1.108958,0.164723,-0.864443
actions: 0.676242,0.173466,0.830357,0.002978
actions: 0.599084,-0.993496,-0.965604,-0.503883
state: -0.219978,-0.500000,0.107152,0.969908,-0.196632,-0.143576,0.209968,0.974057,0.084407,0.123254,-0.112014,0.986033,0.103670,0.002376,0.802789,0.339725,6.569557,0.010976
actions: 0.988826,1.0,0.872529,-0.820710
actions: 0.300085,0.999992,1.0,0.979838
state: -0.214973,-0.500000,0.079853,0.922854,-0.168375,-0.346394,0.070989,0.958331,-0.276696,0.378549,0.230759,0.896353,-0.075038,0.012640,-0.689931,-3.179613,-3.808434,1.147520
actions: 1.0,-0.955867,-0.999702,-0.147547
actions: 0.986876,1.0,0.997971,-0.999803
state: -0.164956,-0.500000,0.141333,0.971539,-0.042450,0.233042,0.111153,0.950473,-0.290251,-0.209179,0.307894,0.928140,0.068871,0.111348,-0.648097,5.288212,-5.249334,0.904241
actions: 0.999211,-0.493146,1.0,0.928556
actions: 0.881278,-0.989313,-0.643943,0.201302
state: -0.198666,-0.472443,0.137852,0.994597,-0.052714,-0.089428,0.062044,0.992537,0.104977,0.083227,-0.109958,0.990445,0.098452,0.352566,0.964543,-2.394813,6.819145,0.634280
actions: 0.999575,1.0,0.998870,-0.995254
actions: 0.977554,0.997008,1.0,0.981349
state: -0.254229,-0.454153,0.037575,0.791288,-0.167065,-0.588176,0.043323,0.974849,-0.218611,0.609905,0.147502,0.778625,-0.086530,0.169404,-1.071797,-1.540592,-1.713589,1.692721
actions: 0.223266,0.546197,0.997911,-0.570105
actions: 0.505580,-0.364413,0.790380,-0.416845
state: -0.236675,-0.443660,0.062446,0.944460,-0.137209,-0.298611,0.131562,0.990539,-0.039035,0.301141,-0.002418,0.953576,-0.049719,0.044053,0.220875,-0.409398,1.575919,0.437972
actions: 0.525199,0.588204,0.585826,0.016373
actions: 0.588834,0.570177,0.251427,0.298519
state: -0.228972,-0.442294,0.064849,0.966363,-0.164058,-0.198053,0.151631,0.985475,-0.076463,0.207721,0.043859,0.977204,0.075726,-0.003465,-0.024185,0.298042,1.224203,-0.152560
actions: 0.832362,-0.100979,0.613048,0.173072
actions: 0.892447,0.582870,0.648704,0.159466
state: -0.212887,-0.448202,0.042163,0.978602,-0.196481,-0.061087,0.194642,0.980257,-0.034779,0.066715,0.022144,0.997526,0.095254,-0.046238,-0.094104,-0.238447,0.874728,0.057477
actions: 0.812459,0.104142,0.492581,0.045284
actions: 0.635927,0.481763,0.583056,0.499737
state: -0.200672,-0.437252,0.019500,0.984511,-0.152685,0.086163,0.150591,0.988130,0.030332,-0.089772,-0.016886,0.995819,0.072992,0.022625,-0.123043,-0.452325,0.524910,-0.456567
actions: 0.752622,0.569257,0.893821,0.100535
actions: 0.927831,0.390898,0.811629,-0.342875
state: -0.215800,-0.427962,-0.004042,0.994330,-0.104835,0.017772,0.103982,0.993624,0.043566,-0.022226,-0.041471,0.998892,-0.034437,0.012903,-0.109339,0.977900,-0.281409,0.370161
actions: 0.480649,0.658797,0.940555,0.118495
actions: 0.497122,0.364666,0.469452,-0.311253
state: -0.243016,-0.427945,0.012307,0.993472,-0.112440,-0.019218,0.112726,0.993520,0.014490,0.017464,-0.016562,0.999710,-0.129195,-0.010542,0.107932,0.317020,-0.020878,0.027148
actions: 0.427806,0.348094,0.632564,-0.150193
actions: 0.634592,0.455454,0.766268,0.038525
state: -0.270120,-0.431537,0.018037,0.993841,-0.109255,-0.018479,0.109224,0.994013,-0.002697,0.018663,0.000661,0.999825,-0.148819,-0.028388,0.050079,-0.002660,-0.003648,0.007534
actions: 0.617049,0.546685,0.763292,-0.020484
actions: 0.596843,0.525802,0.748804,-0.022621
state: -0.302676,-0.439543,0.014588,0.994128,-0.106651,-0.018293,0.106622,0.994296,-0.002591,0.018465,0.000625,0.999829,-0.173980,-0.050617,0.000020,0.002025,-0.003006,-0.002604
actions: 0.602838,0.545494,0.754034,-0.025335
actions: 0.620729,0.599710,0.785158,-0.009898
state: -0.340339,-0.451827,0.011645,0.994390,-0.104234,-0.017935,0.104210,0.994552,-0.002272,0.018074,0.000391,0.999836,-0.200099,-0.071266,-0.011305,-0.001561,-0.003018,-0.003993
actions: 0.607082,0.603769,0.782329,-0.045750
actions: 0.599954,0.633238,0.787642,-0.057067
state: -0.383346,-0.468244,0.010712,0.994643,-0.101871,-0.017511,0.101849,0.994797,-0.002113,0.017635,0.000318,0.999844,-0.225413,-0.091264,-0.006946,0.001460,-0.001655,-0.000714
actions: 0.473776,0.597149,0.740103,-0.167812
actions: 0.586926,0.695521,0.798803,-0.083850
state: -0.431024,-0.488610,0.012322,0.994887,-0.099514,-0.017197,0.099494,0.995036,-0.002031,0.017314,0.000310,0.999850,-0.248884,-0.111591,0.000432,-0.006658,-0.001024,0.001229
actions: 0.577281,0.662292,0.800938,-0.153305
actions: 0.564413,0.719783,0.809574,-0.152472
state: -0.483520,-0.500000,0.013156,0.994920,-0.099234,-0.016914,0.099216,0.995064,-0.001874,0.017017,0.000187,0.999855,-0.271484,-0.129626,0.002526,0.006397,-0.013518,0.026739
actions: 0.365909,0.901475,0.775646,-0.068540
actions: 0.464166,0.590682,0.658682,-0.252313
state: -0.500000,-0.500000,0.019375,0.994247,-0.065823,-0.084497,0.066258,0.997799,0.002352,0.084156,-0.007937,0.996420,-0.304795,-0.147973,0.095311,-0.071946,-0.035627,-0.069964
actions: 0.616784,0.219916,0.655533,0.138270
actions: 0.133674,0.136359,0.346225,-0.297475
state: -0.230766,-0.403760,0.018542,0.997130,-0.061274,-0.044466,0.063276,0.996975,0.045126,0.041566,-0.047811,0.997991,0.120752,0.041256,0.150658,-0.035088,-0.114156,-0.009757
actions: -0.286958,0.039675,0.114231,-0.666725
actions: -0.381885,-0.547503,-0.153628,-0.620726
state: -0.262433,-0.419534,0.108457,0.995915,-0.067072,-0.060444,0.069789,0.996590,0.044009,0.057286,-0.048047,0.997200,0.026942,-0.012738,0.446974,-0.237942,0.482410,0.163590
actions: -0.168414,0.237575,0.097751,-0.336036
actions: 0.148680,0.035457,0.248419,-0.291826
state: -0.251406,-0.409576,0.175302,0.991824,-0.126599,-0.016023,0.127179,0.990957,0.042771,0.010463,-0.044459,0.998956,0.039836,0.048907,0.167965,0.315764,0.243032,0.220216
actions: 0.060924,0.193318,0.622616,-0.126854
actions: 0.129041,0.159384,0.556278,-0.323683
state: -0.248528,-0.407388,0.183141,0.991193,-0.119185,-0.057701,0.122931,0.990189,0.066432,0.049218,-0.072940,0.996121,-0.002880,0.009892,0.006262,-0.179660,-0.305387,-0.010054
actions: 0.058939,0.210728,0.453014,-0.310022
actions: 0.119326,0.163472,0.402532,-0.244328
state: -0.253372,-0.406879,0.181581,0.990496,-0.113371,-0.077870,0.118584,0.990752,0.065935,0.069674,-0.074542,0.994780,-0.026012,-0.004595,0.001067,0.181388,0.171765,-0.016950
actions: 0.105408,0.197398,0.341986,-0.242301
actions: 0.352807,0.278484,0.488632,-0.210281
state: -0.254554,-0.424334,0.177131,0.991784,-0.101464,-0.077894,0.102201,0.994748,0.005516,0.076925,-0.013431,0.996946,-0.011193,-0.099408,-0.026723,0.253325,0.077499,-0.020293
actions: 0.201858,0.291187,0.348139,-0.219047
actions: 0.290326,-0.112330,0.329458,-0.233813
state: -0.244416,-0.432839,0.171772,0.993879,-0.087674,-0.067212,0.085312,0.995658,-0.037237,0.070185,0.031275,0.997043,0.051024,-0.071466,-0.006630,0.051579,0.194763,-0.002704
actions: 0.249674,0.214600,0.397994,-0.220919
actions: 0.153143,0.194364,0.397342,-0.188809
state: -0.238931,-0.425503,0.171269,0.995824,-0.079058,-0.045652,0.078901,0.996868,-0.005232,0.045923,0.001608,0.998943,0.040326,0.004925,-0.014601,-0.112287,-0.015931,-0.108965
actions: 0.185579,0.233148,0.441286,-0.232487
actions: 0.502438,0.168798,0.502076,-0.090847
state: -0.235261,-0.426953,0.162978,0.998233,-0.053202,-0.026461,0.053116,0.998580,-0.003930,0.026633,0.002518,0.999642,0.034217,-0.007803,-0.095182,0.158082,0.359843,0.009386
actions: 0.714533,0.657974,0.569664,0.163662
actions: 0.928798,0.510543,0.951036,0.341863
state: -0.229194,-0.429122,0.115849,0.998974,-0.042478,0.015657,0.043032,0.998390,-0.036941,-0.014063,0.037577,0.999194,0.040780,-0.013459,-0.399481,-0.300008,0.043533,0.089546
actions: 0.902060,0.809175,0.999301,0.216625
actions: 0.747415,0.529370,0.975903,0.374735
state: -0.235741,-0.408078,0.023681,0.996043,-0.066175,-0.059312,0.070541,0.994698,0.074819,0.054047,-0.078707,0.995431,0.030101,0.094795,-0.357069,-0.568290,-0.421495,0.051802
actions: 0.603394,0.326167,0.706976,-0.127328
actions: 0.719085,0.240479,0.582680,-0.137226
state: -0.240018,-0.405590,-0.006212,0.996985,-0.048722,-0.060377,0.052621,0.996512,0.064761,0.057011,-0.067743,0.996072,-0.017821,0.009656,-0.044251,0.578089,0.390465,0.197816
actions: 0.213059,0.081560,0.268300,0.051456
actions: 0.441322,0.417541,0.605871,0.017608
state: -0.254459,-0.405653,0.017988,0.999140,-0.041044,-0.005835,0.041038,0.999156,-0.001185,0.005878,0.000945,0.999982,-0.069908,-0.007988,0.073192,0.002147,-0.000814,0.021324
actions: 0.582725,0.439019,0.687817,0.032450
actions: 0.530810,0.430257,0.616326,0.007403
state: -0.267942,-0.409572,0.015149,0.998943,-0.045587,-0.005835,0.045581,0.998959,-0.001152,0.005881,0.000885,0.999982,-0.069200,-0.027619,0.014272,-0.000325,-0.000474,-0.002067
actions: 0.567932,0.442283,0.659070,0.014138
actions: 0.575098,0.448195,0.666019,-0.000574
state: -0.282093,-0.417149,0.011893,0.999062,-0.042898,-0.005803,0.042892,0.999079,-0.001159,0.005848,0.000909,0.999982,-0.070857,-0.046976,-0.003200,0.001163,0.004068,-0.000865
actions: 0.587781,0.466183,0.681295,0.017905
actions: 0.527551,0.437679,0.642197,-0.052752
state: -0.296574,-0.428447,0.013300,0.999114,-0.041709,-0.005563,0.041703,0.999129,-0.001033,0.005601,0.000800,0.999983,-0.072798,-0.065582,0.005490,-0.001643,-0.001207,-0.004311
actions: 0.542807,0.449157,0.643496,-0.040796
actions: 0.595277,0.504609,0.687491,-0.004923
state: -0.311297,-0.443534,0.012353,0.999162,-0.040549,-0.005424,0.040545,0.999177,-0.000912,0.005456,0.000692,0.999984,-0.073735,-0.084044,-0.001054,0.001420,-0.001705,0.001765
actions: 0.562346,0.499899,0.662869,-0.041283
actions: 0.618441,0.537095,0.695861,-0.000262
state: -0.326441,-0.462338,0.013356,0.999206,-0.039458,-0.005346,0.039455,0.999221,-0.000785,0.005373,0.000574,0.999985,-0.076426,-0.102331,-0.001609,-0.003536,0.002693,0.001266
actions: 0.612480,0.540726,0.697118,-0.026545
actions: 0.589282,0.535819,0.670395,-0.057102
state: -0.341877,-0.484781,0.012195,0.999253,-0.038299,-0.005056,0.038296,0.999266,-0.000679,0.005079,0.000484,0.999986,-0.077697,-0.121189,-0.001248,-0.000539,0.001934,-0.001799
actions: 0.618086,0.569006,0.689160,-0.043686
actions: 0.589064,0.550994,0.678655,-0.070647
state: -0.357673,-0.500000,0.012269,0.999295,-0.037229,-0.004810,0.037226,0.999306,-0.000611,0.004830,0.000431,0.999988,-0.078232,-0.140049,0.002176,-0.004408,0.001043,0.002981
actions: 0.563825,0.536994,0.648996,-0.091842
actions: 0.610368,0.588186,0.694041,-0.062348
state: -0.373575,-0.500000,0.012315,0.999333,-0.036217,-0.004609,0.036215,0.999343,-0.000507,0.004625,0.000339,0.999989,-0.079196,-0.158677,-0.001609,0.000146,-0.000024,-0.003331
actions: 0.571295,0.571302,0.669625,-0.092390
actions: 0.598942,0.600428,0.687997,-0.060453
state: -0.389497,-0.500000,0.012374,0.999368,-0.035243,-0.004555,0.035242,0.999378,-0.000347,0.004564,0.000187,0.999989,-0.079657,-0.176622,-0.000858,-0.000822,0.001587,-0.000761
actions: 0.599520,0.608124,0.687029,-0.068866
actions: 0.574373,0.591728,0.668956,-0.097402
state: -0.405613,-0.500000,0.014566,0.999404,-0.034219,-0.004346,0.034218,0.999414,-0.000284,0.004353,0.000135,0.999990,-0.079147,-0.195539,0.006768,0.000049,0.000620,-0.003261
actions: 0.564092,0.601122,0.665508,-0.109086
actions: 0.568859,0.602326,0.672175,-0.106966
state: -0.421591,-0.500000,0.014086,0.999439,-0.033223,-0.004208,0.033222,0.999447,-0.000163,0.004211,0.000023,0.999991,-0.080354,-0.213509,0.002973,-0.000334,0.002032,0.000757
actions: 0.596801,0.635704,0.696398,-0.087921
actions: 0.559877,0.627236,0.678595,-0.115868
state: -0.437669,-0.500000,0.013379,0.999472,-0.032201,-0.004176,0.032200,0.999481,-0.000183,0.004180,0.000049,0.999991,-0.079743,-0.231891,0.002151,0.001332,0.000188,-0.000967
actions: 0.608308,0.654513,0.698564,-0.079903
actions: 0.581171,0.645709,0.691264,-0.112491
state: -0.453623,-0.500000,0.012532,0.999503,-0.031243,-0.004200,0.031242,0.999511,-0.000121,0.004201,-0.000009,0.999991,-0.078201,-0.249711,-0.002762,-0.002641,0.000509,-0.001876
actions: 0.575346,0.655505,0.683873,-0.104337
actions: 0.563807,0.649900,0.682601,-0.132489
state: -0.469389,-0.500000,0.012629,0.999533,-0.030250,-0.004228,0.030250,0.999542,-0.000143,0.004230,0.000015,0.999991,-0.078183,-0.266711,-0.000228,-0.001146,-0.001362,-0.003088
actions: 0.562826,0.661796,0.680001,-0.142116
actions: 0.545699,0.659324,0.666702,-0.142211
state: -0.485281,-0.500000,0.014681,0.999562,-0.029267,-0.004218,0.029267,0.999571,-0.000235,0.004223,0.000111,0.999991,-0.077474,-0.283192,0.009585,-0.000175,0.005135,-0.005723
actions: 0.592551,0.691870,0.708365,-0.120556
actions: 0.624089,0.715476,0.721315,-0.099072
state: -0.500000,-0.500000,0.010498,0.999589,-0.028356,-0.004135,0.028356,0.999597,-0.000066,0.004135,-0.000050,0.999991,-0.076561,-0.300749,-0.012501,0.000182,0.002393,0.000970
actions: 0.560758,0.662463,0.673996,-0.156673
actions: 0.574038,0.678939,0.680119,-0.145213
state: -0.500000,-0.500000,0.012851,0.999614,-0.027467,-0.004059,0.027466,0.999622,-0.000167,0.004062,0.000055,0.999991,-0.075653,-0.316181,0.002362,-0.001101,0.002571,-0.000579
actions: 0.559499,0.685515,0.679063,-0.164130
actions: 0.581618,0.688417,0.684930,-0.144025
state: -0.500000,-0.500000,0.013583,0.999638,-0.026613,-0.003934,0.026612,0.999645,-0.000193,0.003937,0.000088,0.999992,-0.074676,-0.334493,0.001386,0.002527,0.002186,0.000992
actions: 0.595179,0.690614,0.693296,-0.150378
actions: 0.568508,0.679891,0.666319,-0.160658
state: -0.500000,-0.500000,0.013801,0.999660,-0.025756,-0.003942,0.025756,0.999668,-0.000105,0.003943,0.000004,0.999992,-0.073728,-0.352028,0.004448,-0.001751,0.001549,-0.005976
actions: 0.631460,0.712955,0.703771,-0.121346
actions: 0.619126,0.707538,0.699352,-0.131751
state: -0.500000,-0.500000,0.011744,0.999683,-0.024857,-0.003872,0.024856,0.999691,-0.000152,0.003874,0.000056,0.999992,-0.072615,-0.370247,-0.004423,-0.002492,0.001444,0.001445
actions: 0.607630,0.706289,0.688066,-0.142567
actions: 0.623084,0.714613,0.691957,-0.133318
state: -0.500000,-0.500000,0.011226,0.999705,-0.023994,-0.003628,0.023994,0.999712,-0.000085,0.003629,-0.000001,0.999993,-0.071373,-0.389147,-0.008222,0.001940,0.004576,-0.005337
actions: 0.539403,0.666315,0.638575,-0.213870
actions: 0.593075,0.698441,0.671285,-0.160079
state: -0.500000,-0.500000,0.014201,0.999727,-0.023112,-0.003422,0.023112,0.999732,0.000016,0.003420,-0.000095,0.999994,-0.070209,-0.404993,0.006519,-0.000993,-0.001154,-0.002675
actions: 0.616112,0.710250,0.685181,-0.152361
actions: 0.605003,0.705983,0.673397,-0.162762
state: -0.500000,-0.500000,0.012868,0.999746,-0.022270,-0.003400,0.022270,0.999752,0.000014,0.003399,-0.000090,0.999994,-0.068066,-0.421691,0.000802,0.002986,-0.002007,-0.002685
actions: 0.619108,0.712326,0.677366,-0.143516
actions: 0.644037,0.726665,0.696802,-0.138347
state: -0.500000,-0.500000,0.011686,0.999764,-0.021440,-0.003259,0.021440,0.999770,-0.000060,0.003259,-0.000009,0.999994,-0.065153,-0.439013,-0.006771,-0.000959,0.001186,0.001056
actions: 0.623349,0.716064,0.675861,-0.162866
actions: 0.641074,0.720361,0.680659,-0.152856
state: -0.500000,-0.500000,0.011269,0.999781,-0.020642,-0.003159,0.020643,0.999786,0.000034,0.003158,-0.000099,0.999995,-0.062553,-0.456934,-0.006100,0.000857,0.000877,-0.002375
actions: 0.596587,0.696701,0.652601,-0.186554
actions: 0.604546,0.701117,0.651497,-0.178279
state: -0.500000,-0.500000,0.012446,0.999799,-0.019789,-0.002947,0.019789,0.999804,0.000053,0.002946,-0.000111,0.999995,-0.059531,-0.471403,0.005111,-0.003519,0.001366,-0.004273
actions: 0.625639,0.711722,0.665180,-0.171455
actions: 0.669703,0.735145,0.683728,-0.123810
state: -0.500000,-0.500000,0.012324,0.999812,-0.019170,-0.002862,0.019170,0.999816,0.000056,0.002860,-0.000111,0.999995,-0.056506,-0.487828,-0.000819,0.000407,-0.000263,-0.000296
actions: 0.651294,0.731490,0.678530,-0.155959
actions: 0.635381,0.716219,0.660681,-0.176644
state: -0.500000,-0.500000,0.011145,0.999826,-0.018436,-0.002767,0.018437,0.999829,0.000225,0.002762,-0.000276,0.999996,-0.052315,-0.503895,-0.002710,-0.002305,0.003375,-0.001525
actions: 0.632344,0.711382,0.656840,-0.180880
actions: 0.619889,0.709741,0.650953,-0.197871
state: -0.500000,-0.500000,0.011721,0.999840,-0.017696,-0.002573,0.017696,0.999843,0.000223,0.002569,-0.000269,0.999996,-0.049232,-0.520167,0.003638,-0.002442,-0.000371,-0.001242
actions: 0.643866,0.719558,0.657285,-0.185437
actions: 0.628858,0.721872,0.645521,-0.182273
state: -0.500000,-0.500000,0.013918,0.999851,-0.017049,-0.002574,0.017050,0.999854,0.000355,0.002567,-0.000399,0.999996,-0.046131,-0.534498,0.008960,-0.001448,-0.000114,-0.003984
actions: 0.632753,0.708020,0.647842,-0.190465
actions: 0.658811,0.729045,0.668223,-0.175314
state: -0.500000,-0.500000,0.012600,0.999864,-0.016283,-0.002503,0.016284,0.999867,0.000433,0.002496,-0.000473,0.999996,-0.040866,-0.553420,-0.000788,-0.001661,-0.003269,0.001874
actions: 0.660487,0.733095,0.663460,-0.172760
actions: 0.656874,0.726091,0.655413,-0.187481
state: -0.500000,-0.500000,0.012086,0.999875,-0.015602,-0.002359,0.015603,0.999878,0.000340,0.002353,-0.000377,0.999997,-0.036735,-0.570012,-0.002019,-0.001313,-0.001832,-0.001492
actions: 0.603002,0.709815,0.626116,-0.229169
actions: 0.674755,0.736646,0.660023,-0.169414
state: -0.500000,-0.500000,0.012319,0.999885,-0.014937,-0.002338,0.014938,0.999888,0.000621,0.002329,-0.000656,0.999997,-0.031972,-0.586447,-0.001483,-0.006641,-0.001515,-0.002866
actions: 0.643255,0.719993,0.631887,-0.195293
actions: 0.637440,0.716735,0.622315,-0.204360
state: -0.500000,-0.500000,0.014607,0.999896,-0.014229,-0.002310,0.014231,0.999898,0.000733,0.002299,-0.000765,0.999997,-0.028688,-0.599294,0.009569,0.001284,0.001367,-0.003062
actions: 0.661342,0.733572,0.643705,-0.196736
actions: 0.688233,0.748323,0.658466,-0.175540
state: -0.500000,-0.500000,0.012029,0.999906,-0.013556,-0.002037,0.013557,0.999907,0.000719,0.002027,-0.000746,0.999997,-0.023323,-0.617764,-0.005633,-0.002350,0.000646,-0.001787
actions: 0.660133,0.724113,0.628926,-0.205943
actions: 0.668384,0.730387,0.625405,-0.195155
state: -0.500000,-0.500000,0.012694,0.999914,-0.012939,-0.001953,0.012941,0.999915,0.000809,0.001942,-0.000835,0.999997,-0.020247,-0.632218,0.000404,0.004131,0.009138,-0.001664
actions: 0.659831,0.728253,0.629555,-0.217760
actions: 0.673716,0.734979,0.634147,-0.197273
state: -0.500000,-0.500000,0.012674,0.999921,-0.012352,-0.001906,0.012354,0.999923,0.000726,0.001897,-0.000749,0.999997,-0.014728,-0.647387,-0.000002,-0.001848,0.000575,-0.000063
actions: 0.658232,0.726678,0.614413,-0.210558
actions: 0.698758,0.748658,0.646956,-0.187947
state: -0.500000,-0.500000,0.011464,0.999928,-0.011840,-0.001864,0.011841,0.999929,0.000870,0.001854,-0.000892,0.999997,-0.009083,-0.664082,-0.005231,-0.000279,-0.003752,0.000549
actions: 0.656177,0.721166,0.610743,-0.222844
actions: 0.696479,0.754092,0.632686,-0.195608
state: -0.500000,-0.500000,0.011770,0.999935,-0.011258,-0.001790,0.011260,0.999935,0.001161,0.001776,-0.001181,0.999997,-0.005052,-0.676049,-0.005018,0.002217,-0.001734,-0.004104
actions: 0.714807,0.759839,0.651007,-0.181797
actions: 0.658544,0.718061,0.617864,-0.242593
state: -0.500000,-0.500000,0.011176,0.999941,-0.010640,-0.001728,0.010642,0.999942,0.001016,0.001717,-0.001035,0.999998,-0.001435,-0.689105,-0.000459,-0.001354,-0.001982,0.004597
actions: 0.693386,0.743997,0.624581,-0.210953
actions: 0.681328,0.733595,0.612176,-0.212507
state: -0.500000,-0.500000,0.011500,0.999948,-0.010057,-0.001674,0.010059,0.999948,0.001059,0.001663,-0.001076,0.999998,0.002505,-0.704348,0.003260,-0.001867,0.000129,-0.003969
actions: 0.700388,0.748157,0.624171,-0.202914
actions: 0.694636,0.736514,0.611650,-0.205386
state: -0.500000,-0.500000,0.013419,0.999954,-0.009441,-0.001547,0.009443,0.999954,0.001280,0.001535,-0.001295,0.999998,0.008074,-0.717978,0.008164,-0.005011,0.002807,-0.003380
actions: 0.714485,0.753214,0.627947,-0.202793
actions: 0.724224,0.762900,0.630204,-0.204243
state: -0.500000,-0.500000,0.011285,0.999959,-0.008860,-0.001495,0.008862,0.999959,0.001272,0.001483,-0.001286,0.999998,0.014386,-0.735675,-0.006208,0.007689,-0.003394,0.000558
actions: 0.696048,0.735841,0.607474,-0.226727
actions: 0.699018,0.738106,0.604246,-0.228685
state: -0.500000,-0.500000,0.012221,0.999964,-0.008270,-0.001537,0.008272,0.999964,0.001288,0.001526,-0.001300,0.999998,0.020132,-0.747225,0.000718,-0.000477,0.001376,-0.003329
actions: 0.678186,0.732684,0.586510,-0.235723
actions: 0.700026,0.743063,0.595598,-0.225027
state: -0.500000,-0.500000,0.013375,0.999969,-0.007710,-0.001535,0.007712,0.999969,0.001201,0.001526,-0.001213,0.999998,0.024850,-0.760959,0.003626,0.000270,0.001544,-0.004664
actions: 0.712847,0.753333,0.603050,-0.215077
actions: 0.707811,0.748261,0.597193,-0.221861
state: -0.500000,-0.500000,0.012792,0.999973,-0.007187,-0.001447,0.007188,0.999973,0.001149,0.001439,-0.001159,0.999998,0.031024,-0.778177,-0.000280,-0.002216,0.002204,-0.002115
actions: 0.677787,0.723289,0.573725,-0.252883
actions: 0.716598,0.751724,0.595315,-0.218045
state: -0.500000,-0.500000,0.014031,0.999976,-0.006718,-0.001468,0.006720,0.999976,0.001379,0.001459,-0.001389,0.999998,0.034548,-0.789456,0.001693,-0.003332,0.005649,-0.004375
actions: 0.728320,0.762918,0.609169,-0.217802
actions: 0.709147,0.746569,0.577811,-0.231447
state: -0.500000,-0.500000,0.012890,0.999979,-0.006215,-0.001398,0.006217,0.999979,0.001293,0.001390,-0.001301,0.999998,0.040384,-0.802949,-0.001049,0.003254,0.001974,-0.004398
actions: 0.726666,0.743238,0.596918,-0.228690
actions: 0.734156,0.756637,0.597490,-0.228250
state: -0.500000,-0.500000,0.010948,0.999982,-0.005677,-0.001367,0.005679,0.999983,0.001157,0.001360,-0.001165,0.999998,0.046799,-0.817952,-0.004831,0.000137,-0.000203,-0.000733
actions: 0.734986,0.761882,0.597375,-0.224122
actions: 0.696927,0.732864,0.559243,-0.246658
state: -0.500000,-0.500000,0.013115,0.999985,-0.005213,-0.001338,0.005215,0.999985,0.001421,0.001330,-0.001428,0.999998,0.048388,-0.824524,0.009924,-0.003778,-0.001892,-0.002602
actions: 0.728877,0.757508,0.586669,-0.229844
actions: 0.760636,0.770418,0.598622,-0.214823
state: -0.500000,-0.500000,0.013407,0.999988,-0.004709,-0.001214,0.004711,0.999988,0.001169,0.001209,-0.001175,0.999998,0.056783,-0.842048,-0.000199,0.002558,-0.003176,-0.001851
actions: 0.730556,0.756078,0.565662,-0.229085
actions: 0.741402,0.756849,0.585883,-0.239501
state: -0.500000,-0.500000,0.013088,0.999990,-0.004303,-0.001097,0.004304,0.999990,0.001070,0.001092,-0.001074,0.999998,0.064962,-0.859628,-0.002997,0.002343,-0.004912,0.000401
actions: 0.750895,0.753234,0.583855,-0.227455
actions: 0.698010,0.734787,0.556104,-0.266720
state: -0.500000,-0.500000,0.013340,0.999991,-0.003904,-0.001062,0.003905,0.999991,0.001275,0.001057,-0.001279,0.999998,0.069005,-0.868665,0.004541,-0.005257,-0.001737,-0.003614
actions: 0.738946,0.751193,0.573546,-0.245840
actions: 0.733965,0.751680,0.568209,-0.246738
state: -0.500000,-0.500000,0.013466,0.999993,-0.003516,-0.001037,0.003517,0.999992,0.001272,0.001033,-0.001275,0.999998,0.076008,-0.883994,0.002739,-0.002464,-0.004988,-0.000934
actions: 0.768689,0.770250,0.590427,-0.228549
actions: 0.762884,0.766543,0.575865,-0.228710
state: -0.500000,-0.500000,0.012774,0.999994,-0.003100,-0.000985,0.003101,0.999994,0.001364,0.000981,-0.001367,0.999998,0.081504,-0.897435,-0.003927,-0.005107,-0.001665,-0.004586
actions: 0.751950,0.755783,0.558094,-0.247865
actions: 0.771449,0.767884,0.581656,-0.232305
state: -0.500000,-0.500000,0.011301,0.999995,-0.002709,-0.000841,0.002710,0.999995,0.001537,0.000837,-0.001539,0.999998,0.088399,-0.913386,-0.008377,-0.000518,-0.000235,-0.001312
actions: 0.758657,0.753729,0.563687,-0.242624
actions: 0.740526,0.743262,0.547019,-0.260766
state: -0.500000,-0.500000,0.013583,0.999996,-0.002352,-0.000849,0.002353,0.999995,0.001715,0.000844,-0.001717,0.999998,0.090834,-0.918217,0.005974,0.001032,0.000124,0.001089
actions: 0.757484,0.758632,0.563125,-0.247328
actions: 0.789846,0.782352,0.581285,-0.231992
state: -0.500000,-0.500000,0.011494,0.999997,-0.001913,-0.000733,0.001914,0.999996,0.001592,0.000730,-0.001593,0.999998,0.101638,-0.936131,-0.010122,0.000047,-0.001178,-0.001316
actions: 0.726781,0.742068,0.531382,-0.285677
actions: 0.748652,0.742336,0.536899,-0.272650
state: -0.500000,-0.500000,0.013503,0.999998,-0.001534,-0.000827,0.001535,0.999997,0.001716,0.000825,-0.001717,0.999998,0.104617,-0.945127,0.003340,0.002395,-0.003284,0.002531
actions: 0.759230,0.760651,0.538623,-0.253756
actions: 0.756780,0.754642,0.538072,-0.257086
state: -0.500000,-0.500000,0.012619,0.999999,-0.001094,-0.000789,0.001095,0.999997,0.001757,0.000787,-0.001758,0.999998,0.109866,-0.954743,0.000541,-0.002393,0.003611,-0.001648
actions: 0.776980,0.763279,0.555077,-0.249428
actions: 0.766651,0.754325,0.542698,-0.258481
state: -0.500000,-0.500000,0.012184,0.999999,-0.000772,-0.000827,0.000774,0.999997,0.001929,0.000825,-0.001930,0.999997,0.115926,-0.965630,0.001047,-0.000516,0.002407,0.001498
actions: 0.764222,0.760271,0.538778,-0.264725
actions: 0.758688,0.752038,0.529210,-0.268677
state: -0.500000,-0.500000,0.014360,0.999999,-0.000410,-0.000843,0.000412,0.999998,0.001965,0.000842,-0.001966,0.999997,0.122861,-0.979692,0.007705,-0.005997,0.000565,-0.002150
actions: 0.749773,0.753360,0.540375,-0.286340
actions: 0.765949,0.759965,0.531357,-0.264535
state: -0.500000,-0.500000,0.013027,0.999999,-0.000091,-0.000783,0.000092,0.999997,0.002089,0.000783,-0.002089,0.999997,0.127065,-0.986818,0.002682,-0.003530,0.001851,-0.005139
actions: 0.724803,0.724078,0.493505,-0.301460
actions: 0.776398,0.761327,0.537528,-0.275853
state: -0.488560,-0.500000,0.013219,0.999999,0.000244,-0.000706,-0.000242,0.999997,0.002234,0.000707,-0.002234,0.999997,0.132202,-0.992372,0.001370,0.003592,0.002330,-0.001629
actions: 0.799422,0.747399,0.532134,-0.253729
actions: 0.833268,0.729574,0.523464,-0.233263
state: -0.451350,-0.500000,0.012113,0.999999,0.000628,-0.000552,-0.000627,0.999997,0.002040,0.000553,-0.002039,0.999997,0.141185,-1.009880,-0.005917,0.001228,0.000947,-0.004278
actions: 0.776197,0.730044,0.501405,-0.263535
actions: 0.822059,0.724618,0.518501,-0.236620
state: -0.446763,-0.500000,0.013365,0.999999,0.000971,-0.000690,-0.000970,0.999997,0.002227,0.000692,-0.002227,0.999997,0.144484,-1.010710,-0.000849,0.003286,-0.003862,-0.003441
actions: 0.818439,0.724065,0.511612,-0.251068
actions: 0.818792,0.708412,0.496839,-0.244328
state: -0.423050,-0.500000,0.014077,0.999998,0.001308,-0.000695,-0.001306,0.999996,0.002237,0.000698,-0.002236,0.999997,0.151141,-1.022409,0.003326,-0.003737,-0.000648,-0.000153
actions: 0.878221,0.700825,0.489830,-0.191725
actions: 0.856075,0.712069,0.498571,-0.216945
state: -0.389376,-0.500000,0.012052,0.999998,0.001603,-0.000626,-0.001601,0.999996,0.002276,0.000630,-0.002275,0.999997,0.158283,-1.035438,-0.002159,0.000388,0.000139,-0.002527
actions: 0.848904,0.687811,0.481325,-0.233010
